!SESSION 2022-04-05 09:04:30.572 -----------------------------------------------
eclipse.buildId=unknown
java.version=1.8.0_332
java.vendor=Oracle Corporation
BootLoader constants: OS=linux, ARCH=x86_64, WS=gtk, NL=en_US
Command-line arguments:  -data /home/usman/.config/coc/extensions/coc-java-data/jdt_ws_bdcf44d009f653134f2dc338892416de

This is a continuation of log file /home/usman/.config/coc/extensions/coc-java-data/jdt_ws_bdcf44d009f653134f2dc338892416de/.metadata/.bak_0.log
Created Time: 2022-04-05 09:04:32.122

!ENTRY org.eclipse.jdt.ls.core 1 0 2022-04-05 09:04:32.122
!MESSAGE >> initialization job finished

!ENTRY org.eclipse.jdt.ls.core 1 0 2022-04-05 09:04:32.126
!MESSAGE >> workspace/didChangeConfiguration

!ENTRY org.eclipse.jdt.ls.core 1 0 2022-04-05 09:04:32.128
!MESSAGE >> java/buildWorkspace (incremental)

!ENTRY org.eclipse.jdt.ls.core 1 0 2022-04-05 09:04:32.136
!MESSAGE >> New configuration: {java={enabled=true, jdt={ls={vmargs=-noverify -Xmx1G -XX:+UseG1GC -XX:+UseStringDeduplication}}, errors={incompleteClasspath={severity=warning}}, configuration={checkProjectSettingsExclusions=true, updateBuildConfiguration=interactive, runtimes=[]}, trace={server=off}, import={gradle={enabled=true, wrapper={enabled=true}, offline={enabled=false}}, maven={enabled=true}, exclusions=[**/node_modules/**, **/.metadata/**, **/archetype-resources/**, **/META-INF/maven/**]}, maven={updateSnapshots=false, downloadSources=false}, referencesCodeLens={enabled=false}, signatureHelp={enabled=false}, implementationsCodeLens={enabled=false}, format={enabled=true, comments={enabled=true}, onType={enabled=true, fixComment={enabled=true}}}, saveActions={organizeImports=false}, project={referencedLibraries=[lib/**/*.jar], resourceFilters=[node_modules, .git]}, autobuild={enabled=true}, maxConcurrentBuilds=1.0, completion={maxResults=0.0, enabled=true, overwrite=true, guessMethodArguments=false, favoriteStaticMembers=[org.junit.Assert.*, org.junit.Assume.*, org.junit.jupiter.api.Assertions.*, org.junit.jupiter.api.Assumptions.*, org.junit.jupiter.api.DynamicContainer.*, org.junit.jupiter.api.DynamicTest.*, org.mockito.Mockito.*, org.mockito.ArgumentMatchers.*, org.mockito.Answers.*], filteredTypes=[java.awt.*, com.sun.*], importOrder=[java, javax, com, org]}, progressReports={enabled=true}, foldingRange={enabled=true}, codeGeneration={hashCodeEquals={useJava7Objects=false, useInstanceof=false}, useBlocks=false, generateComments=false, toString={template=${object.className} [${member.name()}=${member.value}, ${otherMembers}], codeStyle=STRING_CONCATENATION, skipNullValues=false, listArrayContents=true, limitElements=0.0}}, selectionRange={enabled=true}, sources={organizeImports={starThreshold=99.0, staticStarThreshold=99.0}}, templates={fileHeader=[], typeComment=[]}, references={includeAccessors=true}}}

!ENTRY org.eclipse.jdt.ls.core 1 0 2022-04-05 09:04:32.137
!MESSAGE >> document/didOpen

!ENTRY org.eclipse.jdt.ls.core 4 0 2022-04-05 09:04:32.356
!MESSAGE Error occured while building workspace. Details: 
 message: The project was not built since its build path is incomplete. Cannot find the class file for java.lang.Object. Fix the build path then try building this project; code: 0; resource: /home/usman/Documents/Github/University/Winter 2021/Comp 3220/3220-workspace/A5_105219637;
 message: The type java.lang.Object cannot be resolved. It is indirectly referenced from required .class files; code: 16777540; resource: /home/usman/Documents/Github/University/Winter 2021/Comp 3220/3220-workspace/A5_105219637/src/A5/BaseSalariedCommissionEmployee.java; line: 1
 message: The method assertEquals(String, String) is undefined for the type CompanyEmployeePayrollTest; code: 67108964; resource: /home/usman/Documents/Github/University/Winter 2021/Comp 3220/3220-workspace/A5_105219637/A5Src/A5Test/CompanyEmployeePayrollTest.java; line: 104
 message: The method assertEquals(String, String) is undefined for the type CompanyEmployeePayrollTest; code: 67108964; resource: /home/usman/Documents/Github/University/Winter 2021/Comp 3220/3220-workspace/A5_105219637/A5Src/A5Test/CompanyEmployeePayrollTest.java; line: 105
 message: The method assertEquals(int, double) is undefined for the type CompanyEmployeePayrollTest; code: 67108964; resource: /home/usman/Documents/Github/University/Winter 2021/Comp 3220/3220-workspace/A5_105219637/A5Src/A5Test/CompanyEmployeePayrollTest.java; line: 106
 message: The method assertEquals(int, double) is undefined for the type CompanyEmployeePayrollTest; code: 67108964; resource: /home/usman/Documents/Github/University/Winter 2021/Comp 3220/3220-workspace/A5_105219637/A5Src/A5Test/CompanyEmployeePayrollTest.java; line: 107
 message: The method assertEquals(int, double) is undefined for the type CompanyEmployeePayrollTest; code: 67108964; resource: /home/usman/Documents/Github/University/Winter 2021/Comp 3220/3220-workspace/A5_105219637/A5Src/A5Test/CompanyEmployeePayrollTest.java; line: 108
 message: The import org.junit cannot be resolved; code: 268435846; resource: /home/usman/Documents/Github/University/Winter 2021/Comp 3220/3220-workspace/A5_105219637/A5Src/A5Test/CompanyEmployeePayrollTest.java; line: 2
 message: The import org.junit cannot be resolved; code: 268435846; resource: /home/usman/Documents/Github/University/Winter 2021/Comp 3220/3220-workspace/A5_105219637/A5Src/A5Test/CompanyEmployeePayrollTest.java; line: 3
 message: The import org.junit cannot be resolved; code: 268435846; resource: /home/usman/Documents/Github/University/Winter 2021/Comp 3220/3220-workspace/A5_105219637/A5Src/A5Test/CompanyEmployeePayrollTest.java; line: 11
 message: The import org.junit cannot be resolved; code: 268435846; resource: /home/usman/Documents/Github/University/Winter 2021/Comp 3220/3220-workspace/A5_105219637/A5Src/A5Test/CompanyEmployeePayrollTest.java; line: 13
 message: Test cannot be resolved to a type; code: 16777218; resource: /home/usman/Documents/Github/University/Winter 2021/Comp 3220/3220-workspace/A5_105219637/A5Src/A5Test/CompanyEmployeePayrollTest.java; line: 17
 message: The method assertEquals(String, String) is undefined for the type CompanyEmployeePayrollTest; code: 67108964; resource: /home/usman/Documents/Github/University/Winter 2021/Comp 3220/3220-workspace/A5_105219637/A5Src/A5Test/CompanyEmployeePayrollTest.java; line: 24
 message: The method assertEquals(String, String) is undefined for the type CompanyEmployeePayrollTest; code: 67108964; resource: /home/usman/Documents/Github/University/Winter 2021/Comp 3220/3220-workspace/A5_105219637/A5Src/A5Test/CompanyEmployeePayrollTest.java; line: 25
 message: The method assertEquals(String, String) is undefined for the type CompanyEmployeePayrollTest; code: 67108964; resource: /home/usman/Documents/Github/University/Winter 2021/Comp 3220/3220-workspace/A5_105219637/A5Src/A5Test/CompanyEmployeePayrollTest.java; line: 26
 message: The method assertEquals(double, double) is undefined for the type CompanyEmployeePayrollTest; code: 67108964; resource: /home/usman/Documents/Github/University/Winter 2021/Comp 3220/3220-workspace/A5_105219637/A5Src/A5Test/CompanyEmployeePayrollTest.java; line: 27
 message: The method assertEquals(double, double) is undefined for the type CompanyEmployeePayrollTest; code: 67108964; resource: /home/usman/Documents/Github/University/Winter 2021/Comp 3220/3220-workspace/A5_105219637/A5Src/A5Test/CompanyEmployeePayrollTest.java; line: 28
 message: Test cannot be resolved to a type; code: 16777218; resource: /home/usman/Documents/Github/University/Winter 2021/Comp 3220/3220-workspace/A5_105219637/A5Src/A5Test/CompanyEmployeePayrollTest.java; line: 31
 message: The method assertEquals(String, String) is undefined for the type CompanyEmployeePayrollTest; code: 67108964; resource: /home/usman/Documents/Github/University/Winter 2021/Comp 3220/3220-workspace/A5_105219637/A5Src/A5Test/CompanyEmployeePayrollTest.java; line: 40
 message: The method assertEquals(String, String) is undefined for the type CompanyEmployeePayrollTest; code: 67108964; resource: /home/usman/Documents/Github/University/Winter 2021/Comp 3220/3220-workspace/A5_105219637/A5Src/A5Test/CompanyEmployeePayrollTest.java; line: 41
 message: The method assertEquals(String, String) is undefined for the type CompanyEmployeePayrollTest; code: 67108964; resource: /home/usman/Documents/Github/University/Winter 2021/Comp 3220/3220-workspace/A5_105219637/A5Src/A5Test/CompanyEmployeePayrollTest.java; line: 42
 message: The method assertEquals(int, double) is undefined for the type CompanyEmployeePayrollTest; code: 67108964; resource: /home/usman/Documents/Github/University/Winter 2021/Comp 3220/3220-workspace/A5_105219637/A5Src/A5Test/CompanyEmployeePayrollTest.java; line: 43
 message: The method assertEquals(int, int) is undefined for the type CompanyEmployeePayrollTest; code: 67108964; resource: /home/usman/Documents/Github/University/Winter 2021/Comp 3220/3220-workspace/A5_105219637/A5Src/A5Test/CompanyEmployeePayrollTest.java; line: 44
 message: The method assertEquals(int, double) is undefined for the type CompanyEmployeePayrollTest; code: 67108964; resource: /home/usman/Documents/Github/University/Winter 2021/Comp 3220/3220-workspace/A5_105219637/A5Src/A5Test/CompanyEmployeePayrollTest.java; line: 45
 message: Test cannot be resolved to a type; code: 16777218; resource: /home/usman/Documents/Github/University/Winter 2021/Comp 3220/3220-workspace/A5_105219637/A5Src/A5Test/CompanyEmployeePayrollTest.java; line: 48
 message: The method assertEquals(String, String) is undefined for the type CompanyEmployeePayrollTest; code: 67108964; resource: /home/usman/Documents/Github/University/Winter 2021/Comp 3220/3220-workspace/A5_105219637/A5Src/A5Test/CompanyEmployeePayrollTest.java; line: 58
 message: The method assertEquals(String, String) is undefined for the type CompanyEmployeePayrollTest; code: 67108964; resource: /home/usman/Documents/Github/University/Winter 2021/Comp 3220/3220-workspace/A5_105219637/A5Src/A5Test/CompanyEmployeePayrollTest.java; line: 59
 message: The method assertEquals(String, String) is undefined for the type CompanyEmployeePayrollTest; code: 67108964; resource: /home/usman/Documents/Github/University/Winter 2021/Comp 3220/3220-workspace/A5_105219637/A5Src/A5Test/CompanyEmployeePayrollTest.java; line: 60
 message: The method assertEquals(int, double) is undefined for the type CompanyEmployeePayrollTest; code: 67108964; resource: /home/usman/Documents/Github/University/Winter 2021/Comp 3220/3220-workspace/A5_105219637/A5Src/A5Test/CompanyEmployeePayrollTest.java; line: 61
 message: The method assertEquals(double, double) is undefined for the type CompanyEmployeePayrollTest; code: 67108964; resource: /home/usman/Documents/Github/University/Winter 2021/Comp 3220/3220-workspace/A5_105219637/A5Src/A5Test/CompanyEmployeePayrollTest.java; line: 62
 message: The method assertEquals(int, double) is undefined for the type CompanyEmployeePayrollTest; code: 67108964; resource: /home/usman/Documents/Github/University/Winter 2021/Comp 3220/3220-workspace/A5_105219637/A5Src/A5Test/CompanyEmployeePayrollTest.java; line: 63
 message: The method assertEquals(int, double) is undefined for the type CompanyEmployeePayrollTest; code: 67108964; resource: /home/usman/Documents/Github/University/Winter 2021/Comp 3220/3220-workspace/A5_105219637/A5Src/A5Test/CompanyEmployeePayrollTest.java; line: 64
 message: Test cannot be resolved to a type; code: 16777218; resource: /home/usman/Documents/Github/University/Winter 2021/Comp 3220/3220-workspace/A5_105219637/A5Src/A5Test/CompanyEmployeePayrollTest.java; line: 66
 message: The method assertEquals(String, String) is undefined for the type CompanyEmployeePayrollTest; code: 67108964; resource: /home/usman/Documents/Github/University/Winter 2021/Comp 3220/3220-workspace/A5_105219637/A5Src/A5Test/CompanyEmployeePayrollTest.java; line: 72
 message: The method assertEquals(String, String) is undefined for the type CompanyEmployeePayrollTest; code: 67108964; resource: /home/usman/Documents/Github/University/Winter 2021/Comp 3220/3220-workspace/A5_105219637/A5Src/A5Test/CompanyEmployeePayrollTest.java; line: 73
 message: The method assertEquals(String, String) is undefined for the type CompanyEmployeePayrollTest; code: 67108964; resource: /home/usman/Documents/Github/University/Winter 2021/Comp 3220/3220-workspace/A5_105219637/A5Src/A5Test/CompanyEmployeePayrollTest.java; line: 74
 message: Test cannot be resolved to a type; code: 16777218; resource: /home/usman/Documents/Github/University/Winter 2021/Comp 3220/3220-workspace/A5_105219637/A5Src/A5Test/CompanyEmployeePayrollTest.java; line: 76
 message: The method assertEquals(String, String) is undefined for the type CompanyEmployeePayrollTest; code: 67108964; resource: /home/usman/Documents/Github/University/Winter 2021/Comp 3220/3220-workspace/A5_105219637/A5Src/A5Test/CompanyEmployeePayrollTest.java; line: 85
 message: The method assertEquals(String, String) is undefined for the type CompanyEmployeePayrollTest; code: 67108964; resource: /home/usman/Documents/Github/University/Winter 2021/Comp 3220/3220-workspace/A5_105219637/A5Src/A5Test/CompanyEmployeePayrollTest.java; line: 86
 message: The method assertEquals(String, String) is undefined for the type CompanyEmployeePayrollTest; code: 67108964; resource: /home/usman/Documents/Github/University/Winter 2021/Comp 3220/3220-workspace/A5_105219637/A5Src/A5Test/CompanyEmployeePayrollTest.java; line: 87
 message: The method assertEquals(double, double) is undefined for the type CompanyEmployeePayrollTest; code: 67108964; resource: /home/usman/Documents/Github/University/Winter 2021/Comp 3220/3220-workspace/A5_105219637/A5Src/A5Test/CompanyEmployeePayrollTest.java; line: 88
 message: The method assertEquals(int, double) is undefined for the type CompanyEmployeePayrollTest; code: 67108964; resource: /home/usman/Documents/Github/University/Winter 2021/Comp 3220/3220-workspace/A5_105219637/A5Src/A5Test/CompanyEmployeePayrollTest.java; line: 89
 message: The method assertEquals(int, double) is undefined for the type CompanyEmployeePayrollTest; code: 67108964; resource: /home/usman/Documents/Github/University/Winter 2021/Comp 3220/3220-workspace/A5_105219637/A5Src/A5Test/CompanyEmployeePayrollTest.java; line: 90
 message: Test cannot be resolved to a type; code: 16777218; resource: /home/usman/Documents/Github/University/Winter 2021/Comp 3220/3220-workspace/A5_105219637/A5Src/A5Test/CompanyEmployeePayrollTest.java; line: 94
 message: The method assertEquals(String, String) is undefined for the type CompanyEmployeePayrollTest; code: 67108964; resource: /home/usman/Documents/Github/University/Winter 2021/Comp 3220/3220-workspace/A5_105219637/A5Src/A5Test/CompanyEmployeePayrollTest.java; line: 103
 message: The project was not built since its build path is incomplete. Cannot find the class file for java.lang.Object. Fix the build path then try building this project; code: 0; resource: /home/usman/Documents/Github/University/Winter 2021/Comp 3220/3220-workspace/A7_105219637;
 message: The type java.lang.Object cannot be resolved. It is indirectly referenced from required .class files; code: 16777540; resource: /home/usman/Documents/Github/University/Winter 2021/Comp 3220/3220-workspace/A7_105219637/src/CompositePattern/Assembly.java; line: 1
 message: The project was not built since its build path is incomplete. Cannot find the class file for java.lang.Object. Fix the build path then try building this project; code: 0; resource: /home/usman/Documents/Github/University/Winter 2021/Comp 3220/3220-workspace/A8_105219637;
 message: The type java.lang.Object cannot be resolved. It is indirectly referenced from required .class files; code: 16777540; resource: /home/usman/Documents/Github/University/Winter 2021/Comp 3220/3220-workspace/A8_105219637/src/ObserverPattern/Channel.java; line: 1
 message: Project 'Comp2800W21' is missing required library: 'C:/Users/ufben/Desktop/jars4java3D/j3dcore.jar'; code: 964; resource: /home/usman/Documents/Github/University/Winter 2021/Comp 2800/Comp2800W21;
 message: Project 'Comp2800W21' is missing required library: 'C:/Users/ufben/Desktop/jars4java3D/j3dexamples.jar'; code: 964; resource: /home/usman/Documents/Github/University/Winter 2021/Comp 2800/Comp2800W21;
 message: Project 'Comp2800W21' is missing required library: 'C:/Users/ufben/Desktop/jars4java3D/j3dutils.jar'; code: 964; resource: /home/usman/Documents/Github/University/Winter 2021/Comp 2800/Comp2800W21;
 message: Project 'Comp2800W21' is missing required library: 'C:/Users/ufben/Desktop/jars4java3D/jogamp-fat.jar'; code: 964; resource: /home/usman/Documents/Github/University/Winter 2021/Comp 2800/Comp2800W21;
 message: Project 'Comp2800W21' is missing required library: 'C:/Users/ufben/Desktop/jars4java3D/vecmath.jar'; code: 964; resource: /home/usman/Documents/Github/University/Winter 2021/Comp 2800/Comp2800W21;
 message: The project cannot be built until build path errors are resolved; code: 0; resource: /home/usman/Documents/Github/University/Winter 2021/Comp 2800/Comp2800W21;
 message: Invalid classpath container: 'JUnit 5' in project 'SampleJUnit'; code: 962; resource: /home/usman/Documents/Github/University/Winter 2021/Comp 3220/Assignment5/SampleJUnit;
 message: The project cannot be built until build path errors are resolved; code: 0; resource: /home/usman/Documents/Github/University/Winter 2021/Comp 3220/Assignment5/SampleJUnit;
 message: The project was not built since its build path is incomplete. Cannot find the class file for java.lang.Object. Fix the build path then try building this project; code: 0; resource: /home/usman/Documents/Github/University/Winter 2021/Comp 3220/A6/TaxProcessing;
 message: The type java.lang.Object cannot be resolved. It is indirectly referenced from required .class files; code: 16777540; resource: /home/usman/Documents/Github/University/Winter 2021/Comp 3220/A6/TaxProcessing/src/AbstractFactory/CalculateTax.java; line: 1
 message: The project cannot be built until build path errors are resolved; code: 0; resource: /home/usman/Documents/Github/University/Winter 2021/Comp 3220/Assignment6/TaxProcessingBb;
 message: Project 'TaxProcessingBb' is missing required source folder: 'src'; code: 964; resource: /home/usman/Documents/Github/University/Winter 2021/Comp 3220/Assignment6/TaxProcessingBb;

!ENTRY org.eclipse.jdt.ls.core 1 0 2022-04-05 09:04:32.386
!MESSAGE Reconciled 0. Took 6 ms

!ENTRY org.eclipse.jdt.ls.core 1 0 2022-04-05 09:04:32.501
!MESSAGE begin problem for /A5Scanner.java

!ENTRY org.eclipse.jdt.ls.core 1 0 2022-04-05 09:04:32.502
!MESSAGE The value of the field A5Scanner.YY_START is not used is of type UnusedPrivateField

!ENTRY org.eclipse.jdt.ls.core 1 0 2022-04-05 09:04:32.502
!MESSAGE The value of the field A5Scanner.yy_eof_done is not used is of type UnusedPrivateField

!ENTRY org.eclipse.jdt.ls.core 1 0 2022-04-05 09:04:32.502
!MESSAGE The value of the field A5Scanner.yy_last_was_cr is not used is of type UnusedPrivateField

!ENTRY org.eclipse.jdt.ls.core 1 0 2022-04-05 09:04:32.502
!MESSAGE The method yylength() from the type A5Scanner is never used locally is of type UnusedPrivateMethod

!ENTRY org.eclipse.jdt.ls.core 1 0 2022-04-05 09:04:32.502
!MESSAGE The value of the field A5Scanner.YY_E_MATCH is not used is of type UnusedPrivateField

!ENTRY org.eclipse.jdt.ls.core 1 0 2022-04-05 09:04:32.502
!MESSAGE 6 problems reported for /A5Scanner.java

!ENTRY org.eclipse.jdt.ls.core 1 0 2022-04-05 09:04:32.504
!MESSAGE Validated 1. Took 114 ms

!ENTRY org.eclipse.jdt.ls.core 1 0 2022-04-05 09:04:32.522
!MESSAGE >> build jobs finished

!ENTRY org.eclipse.jdt.ls.core 1 0 2022-04-05 09:04:32.545
!MESSAGE >> registerFeature 'workspace/didChangeWatchedFiles'

!ENTRY org.eclipse.jdt.ls.core 1 0 2022-04-05 09:04:32.547
!MESSAGE >> registerFeature 'workspace/didChangeWatchedFiles'

!ENTRY org.eclipse.jdt.ls.core 1 0 2022-04-05 09:04:32.547
!MESSAGE >> watchers registered

!ENTRY org.eclipse.jdt.ls.core 1 0 2022-04-05 09:04:32.787
!MESSAGE >> registerFeature 'workspace/didChangeWatchedFiles'

!ENTRY org.eclipse.core.resources 4 2 2022-04-05 09:06:55.145
!MESSAGE Problems occurred when invoking code from plug-in: "org.eclipse.core.resources".
!STACK 0
java.lang.NullPointerException
	at org.eclipse.jdt.internal.compiler.util.HashtableOfObjectToInt.get(HashtableOfObjectToInt.java:75)
	at org.eclipse.jdt.internal.core.JavaModelManager$VariablesAndContainersSaveHelper.saveNewId(JavaModelManager.java:4581)
	at org.eclipse.jdt.internal.core.JavaModelManager$VariablesAndContainersSaveHelper.saveClasspathEntry(JavaModelManager.java:4535)
	at org.eclipse.jdt.internal.core.JavaModelManager$VariablesAndContainersSaveHelper.saveClasspathEntries(JavaModelManager.java:4530)
	at org.eclipse.jdt.internal.core.JavaModelManager$VariablesAndContainersSaveHelper.saveContainers(JavaModelManager.java:4572)
	at org.eclipse.jdt.internal.core.JavaModelManager$VariablesAndContainersSaveHelper.saveProjects(JavaModelManager.java:4636)
	at org.eclipse.jdt.internal.core.JavaModelManager$VariablesAndContainersSaveHelper.save(JavaModelManager.java:4477)
	at org.eclipse.jdt.internal.core.JavaModelManager.saveVariablesAndContainers(JavaModelManager.java:4448)
	at org.eclipse.jdt.internal.core.JavaModelManager.saving(JavaModelManager.java:4680)
	at org.eclipse.core.internal.resources.SaveManager.executeLifecycle(SaveManager.java:387)
	at org.eclipse.core.internal.resources.SaveManager$1.run(SaveManager.java:204)
	at org.eclipse.core.runtime.SafeRunner.run(SafeRunner.java:45)
	at org.eclipse.core.internal.resources.SaveManager.broadcastLifecycle(SaveManager.java:207)
	at org.eclipse.core.internal.resources.SaveManager.save(SaveManager.java:1164)
	at org.eclipse.core.internal.resources.SaveManager.save(SaveManager.java:1143)
	at org.eclipse.core.internal.resources.DelayedSnapshotJob.run(DelayedSnapshotJob.java:55)
	at org.eclipse.core.internal.jobs.Worker.run(Worker.java:63)

!ENTRY org.eclipse.core.resources 2 2 2022-04-05 09:06:55.156
!MESSAGE Save operation warnings.
!SUBENTRY 1 org.eclipse.core.resources 2 566 2022-04-05 09:06:55.156
!MESSAGE Problems occurred during save.
!STACK 0
java.lang.NullPointerException
	at org.eclipse.jdt.internal.compiler.util.HashtableOfObjectToInt.get(HashtableOfObjectToInt.java:75)
	at org.eclipse.jdt.internal.core.JavaModelManager$VariablesAndContainersSaveHelper.saveNewId(JavaModelManager.java:4581)
	at org.eclipse.jdt.internal.core.JavaModelManager$VariablesAndContainersSaveHelper.saveClasspathEntry(JavaModelManager.java:4535)
	at org.eclipse.jdt.internal.core.JavaModelManager$VariablesAndContainersSaveHelper.saveClasspathEntries(JavaModelManager.java:4530)
	at org.eclipse.jdt.internal.core.JavaModelManager$VariablesAndContainersSaveHelper.saveContainers(JavaModelManager.java:4572)
	at org.eclipse.jdt.internal.core.JavaModelManager$VariablesAndContainersSaveHelper.saveProjects(JavaModelManager.java:4636)
	at org.eclipse.jdt.internal.core.JavaModelManager$VariablesAndContainersSaveHelper.save(JavaModelManager.java:4477)
	at org.eclipse.jdt.internal.core.JavaModelManager.saveVariablesAndContainers(JavaModelManager.java:4448)
	at org.eclipse.jdt.internal.core.JavaModelManager.saving(JavaModelManager.java:4680)
	at org.eclipse.core.internal.resources.SaveManager.executeLifecycle(SaveManager.java:387)
	at org.eclipse.core.internal.resources.SaveManager$1.run(SaveManager.java:204)
	at org.eclipse.core.runtime.SafeRunner.run(SafeRunner.java:45)
	at org.eclipse.core.internal.resources.SaveManager.broadcastLifecycle(SaveManager.java:207)
	at org.eclipse.core.internal.resources.SaveManager.save(SaveManager.java:1164)
	at org.eclipse.core.internal.resources.SaveManager.save(SaveManager.java:1143)
	at org.eclipse.core.internal.resources.DelayedSnapshotJob.run(DelayedSnapshotJob.java:55)
	at org.eclipse.core.internal.jobs.Worker.run(Worker.java:63)

!ENTRY org.eclipse.core.resources 4 2 2022-04-05 09:09:31.426
!MESSAGE Problems occurred when invoking code from plug-in: "org.eclipse.core.resources".
!STACK 0
java.lang.NullPointerException
	at org.eclipse.jdt.internal.compiler.util.HashtableOfObjectToInt.get(HashtableOfObjectToInt.java:75)
	at org.eclipse.jdt.internal.core.JavaModelManager$VariablesAndContainersSaveHelper.saveNewId(JavaModelManager.java:4581)
	at org.eclipse.jdt.internal.core.JavaModelManager$VariablesAndContainersSaveHelper.saveClasspathEntry(JavaModelManager.java:4535)
	at org.eclipse.jdt.internal.core.JavaModelManager$VariablesAndContainersSaveHelper.saveClasspathEntries(JavaModelManager.java:4530)
	at org.eclipse.jdt.internal.core.JavaModelManager$VariablesAndContainersSaveHelper.saveContainers(JavaModelManager.java:4572)
	at org.eclipse.jdt.internal.core.JavaModelManager$VariablesAndContainersSaveHelper.saveProjects(JavaModelManager.java:4636)
	at org.eclipse.jdt.internal.core.JavaModelManager$VariablesAndContainersSaveHelper.save(JavaModelManager.java:4477)
	at org.eclipse.jdt.internal.core.JavaModelManager.saveVariablesAndContainers(JavaModelManager.java:4448)
	at org.eclipse.jdt.internal.core.JavaModelManager.saving(JavaModelManager.java:4680)
	at org.eclipse.core.internal.resources.SaveManager.executeLifecycle(SaveManager.java:387)
	at org.eclipse.core.internal.resources.SaveManager$1.run(SaveManager.java:204)
	at org.eclipse.core.runtime.SafeRunner.run(SafeRunner.java:45)
	at org.eclipse.core.internal.resources.SaveManager.broadcastLifecycle(SaveManager.java:207)
	at org.eclipse.core.internal.resources.SaveManager.save(SaveManager.java:1164)
	at org.eclipse.core.internal.resources.SaveManager.save(SaveManager.java:1143)
	at org.eclipse.core.internal.resources.DelayedSnapshotJob.run(DelayedSnapshotJob.java:55)
	at org.eclipse.core.internal.jobs.Worker.run(Worker.java:63)

!ENTRY org.eclipse.core.resources 2 2 2022-04-05 09:09:31.437
!MESSAGE Save operation warnings.
!SUBENTRY 1 org.eclipse.core.resources 2 566 2022-04-05 09:09:31.437
!MESSAGE Problems occurred during save.
!STACK 0
java.lang.NullPointerException
	at org.eclipse.jdt.internal.compiler.util.HashtableOfObjectToInt.get(HashtableOfObjectToInt.java:75)
	at org.eclipse.jdt.internal.core.JavaModelManager$VariablesAndContainersSaveHelper.saveNewId(JavaModelManager.java:4581)
	at org.eclipse.jdt.internal.core.JavaModelManager$VariablesAndContainersSaveHelper.saveClasspathEntry(JavaModelManager.java:4535)
	at org.eclipse.jdt.internal.core.JavaModelManager$VariablesAndContainersSaveHelper.saveClasspathEntries(JavaModelManager.java:4530)
	at org.eclipse.jdt.internal.core.JavaModelManager$VariablesAndContainersSaveHelper.saveContainers(JavaModelManager.java:4572)
	at org.eclipse.jdt.internal.core.JavaModelManager$VariablesAndContainersSaveHelper.saveProjects(JavaModelManager.java:4636)
	at org.eclipse.jdt.internal.core.JavaModelManager$VariablesAndContainersSaveHelper.save(JavaModelManager.java:4477)
	at org.eclipse.jdt.internal.core.JavaModelManager.saveVariablesAndContainers(JavaModelManager.java:4448)
	at org.eclipse.jdt.internal.core.JavaModelManager.saving(JavaModelManager.java:4680)
	at org.eclipse.core.internal.resources.SaveManager.executeLifecycle(SaveManager.java:387)
	at org.eclipse.core.internal.resources.SaveManager$1.run(SaveManager.java:204)
	at org.eclipse.core.runtime.SafeRunner.run(SafeRunner.java:45)
	at org.eclipse.core.internal.resources.SaveManager.broadcastLifecycle(SaveManager.java:207)
	at org.eclipse.core.internal.resources.SaveManager.save(SaveManager.java:1164)
	at org.eclipse.core.internal.resources.SaveManager.save(SaveManager.java:1143)
	at org.eclipse.core.internal.resources.DelayedSnapshotJob.run(DelayedSnapshotJob.java:55)
	at org.eclipse.core.internal.jobs.Worker.run(Worker.java:63)

!ENTRY org.eclipse.jdt.ls.core 1 0 2022-04-05 09:27:52.614
!MESSAGE >> document/didClose

!ENTRY org.eclipse.jdt.ls.core 1 0 2022-04-05 09:27:52.617
!MESSAGE Clearing problems for /A5.java
!SESSION 2022-04-05 09:28:12.332 -----------------------------------------------
eclipse.buildId=unknown
java.version=1.8.0_332
java.vendor=Oracle Corporation
BootLoader constants: OS=linux, ARCH=x86_64, WS=gtk, NL=en_US
Command-line arguments:  -data /home/usman/.config/coc/extensions/coc-java-data/jdt_ws_bdcf44d009f653134f2dc338892416de

!ENTRY org.eclipse.core.resources 2 10035 2022-04-05 09:28:12.760
!MESSAGE The workspace exited with unsaved changes in the previous session; refreshing workspace to recover changes.

!ENTRY org.eclipse.jdt.core 4 4 2022-04-05 09:28:12.879
!MESSAGE Unable to read variable and containers file
!STACK 0
java.io.EOFException
	at java.io.DataInputStream.readInt(DataInputStream.java:392)
	at org.eclipse.jdt.internal.core.JavaModelManager$VariablesAndContainersLoadHelper.loadInt(JavaModelManager.java:3960)
	at org.eclipse.jdt.internal.core.JavaModelManager$VariablesAndContainersLoadHelper.loadClasspathEntry(JavaModelManager.java:3888)
	at org.eclipse.jdt.internal.core.JavaModelManager$VariablesAndContainersLoadHelper.loadClasspathEntries(JavaModelManager.java:3882)
	at org.eclipse.jdt.internal.core.JavaModelManager$VariablesAndContainersLoadHelper.loadContainers(JavaModelManager.java:3937)
	at org.eclipse.jdt.internal.core.JavaModelManager$VariablesAndContainersLoadHelper.loadProjects(JavaModelManager.java:3994)
	at org.eclipse.jdt.internal.core.JavaModelManager$VariablesAndContainersLoadHelper.load(JavaModelManager.java:3828)
	at org.eclipse.jdt.internal.core.JavaModelManager.loadVariablesAndContainers(JavaModelManager.java:3660)
	at org.eclipse.jdt.internal.core.JavaModelManager.startup(JavaModelManager.java:5386)
	at org.eclipse.jdt.core.JavaCore.start(JavaCore.java:6412)
	at org.eclipse.osgi.internal.framework.BundleContextImpl$3.run(BundleContextImpl.java:843)
	at org.eclipse.osgi.internal.framework.BundleContextImpl$3.run(BundleContextImpl.java:1)
	at java.security.AccessController.doPrivileged(Native Method)
	at org.eclipse.osgi.internal.framework.BundleContextImpl.startActivator(BundleContextImpl.java:835)
	at org.eclipse.osgi.internal.framework.BundleContextImpl.start(BundleContextImpl.java:792)
	at org.eclipse.osgi.internal.framework.EquinoxBundle.startWorker0(EquinoxBundle.java:1015)
	at org.eclipse.osgi.internal.framework.EquinoxBundle$EquinoxModule.startWorker(EquinoxBundle.java:365)
	at org.eclipse.osgi.container.Module.doStart(Module.java:605)
	at org.eclipse.osgi.container.Module.start(Module.java:468)
	at org.eclipse.osgi.framework.util.SecureAction.start(SecureAction.java:493)
	at org.eclipse.osgi.internal.hooks.EclipseLazyStarter.postFindLocalClass(EclipseLazyStarter.java:117)
	at org.eclipse.osgi.internal.loader.classpath.ClasspathManager.findLocalClass(ClasspathManager.java:571)
	at org.eclipse.osgi.internal.loader.ModuleClassLoader.findLocalClass(ModuleClassLoader.java:346)
	at org.eclipse.osgi.internal.loader.BundleLoader.findLocalClass(BundleLoader.java:398)
	at org.eclipse.osgi.internal.loader.sources.SingleSourcePackage.loadClass(SingleSourcePackage.java:41)
	at org.eclipse.osgi.internal.loader.BundleLoader.findClass(BundleLoader.java:473)
	at org.eclipse.osgi.internal.loader.ModuleClassLoader.loadClass(ModuleClassLoader.java:171)
	at java.lang.ClassLoader.loadClass(ClassLoader.java:351)
	at org.eclipse.jdt.ls.core.internal.preferences.PreferenceManager.initialize(PreferenceManager.java:79)
	at org.eclipse.jdt.ls.core.internal.preferences.PreferenceManager.<init>(PreferenceManager.java:70)
	at org.eclipse.jdt.ls.core.internal.preferences.StandardPreferenceManager.<init>(StandardPreferenceManager.java:44)
	at org.eclipse.jdt.ls.core.internal.JavaLanguageServerPlugin.start(JavaLanguageServerPlugin.java:173)
	at org.eclipse.osgi.internal.framework.BundleContextImpl$3.run(BundleContextImpl.java:843)
	at org.eclipse.osgi.internal.framework.BundleContextImpl$3.run(BundleContextImpl.java:1)
	at java.security.AccessController.doPrivileged(Native Method)
	at org.eclipse.osgi.internal.framework.BundleContextImpl.startActivator(BundleContextImpl.java:835)
	at org.eclipse.osgi.internal.framework.BundleContextImpl.start(BundleContextImpl.java:792)
	at org.eclipse.osgi.internal.framework.EquinoxBundle.startWorker0(EquinoxBundle.java:1015)
	at org.eclipse.osgi.internal.framework.EquinoxBundle$EquinoxModule.startWorker(EquinoxBundle.java:365)
	at org.eclipse.osgi.container.Module.doStart(Module.java:605)
	at org.eclipse.osgi.container.Module.start(Module.java:468)
	at org.eclipse.osgi.container.ModuleContainer$ContainerStartLevel$2.run(ModuleContainer.java:1845)
	at org.eclipse.osgi.internal.framework.EquinoxContainerAdaptor$1$1.execute(EquinoxContainerAdaptor.java:136)
	at org.eclipse.osgi.container.ModuleContainer$ContainerStartLevel.incStartLevel(ModuleContainer.java:1838)
	at org.eclipse.osgi.container.ModuleContainer$ContainerStartLevel.incStartLevel(ModuleContainer.java:1781)
	at org.eclipse.osgi.container.ModuleContainer$ContainerStartLevel.doContainerStartLevel(ModuleContainer.java:1743)
	at org.eclipse.osgi.container.ModuleContainer$ContainerStartLevel.dispatchEvent(ModuleContainer.java:1665)
	at org.eclipse.osgi.container.ModuleContainer$ContainerStartLevel.dispatchEvent(ModuleContainer.java:1)
	at org.eclipse.osgi.framework.eventmgr.EventManager.dispatchEvent(EventManager.java:234)
	at org.eclipse.osgi.framework.eventmgr.EventManager$EventThread.run(EventManager.java:345)

!ENTRY org.eclipse.jdt.ls.core 1 0 2022-04-05 09:28:13.370
!MESSAGE class org.eclipse.jdt.ls.core.internal.JavaLanguageServerPlugin is started

!ENTRY org.eclipse.jdt.ls.core 1 0 2022-04-05 09:28:13.428
!MESSAGE Main thread is waiting

!ENTRY org.eclipse.jdt.ls.core 1 0 2022-04-05 09:28:13.440
!MESSAGE >> initialize

!ENTRY org.eclipse.jdt.ls.core 1 0 2022-04-05 09:28:13.443
!MESSAGE Initializing Java Language Server 0.57.0.202006172108

!ENTRY org.eclipse.jdt.ls.core 1 0 2022-04-05 09:28:13.450
!MESSAGE Static Commands: []

!ENTRY org.eclipse.jdt.ls.core 1 0 2022-04-05 09:28:13.450
!MESSAGE Non-Static Commands: [java.edit.organizeImports, java.project.refreshDiagnostics, java.project.import, java.project.removeFromSourcePath, java.project.listSourcePaths, java.project.provideSemanticTokens, java.project.getAll, java.project.isTestFile, java.project.getClasspaths, java.project.getSemanticTokensLegend, java.project.getSettings, java.project.updateSourceAttachment, java.project.resolveSourceAttachment, java.project.addToSourcePath]

!ENTRY org.eclipse.jdt.ls.core 1 0 2022-04-05 09:28:13.458
!MESSAGE >> initialized

!ENTRY org.eclipse.jdt.ls.core 1 0 2022-04-05 09:28:13.820
!MESSAGE Importing Eclipse project(s)

!ENTRY org.eclipse.core.resources 4 77 2022-04-05 09:28:13.832
!MESSAGE Invalid project description.
!SUBENTRY 1 unknown 0 0 2022-04-05 09:28:13.832
!MESSAGE OK
!SUBENTRY 1 org.eclipse.core.resources 4 77 2022-04-05 09:28:13.832
!MESSAGE /home/usman/Documents/Github/University/Winter 2021/Comp 3220/3220-workspace/A7_105219637 overlaps the location of another project: 'A7_105219637 (2)'

!ENTRY org.eclipse.jdt.ls.core 4 0 2022-04-05 09:28:13.833
!MESSAGE Initialization failed 
!STACK 0
java.lang.RuntimeException: org.eclipse.core.internal.resources.ResourceException: Invalid project description.
	at org.eclipse.jdt.ls.core.internal.managers.EclipseProjectImporter.importDir(EclipseProjectImporter.java:102)
	at org.eclipse.jdt.ls.core.internal.managers.EclipseProjectImporter.lambda$1(EclipseProjectImporter.java:69)
	at java.util.ArrayList.forEach(ArrayList.java:1259)
	at org.eclipse.jdt.ls.core.internal.managers.EclipseProjectImporter.importToWorkspace(EclipseProjectImporter.java:69)
	at org.eclipse.jdt.ls.core.internal.managers.ProjectsManager.importProjects(ProjectsManager.java:108)
	at org.eclipse.jdt.ls.core.internal.managers.ProjectsManager.initializeProjects(ProjectsManager.java:98)
	at org.eclipse.jdt.ls.core.internal.handlers.InitHandler$1.runInWorkspace(InitHandler.java:195)
	at org.eclipse.core.internal.resources.InternalWorkspaceJob.run(InternalWorkspaceJob.java:42)
	at org.eclipse.core.internal.jobs.Worker.run(Worker.java:63)
Caused by: org.eclipse.core.internal.resources.ResourceException: Invalid project description.
	at org.eclipse.core.internal.resources.Project.checkDescription(Project.java:173)
	at org.eclipse.core.internal.resources.Project.assertCreateRequirements(Project.java:57)
	at org.eclipse.core.internal.resources.Project.create(Project.java:266)
	at org.eclipse.core.internal.resources.Project.create(Project.java:252)
	at org.eclipse.jdt.ls.core.internal.managers.EclipseProjectImporter.importDir(EclipseProjectImporter.java:98)
	... 8 more

!ENTRY org.eclipse.jdt.ls.core 1 0 2022-04-05 09:28:13.859
!MESSAGE >> initialization job finished

!ENTRY org.eclipse.jdt.ls.core 1 0 2022-04-05 09:28:13.863
!MESSAGE >> workspace/didChangeConfiguration

!ENTRY org.eclipse.jdt.ls.core 1 0 2022-04-05 09:28:13.864
!MESSAGE >> java/buildWorkspace (incremental)

!ENTRY org.eclipse.jdt.ls.core 1 0 2022-04-05 09:28:13.872
!MESSAGE >> New configuration: {java={enabled=true, jdt={ls={vmargs=-noverify -Xmx1G -XX:+UseG1GC -XX:+UseStringDeduplication}}, errors={incompleteClasspath={severity=warning}}, configuration={checkProjectSettingsExclusions=true, updateBuildConfiguration=interactive, runtimes=[]}, trace={server=off}, import={gradle={enabled=true, wrapper={enabled=true}, offline={enabled=false}}, maven={enabled=true}, exclusions=[**/node_modules/**, **/.metadata/**, **/archetype-resources/**, **/META-INF/maven/**]}, maven={updateSnapshots=false, downloadSources=false}, referencesCodeLens={enabled=false}, signatureHelp={enabled=false}, implementationsCodeLens={enabled=false}, format={enabled=true, comments={enabled=true}, onType={enabled=true, fixComment={enabled=true}}}, saveActions={organizeImports=false}, project={referencedLibraries=[lib/**/*.jar], resourceFilters=[node_modules, .git]}, autobuild={enabled=true}, maxConcurrentBuilds=1.0, completion={maxResults=0.0, enabled=true, overwrite=true, guessMethodArguments=false, favoriteStaticMembers=[org.junit.Assert.*, org.junit.Assume.*, org.junit.jupiter.api.Assertions.*, org.junit.jupiter.api.Assumptions.*, org.junit.jupiter.api.DynamicContainer.*, org.junit.jupiter.api.DynamicTest.*, org.mockito.Mockito.*, org.mockito.ArgumentMatchers.*, org.mockito.Answers.*], filteredTypes=[java.awt.*, com.sun.*], importOrder=[java, javax, com, org]}, progressReports={enabled=true}, foldingRange={enabled=true}, codeGeneration={hashCodeEquals={useJava7Objects=false, useInstanceof=false}, useBlocks=false, generateComments=false, toString={template=${object.className} [${member.name()}=${member.value}, ${otherMembers}], codeStyle=STRING_CONCATENATION, skipNullValues=false, listArrayContents=true, limitElements=0.0}}, selectionRange={enabled=true}, sources={organizeImports={starThreshold=99.0, staticStarThreshold=99.0}}, templates={fileHeader=[], typeComment=[]}, references={includeAccessors=true}}}

!ENTRY org.eclipse.jdt.ls.core 1 0 2022-04-05 09:28:13.873
!MESSAGE >> document/didOpen

!ENTRY org.eclipse.jdt.ls.core 1 0 2022-04-05 09:28:14.074
!MESSAGE >> document/didChange

!ENTRY org.eclipse.jdt.ls.core 4 0 2022-04-05 09:28:14.122
!MESSAGE Error occured while building workspace. Details: 
 message: The project was not built since its build path is incomplete. Cannot find the class file for java.lang.Object. Fix the build path then try building this project; code: 0; resource: /home/usman/Documents/Github/University/Winter 2021/Comp 3220/3220-workspace/A5_105219637;
 message: The type java.lang.Object cannot be resolved. It is indirectly referenced from required .class files; code: 16777540; resource: /home/usman/Documents/Github/University/Winter 2021/Comp 3220/3220-workspace/A5_105219637/src/A5/BaseSalariedCommissionEmployee.java; line: 1
 message: The import org.junit cannot be resolved; code: 268435846; resource: /home/usman/Documents/Github/University/Winter 2021/Comp 3220/3220-workspace/A5_105219637/A5Src/A5Test/CompanyEmployeePayrollTest.java; line: 2
 message: The import org.junit cannot be resolved; code: 268435846; resource: /home/usman/Documents/Github/University/Winter 2021/Comp 3220/3220-workspace/A5_105219637/A5Src/A5Test/CompanyEmployeePayrollTest.java; line: 3
 message: The import org.junit cannot be resolved; code: 268435846; resource: /home/usman/Documents/Github/University/Winter 2021/Comp 3220/3220-workspace/A5_105219637/A5Src/A5Test/CompanyEmployeePayrollTest.java; line: 11
 message: The import org.junit cannot be resolved; code: 268435846; resource: /home/usman/Documents/Github/University/Winter 2021/Comp 3220/3220-workspace/A5_105219637/A5Src/A5Test/CompanyEmployeePayrollTest.java; line: 13
 message: Test cannot be resolved to a type; code: 16777218; resource: /home/usman/Documents/Github/University/Winter 2021/Comp 3220/3220-workspace/A5_105219637/A5Src/A5Test/CompanyEmployeePayrollTest.java; line: 17
 message: The method assertEquals(String, String) is undefined for the type CompanyEmployeePayrollTest; code: 67108964; resource: /home/usman/Documents/Github/University/Winter 2021/Comp 3220/3220-workspace/A5_105219637/A5Src/A5Test/CompanyEmployeePayrollTest.java; line: 24
 message: The method assertEquals(String, String) is undefined for the type CompanyEmployeePayrollTest; code: 67108964; resource: /home/usman/Documents/Github/University/Winter 2021/Comp 3220/3220-workspace/A5_105219637/A5Src/A5Test/CompanyEmployeePayrollTest.java; line: 25
 message: The method assertEquals(String, String) is undefined for the type CompanyEmployeePayrollTest; code: 67108964; resource: /home/usman/Documents/Github/University/Winter 2021/Comp 3220/3220-workspace/A5_105219637/A5Src/A5Test/CompanyEmployeePayrollTest.java; line: 26
 message: The method assertEquals(double, double) is undefined for the type CompanyEmployeePayrollTest; code: 67108964; resource: /home/usman/Documents/Github/University/Winter 2021/Comp 3220/3220-workspace/A5_105219637/A5Src/A5Test/CompanyEmployeePayrollTest.java; line: 27
 message: The method assertEquals(double, double) is undefined for the type CompanyEmployeePayrollTest; code: 67108964; resource: /home/usman/Documents/Github/University/Winter 2021/Comp 3220/3220-workspace/A5_105219637/A5Src/A5Test/CompanyEmployeePayrollTest.java; line: 28
 message: Test cannot be resolved to a type; code: 16777218; resource: /home/usman/Documents/Github/University/Winter 2021/Comp 3220/3220-workspace/A5_105219637/A5Src/A5Test/CompanyEmployeePayrollTest.java; line: 31
 message: The method assertEquals(String, String) is undefined for the type CompanyEmployeePayrollTest; code: 67108964; resource: /home/usman/Documents/Github/University/Winter 2021/Comp 3220/3220-workspace/A5_105219637/A5Src/A5Test/CompanyEmployeePayrollTest.java; line: 40
 message: The method assertEquals(String, String) is undefined for the type CompanyEmployeePayrollTest; code: 67108964; resource: /home/usman/Documents/Github/University/Winter 2021/Comp 3220/3220-workspace/A5_105219637/A5Src/A5Test/CompanyEmployeePayrollTest.java; line: 41
 message: The method assertEquals(String, String) is undefined for the type CompanyEmployeePayrollTest; code: 67108964; resource: /home/usman/Documents/Github/University/Winter 2021/Comp 3220/3220-workspace/A5_105219637/A5Src/A5Test/CompanyEmployeePayrollTest.java; line: 42
 message: The method assertEquals(int, double) is undefined for the type CompanyEmployeePayrollTest; code: 67108964; resource: /home/usman/Documents/Github/University/Winter 2021/Comp 3220/3220-workspace/A5_105219637/A5Src/A5Test/CompanyEmployeePayrollTest.java; line: 43
 message: The method assertEquals(int, int) is undefined for the type CompanyEmployeePayrollTest; code: 67108964; resource: /home/usman/Documents/Github/University/Winter 2021/Comp 3220/3220-workspace/A5_105219637/A5Src/A5Test/CompanyEmployeePayrollTest.java; line: 44
 message: The method assertEquals(int, double) is undefined for the type CompanyEmployeePayrollTest; code: 67108964; resource: /home/usman/Documents/Github/University/Winter 2021/Comp 3220/3220-workspace/A5_105219637/A5Src/A5Test/CompanyEmployeePayrollTest.java; line: 45
 message: Test cannot be resolved to a type; code: 16777218; resource: /home/usman/Documents/Github/University/Winter 2021/Comp 3220/3220-workspace/A5_105219637/A5Src/A5Test/CompanyEmployeePayrollTest.java; line: 48
 message: The method assertEquals(String, String) is undefined for the type CompanyEmployeePayrollTest; code: 67108964; resource: /home/usman/Documents/Github/University/Winter 2021/Comp 3220/3220-workspace/A5_105219637/A5Src/A5Test/CompanyEmployeePayrollTest.java; line: 58
 message: The method assertEquals(String, String) is undefined for the type CompanyEmployeePayrollTest; code: 67108964; resource: /home/usman/Documents/Github/University/Winter 2021/Comp 3220/3220-workspace/A5_105219637/A5Src/A5Test/CompanyEmployeePayrollTest.java; line: 59
 message: The method assertEquals(String, String) is undefined for the type CompanyEmployeePayrollTest; code: 67108964; resource: /home/usman/Documents/Github/University/Winter 2021/Comp 3220/3220-workspace/A5_105219637/A5Src/A5Test/CompanyEmployeePayrollTest.java; line: 60
 message: The method assertEquals(int, double) is undefined for the type CompanyEmployeePayrollTest; code: 67108964; resource: /home/usman/Documents/Github/University/Winter 2021/Comp 3220/3220-workspace/A5_105219637/A5Src/A5Test/CompanyEmployeePayrollTest.java; line: 61
 message: The method assertEquals(double, double) is undefined for the type CompanyEmployeePayrollTest; code: 67108964; resource: /home/usman/Documents/Github/University/Winter 2021/Comp 3220/3220-workspace/A5_105219637/A5Src/A5Test/CompanyEmployeePayrollTest.java; line: 62
 message: The method assertEquals(int, double) is undefined for the type CompanyEmployeePayrollTest; code: 67108964; resource: /home/usman/Documents/Github/University/Winter 2021/Comp 3220/3220-workspace/A5_105219637/A5Src/A5Test/CompanyEmployeePayrollTest.java; line: 63
 message: The method assertEquals(int, double) is undefined for the type CompanyEmployeePayrollTest; code: 67108964; resource: /home/usman/Documents/Github/University/Winter 2021/Comp 3220/3220-workspace/A5_105219637/A5Src/A5Test/CompanyEmployeePayrollTest.java; line: 64
 message: Test cannot be resolved to a type; code: 16777218; resource: /home/usman/Documents/Github/University/Winter 2021/Comp 3220/3220-workspace/A5_105219637/A5Src/A5Test/CompanyEmployeePayrollTest.java; line: 66
 message: The method assertEquals(String, String) is undefined for the type CompanyEmployeePayrollTest; code: 67108964; resource: /home/usman/Documents/Github/University/Winter 2021/Comp 3220/3220-workspace/A5_105219637/A5Src/A5Test/CompanyEmployeePayrollTest.java; line: 72
 message: The method assertEquals(String, String) is undefined for the type CompanyEmployeePayrollTest; code: 67108964; resource: /home/usman/Documents/Github/University/Winter 2021/Comp 3220/3220-workspace/A5_105219637/A5Src/A5Test/CompanyEmployeePayrollTest.java; line: 73
 message: The method assertEquals(String, String) is undefined for the type CompanyEmployeePayrollTest; code: 67108964; resource: /home/usman/Documents/Github/University/Winter 2021/Comp 3220/3220-workspace/A5_105219637/A5Src/A5Test/CompanyEmployeePayrollTest.java; line: 74
 message: Test cannot be resolved to a type; code: 16777218; resource: /home/usman/Documents/Github/University/Winter 2021/Comp 3220/3220-workspace/A5_105219637/A5Src/A5Test/CompanyEmployeePayrollTest.java; line: 76
 message: The method assertEquals(String, String) is undefined for the type CompanyEmployeePayrollTest; code: 67108964; resource: /home/usman/Documents/Github/University/Winter 2021/Comp 3220/3220-workspace/A5_105219637/A5Src/A5Test/CompanyEmployeePayrollTest.java; line: 85
 message: The method assertEquals(String, String) is undefined for the type CompanyEmployeePayrollTest; code: 67108964; resource: /home/usman/Documents/Github/University/Winter 2021/Comp 3220/3220-workspace/A5_105219637/A5Src/A5Test/CompanyEmployeePayrollTest.java; line: 86
 message: The method assertEquals(String, String) is undefined for the type CompanyEmployeePayrollTest; code: 67108964; resource: /home/usman/Documents/Github/University/Winter 2021/Comp 3220/3220-workspace/A5_105219637/A5Src/A5Test/CompanyEmployeePayrollTest.java; line: 87
 message: The method assertEquals(double, double) is undefined for the type CompanyEmployeePayrollTest; code: 67108964; resource: /home/usman/Documents/Github/University/Winter 2021/Comp 3220/3220-workspace/A5_105219637/A5Src/A5Test/CompanyEmployeePayrollTest.java; line: 88
 message: The method assertEquals(int, double) is undefined for the type CompanyEmployeePayrollTest; code: 67108964; resource: /home/usman/Documents/Github/University/Winter 2021/Comp 3220/3220-workspace/A5_105219637/A5Src/A5Test/CompanyEmployeePayrollTest.java; line: 89
 message: The method assertEquals(int, double) is undefined for the type CompanyEmployeePayrollTest; code: 67108964; resource: /home/usman/Documents/Github/University/Winter 2021/Comp 3220/3220-workspace/A5_105219637/A5Src/A5Test/CompanyEmployeePayrollTest.java; line: 90
 message: Test cannot be resolved to a type; code: 16777218; resource: /home/usman/Documents/Github/University/Winter 2021/Comp 3220/3220-workspace/A5_105219637/A5Src/A5Test/CompanyEmployeePayrollTest.java; line: 94
 message: The method assertEquals(String, String) is undefined for the type CompanyEmployeePayrollTest; code: 67108964; resource: /home/usman/Documents/Github/University/Winter 2021/Comp 3220/3220-workspace/A5_105219637/A5Src/A5Test/CompanyEmployeePayrollTest.java; line: 103
 message: The method assertEquals(String, String) is undefined for the type CompanyEmployeePayrollTest; code: 67108964; resource: /home/usman/Documents/Github/University/Winter 2021/Comp 3220/3220-workspace/A5_105219637/A5Src/A5Test/CompanyEmployeePayrollTest.java; line: 104
 message: The method assertEquals(String, String) is undefined for the type CompanyEmployeePayrollTest; code: 67108964; resource: /home/usman/Documents/Github/University/Winter 2021/Comp 3220/3220-workspace/A5_105219637/A5Src/A5Test/CompanyEmployeePayrollTest.java; line: 105
 message: The method assertEquals(int, double) is undefined for the type CompanyEmployeePayrollTest; code: 67108964; resource: /home/usman/Documents/Github/University/Winter 2021/Comp 3220/3220-workspace/A5_105219637/A5Src/A5Test/CompanyEmployeePayrollTest.java; line: 106
 message: The method assertEquals(int, double) is undefined for the type CompanyEmployeePayrollTest; code: 67108964; resource: /home/usman/Documents/Github/University/Winter 2021/Comp 3220/3220-workspace/A5_105219637/A5Src/A5Test/CompanyEmployeePayrollTest.java; line: 107
 message: The method assertEquals(int, double) is undefined for the type CompanyEmployeePayrollTest; code: 67108964; resource: /home/usman/Documents/Github/University/Winter 2021/Comp 3220/3220-workspace/A5_105219637/A5Src/A5Test/CompanyEmployeePayrollTest.java; line: 108
 message: The project was not built since its build path is incomplete. Cannot find the class file for java.lang.Object. Fix the build path then try building this project; code: 0; resource: /home/usman/Documents/Github/University/Winter 2021/Comp 3220/3220-workspace/A7_105219637;
 message: The type java.lang.Object cannot be resolved. It is indirectly referenced from required .class files; code: 16777540; resource: /home/usman/Documents/Github/University/Winter 2021/Comp 3220/3220-workspace/A7_105219637/src/CompositePattern/Assembly.java; line: 1
 message: The project was not built since its build path is incomplete. Cannot find the class file for java.lang.Object. Fix the build path then try building this project; code: 0; resource: /home/usman/Documents/Github/University/Winter 2021/Comp 3220/3220-workspace/A8_105219637;
 message: The type java.lang.Object cannot be resolved. It is indirectly referenced from required .class files; code: 16777540; resource: /home/usman/Documents/Github/University/Winter 2021/Comp 3220/3220-workspace/A8_105219637/src/ObserverPattern/Channel.java; line: 1
 message: Project 'Comp2800W21' is missing required library: 'C:/Users/ufben/Desktop/jars4java3D/j3dexamples.jar'; code: 964; resource: /home/usman/Documents/Github/University/Winter 2021/Comp 2800/Comp2800W21;
 message: Project 'Comp2800W21' is missing required library: 'C:/Users/ufben/Desktop/jars4java3D/j3dutils.jar'; code: 964; resource: /home/usman/Documents/Github/University/Winter 2021/Comp 2800/Comp2800W21;
 message: Project 'Comp2800W21' is missing required library: 'C:/Users/ufben/Desktop/jars4java3D/jogamp-fat.jar'; code: 964; resource: /home/usman/Documents/Github/University/Winter 2021/Comp 2800/Comp2800W21;
 message: Project 'Comp2800W21' is missing required library: 'C:/Users/ufben/Desktop/jars4java3D/vecmath.jar'; code: 964; resource: /home/usman/Documents/Github/University/Winter 2021/Comp 2800/Comp2800W21;
 message: The project cannot be built until build path errors are resolved; code: 0; resource: /home/usman/Documents/Github/University/Winter 2021/Comp 2800/Comp2800W21;
 message: Project 'Comp2800W21' is missing required library: 'C:/Users/ufben/Desktop/jars4java3D/j3dcore.jar'; code: 964; resource: /home/usman/Documents/Github/University/Winter 2021/Comp 2800/Comp2800W21;
 message: Invalid classpath container: 'JUnit 5' in project 'SampleJUnit'; code: 962; resource: /home/usman/Documents/Github/University/Winter 2021/Comp 3220/Assignment5/SampleJUnit;
 message: The project cannot be built until build path errors are resolved; code: 0; resource: /home/usman/Documents/Github/University/Winter 2021/Comp 3220/Assignment5/SampleJUnit;
 message: The project was not built since its build path is incomplete. Cannot find the class file for java.lang.Object. Fix the build path then try building this project; code: 0; resource: /home/usman/Documents/Github/University/Winter 2021/Comp 3220/A6/TaxProcessing;
 message: The type java.lang.Object cannot be resolved. It is indirectly referenced from required .class files; code: 16777540; resource: /home/usman/Documents/Github/University/Winter 2021/Comp 3220/A6/TaxProcessing/src/AbstractFactory/CalculateTax.java; line: 1
 message: The project cannot be built until build path errors are resolved; code: 0; resource: /home/usman/Documents/Github/University/Winter 2021/Comp 3220/Assignment6/TaxProcessingBb;
 message: Project 'TaxProcessingBb' is missing required source folder: 'src'; code: 964; resource: /home/usman/Documents/Github/University/Winter 2021/Comp 3220/Assignment6/TaxProcessingBb;

!ENTRY org.eclipse.jdt.ls.core 1 0 2022-04-05 09:28:14.152
!MESSAGE Reconciled 0. Took 4 ms

!ENTRY org.eclipse.jdt.ls.core 1 0 2022-04-05 09:28:14.300
!MESSAGE begin problem for /A5.java

!ENTRY org.eclipse.jdt.ls.core 1 0 2022-04-05 09:28:14.300
!MESSAGE 1 problems reported for /A5.java

!ENTRY org.eclipse.jdt.ls.core 1 0 2022-04-05 09:28:14.302
!MESSAGE Validated 1. Took 144 ms

!ENTRY org.eclipse.jdt.ls.core 1 0 2022-04-05 09:28:14.319
!MESSAGE >> build jobs finished

!ENTRY org.eclipse.jdt.ls.core 1 0 2022-04-05 09:28:14.339
!MESSAGE >> registerFeature 'workspace/didChangeWatchedFiles'

!ENTRY org.eclipse.jdt.ls.core 1 0 2022-04-05 09:28:14.341
!MESSAGE >> registerFeature 'workspace/didChangeWatchedFiles'

!ENTRY org.eclipse.jdt.ls.core 1 0 2022-04-05 09:28:14.341
!MESSAGE >> watchers registered

!ENTRY org.eclipse.jdt.ls.core 1 0 2022-04-05 09:28:14.525
!MESSAGE >> registerFeature 'workspace/didChangeWatchedFiles'

!ENTRY org.eclipse.jdt.ls.core 1 0 2022-04-05 09:28:14.635
!MESSAGE >> document/didChange

!ENTRY org.eclipse.jdt.ls.core 1 0 2022-04-05 09:28:15.092
!MESSAGE Reconciled 0. Took 2 ms

!ENTRY org.eclipse.jdt.ls.core 1 0 2022-04-05 09:28:15.377
!MESSAGE >> document/didChange

!ENTRY org.eclipse.jdt.ls.core 1 0 2022-04-05 09:28:15.833
!MESSAGE Reconciled 0. Took 2 ms

!ENTRY org.eclipse.jdt.ls.core 1 0 2022-04-05 09:28:15.952
!MESSAGE >> document/didChange

!ENTRY org.eclipse.jdt.ls.core 1 0 2022-04-05 09:28:16.408
!MESSAGE Reconciled 0. Took 2 ms

!ENTRY org.eclipse.jdt.ls.core 1 0 2022-04-05 09:28:16.902
!MESSAGE begin problem for /A5.java

!ENTRY org.eclipse.jdt.ls.core 1 0 2022-04-05 09:28:16.903
!MESSAGE 1 problems reported for /A5.java

!ENTRY org.eclipse.jdt.ls.core 1 0 2022-04-05 09:28:16.903
!MESSAGE Validated 1. Took 45 ms

!ENTRY org.eclipse.jdt.ls.core 1 0 2022-04-05 09:28:17.978
!MESSAGE >> document/willSaveWaitUntil

!ENTRY org.eclipse.jdt.ls.core 1 0 2022-04-05 09:28:17.983
!MESSAGE >> document/didSave

!ENTRY org.eclipse.jdt.ls.core 1 0 2022-04-05 09:28:18.291
!MESSAGE >> document/didClose

!ENTRY org.eclipse.jdt.ls.core 1 0 2022-04-05 09:28:18.294
!MESSAGE Clearing problems for /A5.java
!SESSION 2022-04-05 09:31:57.705 -----------------------------------------------
eclipse.buildId=unknown
java.version=1.8.0_332
java.vendor=Oracle Corporation
BootLoader constants: OS=linux, ARCH=x86_64, WS=gtk, NL=en_US
Command-line arguments:  -data /home/usman/.config/coc/extensions/coc-java-data/jdt_ws_bdcf44d009f653134f2dc338892416de

!ENTRY org.eclipse.core.resources 2 10035 2022-04-05 09:31:58.106
!MESSAGE The workspace exited with unsaved changes in the previous session; refreshing workspace to recover changes.

!ENTRY org.eclipse.jdt.core 4 4 2022-04-05 09:31:58.227
!MESSAGE Unable to read variable and containers file
!STACK 0
java.io.EOFException
	at java.io.DataInputStream.readInt(DataInputStream.java:392)
	at org.eclipse.jdt.internal.core.JavaModelManager$VariablesAndContainersLoadHelper.loadInt(JavaModelManager.java:3960)
	at org.eclipse.jdt.internal.core.JavaModelManager$VariablesAndContainersLoadHelper.loadClasspathEntry(JavaModelManager.java:3888)
	at org.eclipse.jdt.internal.core.JavaModelManager$VariablesAndContainersLoadHelper.loadClasspathEntries(JavaModelManager.java:3882)
	at org.eclipse.jdt.internal.core.JavaModelManager$VariablesAndContainersLoadHelper.loadContainers(JavaModelManager.java:3937)
	at org.eclipse.jdt.internal.core.JavaModelManager$VariablesAndContainersLoadHelper.loadProjects(JavaModelManager.java:3994)
	at org.eclipse.jdt.internal.core.JavaModelManager$VariablesAndContainersLoadHelper.load(JavaModelManager.java:3828)
	at org.eclipse.jdt.internal.core.JavaModelManager.loadVariablesAndContainers(JavaModelManager.java:3660)
	at org.eclipse.jdt.internal.core.JavaModelManager.startup(JavaModelManager.java:5386)
	at org.eclipse.jdt.core.JavaCore.start(JavaCore.java:6412)
	at org.eclipse.osgi.internal.framework.BundleContextImpl$3.run(BundleContextImpl.java:843)
	at org.eclipse.osgi.internal.framework.BundleContextImpl$3.run(BundleContextImpl.java:1)
	at java.security.AccessController.doPrivileged(Native Method)
	at org.eclipse.osgi.internal.framework.BundleContextImpl.startActivator(BundleContextImpl.java:835)
	at org.eclipse.osgi.internal.framework.BundleContextImpl.start(BundleContextImpl.java:792)
	at org.eclipse.osgi.internal.framework.EquinoxBundle.startWorker0(EquinoxBundle.java:1015)
	at org.eclipse.osgi.internal.framework.EquinoxBundle$EquinoxModule.startWorker(EquinoxBundle.java:365)
	at org.eclipse.osgi.container.Module.doStart(Module.java:605)
	at org.eclipse.osgi.container.Module.start(Module.java:468)
	at org.eclipse.osgi.framework.util.SecureAction.start(SecureAction.java:493)
	at org.eclipse.osgi.internal.hooks.EclipseLazyStarter.postFindLocalClass(EclipseLazyStarter.java:117)
	at org.eclipse.osgi.internal.loader.classpath.ClasspathManager.findLocalClass(ClasspathManager.java:571)
	at org.eclipse.osgi.internal.loader.ModuleClassLoader.findLocalClass(ModuleClassLoader.java:346)
	at org.eclipse.osgi.internal.loader.BundleLoader.findLocalClass(BundleLoader.java:398)
	at org.eclipse.osgi.internal.loader.sources.SingleSourcePackage.loadClass(SingleSourcePackage.java:41)
	at org.eclipse.osgi.internal.loader.BundleLoader.findClass(BundleLoader.java:473)
	at org.eclipse.osgi.internal.loader.ModuleClassLoader.loadClass(ModuleClassLoader.java:171)
	at java.lang.ClassLoader.loadClass(ClassLoader.java:351)
	at org.eclipse.jdt.ls.core.internal.preferences.PreferenceManager.initialize(PreferenceManager.java:79)
	at org.eclipse.jdt.ls.core.internal.preferences.PreferenceManager.<init>(PreferenceManager.java:70)
	at org.eclipse.jdt.ls.core.internal.preferences.StandardPreferenceManager.<init>(StandardPreferenceManager.java:44)
	at org.eclipse.jdt.ls.core.internal.JavaLanguageServerPlugin.start(JavaLanguageServerPlugin.java:173)
	at org.eclipse.osgi.internal.framework.BundleContextImpl$3.run(BundleContextImpl.java:843)
	at org.eclipse.osgi.internal.framework.BundleContextImpl$3.run(BundleContextImpl.java:1)
	at java.security.AccessController.doPrivileged(Native Method)
	at org.eclipse.osgi.internal.framework.BundleContextImpl.startActivator(BundleContextImpl.java:835)
	at org.eclipse.osgi.internal.framework.BundleContextImpl.start(BundleContextImpl.java:792)
	at org.eclipse.osgi.internal.framework.EquinoxBundle.startWorker0(EquinoxBundle.java:1015)
	at org.eclipse.osgi.internal.framework.EquinoxBundle$EquinoxModule.startWorker(EquinoxBundle.java:365)
	at org.eclipse.osgi.container.Module.doStart(Module.java:605)
	at org.eclipse.osgi.container.Module.start(Module.java:468)
	at org.eclipse.osgi.container.ModuleContainer$ContainerStartLevel$2.run(ModuleContainer.java:1845)
	at org.eclipse.osgi.internal.framework.EquinoxContainerAdaptor$1$1.execute(EquinoxContainerAdaptor.java:136)
	at org.eclipse.osgi.container.ModuleContainer$ContainerStartLevel.incStartLevel(ModuleContainer.java:1838)
	at org.eclipse.osgi.container.ModuleContainer$ContainerStartLevel.incStartLevel(ModuleContainer.java:1781)
	at org.eclipse.osgi.container.ModuleContainer$ContainerStartLevel.doContainerStartLevel(ModuleContainer.java:1743)
	at org.eclipse.osgi.container.ModuleContainer$ContainerStartLevel.dispatchEvent(ModuleContainer.java:1665)
	at org.eclipse.osgi.container.ModuleContainer$ContainerStartLevel.dispatchEvent(ModuleContainer.java:1)
	at org.eclipse.osgi.framework.eventmgr.EventManager.dispatchEvent(EventManager.java:234)
	at org.eclipse.osgi.framework.eventmgr.EventManager$EventThread.run(EventManager.java:345)

!ENTRY org.eclipse.jdt.ls.core 1 0 2022-04-05 09:31:58.724
!MESSAGE class org.eclipse.jdt.ls.core.internal.JavaLanguageServerPlugin is started

!ENTRY org.eclipse.jdt.ls.core 1 0 2022-04-05 09:31:58.773
!MESSAGE Main thread is waiting

!ENTRY org.eclipse.jdt.ls.core 1 0 2022-04-05 09:31:58.785
!MESSAGE >> initialize

!ENTRY org.eclipse.jdt.ls.core 1 0 2022-04-05 09:31:58.787
!MESSAGE Initializing Java Language Server 0.57.0.202006172108

!ENTRY org.eclipse.jdt.ls.core 1 0 2022-04-05 09:31:58.795
!MESSAGE Static Commands: []

!ENTRY org.eclipse.jdt.ls.core 1 0 2022-04-05 09:31:58.795
!MESSAGE Non-Static Commands: [java.edit.organizeImports, java.project.refreshDiagnostics, java.project.import, java.project.removeFromSourcePath, java.project.listSourcePaths, java.project.provideSemanticTokens, java.project.getAll, java.project.isTestFile, java.project.getClasspaths, java.project.getSemanticTokensLegend, java.project.getSettings, java.project.updateSourceAttachment, java.project.resolveSourceAttachment, java.project.addToSourcePath]

!ENTRY org.eclipse.jdt.ls.core 1 0 2022-04-05 09:31:58.803
!MESSAGE >> initialized

!ENTRY org.eclipse.jdt.ls.core 1 0 2022-04-05 09:31:59.160
!MESSAGE Importing Eclipse project(s)

!ENTRY org.eclipse.core.resources 4 77 2022-04-05 09:31:59.171
!MESSAGE Invalid project description.
!SUBENTRY 1 unknown 0 0 2022-04-05 09:31:59.171
!MESSAGE OK
!SUBENTRY 1 org.eclipse.core.resources 4 77 2022-04-05 09:31:59.171
!MESSAGE /home/usman/Documents/Github/University/Winter 2021/Comp 3220/3220-workspace/A7_105219637 overlaps the location of another project: 'A7_105219637 (2)'

!ENTRY org.eclipse.jdt.ls.core 4 0 2022-04-05 09:31:59.172
!MESSAGE Initialization failed 
!STACK 0
java.lang.RuntimeException: org.eclipse.core.internal.resources.ResourceException: Invalid project description.
	at org.eclipse.jdt.ls.core.internal.managers.EclipseProjectImporter.importDir(EclipseProjectImporter.java:102)
	at org.eclipse.jdt.ls.core.internal.managers.EclipseProjectImporter.lambda$1(EclipseProjectImporter.java:69)
	at java.util.ArrayList.forEach(ArrayList.java:1259)
	at org.eclipse.jdt.ls.core.internal.managers.EclipseProjectImporter.importToWorkspace(EclipseProjectImporter.java:69)
	at org.eclipse.jdt.ls.core.internal.managers.ProjectsManager.importProjects(ProjectsManager.java:108)
	at org.eclipse.jdt.ls.core.internal.managers.ProjectsManager.initializeProjects(ProjectsManager.java:98)
	at org.eclipse.jdt.ls.core.internal.handlers.InitHandler$1.runInWorkspace(InitHandler.java:195)
	at org.eclipse.core.internal.resources.InternalWorkspaceJob.run(InternalWorkspaceJob.java:42)
	at org.eclipse.core.internal.jobs.Worker.run(Worker.java:63)
Caused by: org.eclipse.core.internal.resources.ResourceException: Invalid project description.
	at org.eclipse.core.internal.resources.Project.checkDescription(Project.java:173)
	at org.eclipse.core.internal.resources.Project.assertCreateRequirements(Project.java:57)
	at org.eclipse.core.internal.resources.Project.create(Project.java:266)
	at org.eclipse.core.internal.resources.Project.create(Project.java:252)
	at org.eclipse.jdt.ls.core.internal.managers.EclipseProjectImporter.importDir(EclipseProjectImporter.java:98)
	... 8 more

!ENTRY org.eclipse.jdt.ls.core 1 0 2022-04-05 09:31:59.204
!MESSAGE >> initialization job finished

!ENTRY org.eclipse.jdt.ls.core 1 0 2022-04-05 09:31:59.209
!MESSAGE >> workspace/didChangeConfiguration

!ENTRY org.eclipse.jdt.ls.core 1 0 2022-04-05 09:31:59.210
!MESSAGE >> java/buildWorkspace (incremental)

!ENTRY org.eclipse.jdt.ls.core 1 0 2022-04-05 09:31:59.220
!MESSAGE >> New configuration: {java={enabled=true, jdt={ls={vmargs=-noverify -Xmx1G -XX:+UseG1GC -XX:+UseStringDeduplication}}, errors={incompleteClasspath={severity=warning}}, configuration={checkProjectSettingsExclusions=true, updateBuildConfiguration=interactive, runtimes=[]}, trace={server=off}, import={gradle={enabled=true, wrapper={enabled=true}, offline={enabled=false}}, maven={enabled=true}, exclusions=[**/node_modules/**, **/.metadata/**, **/archetype-resources/**, **/META-INF/maven/**]}, maven={updateSnapshots=false, downloadSources=false}, referencesCodeLens={enabled=false}, signatureHelp={enabled=false}, implementationsCodeLens={enabled=false}, format={enabled=true, comments={enabled=true}, onType={enabled=true, fixComment={enabled=true}}}, saveActions={organizeImports=false}, project={referencedLibraries=[lib/**/*.jar], resourceFilters=[node_modules, .git]}, autobuild={enabled=true}, maxConcurrentBuilds=1.0, completion={maxResults=0.0, enabled=true, overwrite=true, guessMethodArguments=false, favoriteStaticMembers=[org.junit.Assert.*, org.junit.Assume.*, org.junit.jupiter.api.Assertions.*, org.junit.jupiter.api.Assumptions.*, org.junit.jupiter.api.DynamicContainer.*, org.junit.jupiter.api.DynamicTest.*, org.mockito.Mockito.*, org.mockito.ArgumentMatchers.*, org.mockito.Answers.*], filteredTypes=[java.awt.*, com.sun.*], importOrder=[java, javax, com, org]}, progressReports={enabled=true}, foldingRange={enabled=true}, codeGeneration={hashCodeEquals={useJava7Objects=false, useInstanceof=false}, useBlocks=false, generateComments=false, toString={template=${object.className} [${member.name()}=${member.value}, ${otherMembers}], codeStyle=STRING_CONCATENATION, skipNullValues=false, listArrayContents=true, limitElements=0.0}}, selectionRange={enabled=true}, sources={organizeImports={starThreshold=99.0, staticStarThreshold=99.0}}, templates={fileHeader=[], typeComment=[]}, references={includeAccessors=true}}}

!ENTRY org.eclipse.jdt.ls.core 1 0 2022-04-05 09:31:59.221
!MESSAGE >> document/didOpen

!ENTRY org.eclipse.jdt.ls.core 1 0 2022-04-05 09:31:59.428
!MESSAGE >> document/didClose

!ENTRY org.eclipse.jdt.ls.core 1 0 2022-04-05 09:31:59.435
!MESSAGE Clearing problems for /A5.java

!ENTRY org.eclipse.jdt.ls.core 4 0 2022-04-05 09:31:59.460
!MESSAGE Error occured while building workspace. Details: 
 message: The project was not built since its build path is incomplete. Cannot find the class file for java.lang.Object. Fix the build path then try building this project; code: 0; resource: /home/usman/Documents/Github/University/Winter 2021/Comp 3220/3220-workspace/A5_105219637;
 message: The type java.lang.Object cannot be resolved. It is indirectly referenced from required .class files; code: 16777540; resource: /home/usman/Documents/Github/University/Winter 2021/Comp 3220/3220-workspace/A5_105219637/src/A5/BaseSalariedCommissionEmployee.java; line: 1
 message: The import org.junit cannot be resolved; code: 268435846; resource: /home/usman/Documents/Github/University/Winter 2021/Comp 3220/3220-workspace/A5_105219637/A5Src/A5Test/CompanyEmployeePayrollTest.java; line: 2
 message: The import org.junit cannot be resolved; code: 268435846; resource: /home/usman/Documents/Github/University/Winter 2021/Comp 3220/3220-workspace/A5_105219637/A5Src/A5Test/CompanyEmployeePayrollTest.java; line: 3
 message: The import org.junit cannot be resolved; code: 268435846; resource: /home/usman/Documents/Github/University/Winter 2021/Comp 3220/3220-workspace/A5_105219637/A5Src/A5Test/CompanyEmployeePayrollTest.java; line: 11
 message: The import org.junit cannot be resolved; code: 268435846; resource: /home/usman/Documents/Github/University/Winter 2021/Comp 3220/3220-workspace/A5_105219637/A5Src/A5Test/CompanyEmployeePayrollTest.java; line: 13
 message: Test cannot be resolved to a type; code: 16777218; resource: /home/usman/Documents/Github/University/Winter 2021/Comp 3220/3220-workspace/A5_105219637/A5Src/A5Test/CompanyEmployeePayrollTest.java; line: 17
 message: The method assertEquals(String, String) is undefined for the type CompanyEmployeePayrollTest; code: 67108964; resource: /home/usman/Documents/Github/University/Winter 2021/Comp 3220/3220-workspace/A5_105219637/A5Src/A5Test/CompanyEmployeePayrollTest.java; line: 24
 message: The method assertEquals(String, String) is undefined for the type CompanyEmployeePayrollTest; code: 67108964; resource: /home/usman/Documents/Github/University/Winter 2021/Comp 3220/3220-workspace/A5_105219637/A5Src/A5Test/CompanyEmployeePayrollTest.java; line: 25
 message: The method assertEquals(String, String) is undefined for the type CompanyEmployeePayrollTest; code: 67108964; resource: /home/usman/Documents/Github/University/Winter 2021/Comp 3220/3220-workspace/A5_105219637/A5Src/A5Test/CompanyEmployeePayrollTest.java; line: 26
 message: The method assertEquals(double, double) is undefined for the type CompanyEmployeePayrollTest; code: 67108964; resource: /home/usman/Documents/Github/University/Winter 2021/Comp 3220/3220-workspace/A5_105219637/A5Src/A5Test/CompanyEmployeePayrollTest.java; line: 27
 message: The method assertEquals(double, double) is undefined for the type CompanyEmployeePayrollTest; code: 67108964; resource: /home/usman/Documents/Github/University/Winter 2021/Comp 3220/3220-workspace/A5_105219637/A5Src/A5Test/CompanyEmployeePayrollTest.java; line: 28
 message: Test cannot be resolved to a type; code: 16777218; resource: /home/usman/Documents/Github/University/Winter 2021/Comp 3220/3220-workspace/A5_105219637/A5Src/A5Test/CompanyEmployeePayrollTest.java; line: 31
 message: The method assertEquals(String, String) is undefined for the type CompanyEmployeePayrollTest; code: 67108964; resource: /home/usman/Documents/Github/University/Winter 2021/Comp 3220/3220-workspace/A5_105219637/A5Src/A5Test/CompanyEmployeePayrollTest.java; line: 40
 message: The method assertEquals(String, String) is undefined for the type CompanyEmployeePayrollTest; code: 67108964; resource: /home/usman/Documents/Github/University/Winter 2021/Comp 3220/3220-workspace/A5_105219637/A5Src/A5Test/CompanyEmployeePayrollTest.java; line: 41
 message: The method assertEquals(String, String) is undefined for the type CompanyEmployeePayrollTest; code: 67108964; resource: /home/usman/Documents/Github/University/Winter 2021/Comp 3220/3220-workspace/A5_105219637/A5Src/A5Test/CompanyEmployeePayrollTest.java; line: 42
 message: The method assertEquals(int, double) is undefined for the type CompanyEmployeePayrollTest; code: 67108964; resource: /home/usman/Documents/Github/University/Winter 2021/Comp 3220/3220-workspace/A5_105219637/A5Src/A5Test/CompanyEmployeePayrollTest.java; line: 43
 message: The method assertEquals(int, int) is undefined for the type CompanyEmployeePayrollTest; code: 67108964; resource: /home/usman/Documents/Github/University/Winter 2021/Comp 3220/3220-workspace/A5_105219637/A5Src/A5Test/CompanyEmployeePayrollTest.java; line: 44
 message: The method assertEquals(int, double) is undefined for the type CompanyEmployeePayrollTest; code: 67108964; resource: /home/usman/Documents/Github/University/Winter 2021/Comp 3220/3220-workspace/A5_105219637/A5Src/A5Test/CompanyEmployeePayrollTest.java; line: 45
 message: Test cannot be resolved to a type; code: 16777218; resource: /home/usman/Documents/Github/University/Winter 2021/Comp 3220/3220-workspace/A5_105219637/A5Src/A5Test/CompanyEmployeePayrollTest.java; line: 48
 message: The method assertEquals(String, String) is undefined for the type CompanyEmployeePayrollTest; code: 67108964; resource: /home/usman/Documents/Github/University/Winter 2021/Comp 3220/3220-workspace/A5_105219637/A5Src/A5Test/CompanyEmployeePayrollTest.java; line: 58
 message: The method assertEquals(String, String) is undefined for the type CompanyEmployeePayrollTest; code: 67108964; resource: /home/usman/Documents/Github/University/Winter 2021/Comp 3220/3220-workspace/A5_105219637/A5Src/A5Test/CompanyEmployeePayrollTest.java; line: 59
 message: The method assertEquals(String, String) is undefined for the type CompanyEmployeePayrollTest; code: 67108964; resource: /home/usman/Documents/Github/University/Winter 2021/Comp 3220/3220-workspace/A5_105219637/A5Src/A5Test/CompanyEmployeePayrollTest.java; line: 60
 message: The method assertEquals(int, double) is undefined for the type CompanyEmployeePayrollTest; code: 67108964; resource: /home/usman/Documents/Github/University/Winter 2021/Comp 3220/3220-workspace/A5_105219637/A5Src/A5Test/CompanyEmployeePayrollTest.java; line: 61
 message: The method assertEquals(double, double) is undefined for the type CompanyEmployeePayrollTest; code: 67108964; resource: /home/usman/Documents/Github/University/Winter 2021/Comp 3220/3220-workspace/A5_105219637/A5Src/A5Test/CompanyEmployeePayrollTest.java; line: 62
 message: The method assertEquals(int, double) is undefined for the type CompanyEmployeePayrollTest; code: 67108964; resource: /home/usman/Documents/Github/University/Winter 2021/Comp 3220/3220-workspace/A5_105219637/A5Src/A5Test/CompanyEmployeePayrollTest.java; line: 63
 message: The method assertEquals(int, double) is undefined for the type CompanyEmployeePayrollTest; code: 67108964; resource: /home/usman/Documents/Github/University/Winter 2021/Comp 3220/3220-workspace/A5_105219637/A5Src/A5Test/CompanyEmployeePayrollTest.java; line: 64
 message: Test cannot be resolved to a type; code: 16777218; resource: /home/usman/Documents/Github/University/Winter 2021/Comp 3220/3220-workspace/A5_105219637/A5Src/A5Test/CompanyEmployeePayrollTest.java; line: 66
 message: The method assertEquals(String, String) is undefined for the type CompanyEmployeePayrollTest; code: 67108964; resource: /home/usman/Documents/Github/University/Winter 2021/Comp 3220/3220-workspace/A5_105219637/A5Src/A5Test/CompanyEmployeePayrollTest.java; line: 72
 message: The method assertEquals(String, String) is undefined for the type CompanyEmployeePayrollTest; code: 67108964; resource: /home/usman/Documents/Github/University/Winter 2021/Comp 3220/3220-workspace/A5_105219637/A5Src/A5Test/CompanyEmployeePayrollTest.java; line: 73
 message: The method assertEquals(String, String) is undefined for the type CompanyEmployeePayrollTest; code: 67108964; resource: /home/usman/Documents/Github/University/Winter 2021/Comp 3220/3220-workspace/A5_105219637/A5Src/A5Test/CompanyEmployeePayrollTest.java; line: 74
 message: Test cannot be resolved to a type; code: 16777218; resource: /home/usman/Documents/Github/University/Winter 2021/Comp 3220/3220-workspace/A5_105219637/A5Src/A5Test/CompanyEmployeePayrollTest.java; line: 76
 message: The method assertEquals(String, String) is undefined for the type CompanyEmployeePayrollTest; code: 67108964; resource: /home/usman/Documents/Github/University/Winter 2021/Comp 3220/3220-workspace/A5_105219637/A5Src/A5Test/CompanyEmployeePayrollTest.java; line: 85
 message: The method assertEquals(String, String) is undefined for the type CompanyEmployeePayrollTest; code: 67108964; resource: /home/usman/Documents/Github/University/Winter 2021/Comp 3220/3220-workspace/A5_105219637/A5Src/A5Test/CompanyEmployeePayrollTest.java; line: 86
 message: The method assertEquals(String, String) is undefined for the type CompanyEmployeePayrollTest; code: 67108964; resource: /home/usman/Documents/Github/University/Winter 2021/Comp 3220/3220-workspace/A5_105219637/A5Src/A5Test/CompanyEmployeePayrollTest.java; line: 87
 message: The method assertEquals(double, double) is undefined for the type CompanyEmployeePayrollTest; code: 67108964; resource: /home/usman/Documents/Github/University/Winter 2021/Comp 3220/3220-workspace/A5_105219637/A5Src/A5Test/CompanyEmployeePayrollTest.java; line: 88
 message: The method assertEquals(int, double) is undefined for the type CompanyEmployeePayrollTest; code: 67108964; resource: /home/usman/Documents/Github/University/Winter 2021/Comp 3220/3220-workspace/A5_105219637/A5Src/A5Test/CompanyEmployeePayrollTest.java; line: 89
 message: The method assertEquals(int, double) is undefined for the type CompanyEmployeePayrollTest; code: 67108964; resource: /home/usman/Documents/Github/University/Winter 2021/Comp 3220/3220-workspace/A5_105219637/A5Src/A5Test/CompanyEmployeePayrollTest.java; line: 90
 message: Test cannot be resolved to a type; code: 16777218; resource: /home/usman/Documents/Github/University/Winter 2021/Comp 3220/3220-workspace/A5_105219637/A5Src/A5Test/CompanyEmployeePayrollTest.java; line: 94
 message: The method assertEquals(String, String) is undefined for the type CompanyEmployeePayrollTest; code: 67108964; resource: /home/usman/Documents/Github/University/Winter 2021/Comp 3220/3220-workspace/A5_105219637/A5Src/A5Test/CompanyEmployeePayrollTest.java; line: 103
 message: The method assertEquals(String, String) is undefined for the type CompanyEmployeePayrollTest; code: 67108964; resource: /home/usman/Documents/Github/University/Winter 2021/Comp 3220/3220-workspace/A5_105219637/A5Src/A5Test/CompanyEmployeePayrollTest.java; line: 104
 message: The method assertEquals(String, String) is undefined for the type CompanyEmployeePayrollTest; code: 67108964; resource: /home/usman/Documents/Github/University/Winter 2021/Comp 3220/3220-workspace/A5_105219637/A5Src/A5Test/CompanyEmployeePayrollTest.java; line: 105
 message: The method assertEquals(int, double) is undefined for the type CompanyEmployeePayrollTest; code: 67108964; resource: /home/usman/Documents/Github/University/Winter 2021/Comp 3220/3220-workspace/A5_105219637/A5Src/A5Test/CompanyEmployeePayrollTest.java; line: 106
 message: The method assertEquals(int, double) is undefined for the type CompanyEmployeePayrollTest; code: 67108964; resource: /home/usman/Documents/Github/University/Winter 2021/Comp 3220/3220-workspace/A5_105219637/A5Src/A5Test/CompanyEmployeePayrollTest.java; line: 107
 message: The method assertEquals(int, double) is undefined for the type CompanyEmployeePayrollTest; code: 67108964; resource: /home/usman/Documents/Github/University/Winter 2021/Comp 3220/3220-workspace/A5_105219637/A5Src/A5Test/CompanyEmployeePayrollTest.java; line: 108
 message: The project was not built since its build path is incomplete. Cannot find the class file for java.lang.Object. Fix the build path then try building this project; code: 0; resource: /home/usman/Documents/Github/University/Winter 2021/Comp 3220/3220-workspace/A7_105219637;
 message: The type java.lang.Object cannot be resolved. It is indirectly referenced from required .class files; code: 16777540; resource: /home/usman/Documents/Github/University/Winter 2021/Comp 3220/3220-workspace/A7_105219637/src/CompositePattern/Assembly.java; line: 1
 message: The project was not built since its build path is incomplete. Cannot find the class file for java.lang.Object. Fix the build path then try building this project; code: 0; resource: /home/usman/Documents/Github/University/Winter 2021/Comp 3220/3220-workspace/A8_105219637;
 message: The type java.lang.Object cannot be resolved. It is indirectly referenced from required .class files; code: 16777540; resource: /home/usman/Documents/Github/University/Winter 2021/Comp 3220/3220-workspace/A8_105219637/src/ObserverPattern/Channel.java; line: 1
 message: Project 'Comp2800W21' is missing required library: 'C:/Users/ufben/Desktop/jars4java3D/j3dexamples.jar'; code: 964; resource: /home/usman/Documents/Github/University/Winter 2021/Comp 2800/Comp2800W21;
 message: Project 'Comp2800W21' is missing required library: 'C:/Users/ufben/Desktop/jars4java3D/j3dutils.jar'; code: 964; resource: /home/usman/Documents/Github/University/Winter 2021/Comp 2800/Comp2800W21;
 message: Project 'Comp2800W21' is missing required library: 'C:/Users/ufben/Desktop/jars4java3D/jogamp-fat.jar'; code: 964; resource: /home/usman/Documents/Github/University/Winter 2021/Comp 2800/Comp2800W21;
 message: Project 'Comp2800W21' is missing required library: 'C:/Users/ufben/Desktop/jars4java3D/vecmath.jar'; code: 964; resource: /home/usman/Documents/Github/University/Winter 2021/Comp 2800/Comp2800W21;
 message: The project cannot be built until build path errors are resolved; code: 0; resource: /home/usman/Documents/Github/University/Winter 2021/Comp 2800/Comp2800W21;
 message: Project 'Comp2800W21' is missing required library: 'C:/Users/ufben/Desktop/jars4java3D/j3dcore.jar'; code: 964; resource: /home/usman/Documents/Github/University/Winter 2021/Comp 2800/Comp2800W21;
 message: Invalid classpath container: 'JUnit 5' in project 'SampleJUnit'; code: 962; resource: /home/usman/Documents/Github/University/Winter 2021/Comp 3220/Assignment5/SampleJUnit;
 message: The project cannot be built until build path errors are resolved; code: 0; resource: /home/usman/Documents/Github/University/Winter 2021/Comp 3220/Assignment5/SampleJUnit;
 message: The project was not built since its build path is incomplete. Cannot find the class file for java.lang.Object. Fix the build path then try building this project; code: 0; resource: /home/usman/Documents/Github/University/Winter 2021/Comp 3220/A6/TaxProcessing;
 message: The type java.lang.Object cannot be resolved. It is indirectly referenced from required .class files; code: 16777540; resource: /home/usman/Documents/Github/University/Winter 2021/Comp 3220/A6/TaxProcessing/src/AbstractFactory/CalculateTax.java; line: 1
 message: The project cannot be built until build path errors are resolved; code: 0; resource: /home/usman/Documents/Github/University/Winter 2021/Comp 3220/Assignment6/TaxProcessingBb;
 message: Project 'TaxProcessingBb' is missing required source folder: 'src'; code: 964; resource: /home/usman/Documents/Github/University/Winter 2021/Comp 3220/Assignment6/TaxProcessingBb;

!ENTRY org.eclipse.jdt.ls.core 1 0 2022-04-05 09:31:59.503
!MESSAGE >> build jobs finished

!ENTRY org.eclipse.jdt.ls.core 1 0 2022-04-05 09:31:59.525
!MESSAGE >> registerFeature 'workspace/didChangeWatchedFiles'

!ENTRY org.eclipse.jdt.ls.core 1 0 2022-04-05 09:31:59.527
!MESSAGE >> registerFeature 'workspace/didChangeWatchedFiles'

!ENTRY org.eclipse.jdt.ls.core 1 0 2022-04-05 09:31:59.527
!MESSAGE >> watchers registered
!SESSION 2022-04-05 09:32:02.018 -----------------------------------------------
eclipse.buildId=unknown
java.version=1.8.0_332
java.vendor=Oracle Corporation
BootLoader constants: OS=linux, ARCH=x86_64, WS=gtk, NL=en_US
Command-line arguments:  -data /home/usman/.config/coc/extensions/coc-java-data/jdt_ws_bdcf44d009f653134f2dc338892416de

!ENTRY org.eclipse.core.resources 2 10035 2022-04-05 09:32:02.433
!MESSAGE The workspace exited with unsaved changes in the previous session; refreshing workspace to recover changes.

!ENTRY org.eclipse.jdt.core 4 4 2022-04-05 09:32:02.555
!MESSAGE Unable to read variable and containers file
!STACK 0
java.io.EOFException
	at java.io.DataInputStream.readInt(DataInputStream.java:392)
	at org.eclipse.jdt.internal.core.JavaModelManager$VariablesAndContainersLoadHelper.loadInt(JavaModelManager.java:3960)
	at org.eclipse.jdt.internal.core.JavaModelManager$VariablesAndContainersLoadHelper.loadClasspathEntry(JavaModelManager.java:3888)
	at org.eclipse.jdt.internal.core.JavaModelManager$VariablesAndContainersLoadHelper.loadClasspathEntries(JavaModelManager.java:3882)
	at org.eclipse.jdt.internal.core.JavaModelManager$VariablesAndContainersLoadHelper.loadContainers(JavaModelManager.java:3937)
	at org.eclipse.jdt.internal.core.JavaModelManager$VariablesAndContainersLoadHelper.loadProjects(JavaModelManager.java:3994)
	at org.eclipse.jdt.internal.core.JavaModelManager$VariablesAndContainersLoadHelper.load(JavaModelManager.java:3828)
	at org.eclipse.jdt.internal.core.JavaModelManager.loadVariablesAndContainers(JavaModelManager.java:3660)
	at org.eclipse.jdt.internal.core.JavaModelManager.startup(JavaModelManager.java:5386)
	at org.eclipse.jdt.core.JavaCore.start(JavaCore.java:6412)
	at org.eclipse.osgi.internal.framework.BundleContextImpl$3.run(BundleContextImpl.java:843)
	at org.eclipse.osgi.internal.framework.BundleContextImpl$3.run(BundleContextImpl.java:1)
	at java.security.AccessController.doPrivileged(Native Method)
	at org.eclipse.osgi.internal.framework.BundleContextImpl.startActivator(BundleContextImpl.java:835)
	at org.eclipse.osgi.internal.framework.BundleContextImpl.start(BundleContextImpl.java:792)
	at org.eclipse.osgi.internal.framework.EquinoxBundle.startWorker0(EquinoxBundle.java:1015)
	at org.eclipse.osgi.internal.framework.EquinoxBundle$EquinoxModule.startWorker(EquinoxBundle.java:365)
	at org.eclipse.osgi.container.Module.doStart(Module.java:605)
	at org.eclipse.osgi.container.Module.start(Module.java:468)
	at org.eclipse.osgi.framework.util.SecureAction.start(SecureAction.java:493)
	at org.eclipse.osgi.internal.hooks.EclipseLazyStarter.postFindLocalClass(EclipseLazyStarter.java:117)
	at org.eclipse.osgi.internal.loader.classpath.ClasspathManager.findLocalClass(ClasspathManager.java:571)
	at org.eclipse.osgi.internal.loader.ModuleClassLoader.findLocalClass(ModuleClassLoader.java:346)
	at org.eclipse.osgi.internal.loader.BundleLoader.findLocalClass(BundleLoader.java:398)
	at org.eclipse.osgi.internal.loader.sources.SingleSourcePackage.loadClass(SingleSourcePackage.java:41)
	at org.eclipse.osgi.internal.loader.BundleLoader.findClass(BundleLoader.java:473)
	at org.eclipse.osgi.internal.loader.ModuleClassLoader.loadClass(ModuleClassLoader.java:171)
	at java.lang.ClassLoader.loadClass(ClassLoader.java:351)
	at org.eclipse.jdt.ls.core.internal.preferences.PreferenceManager.initialize(PreferenceManager.java:79)
	at org.eclipse.jdt.ls.core.internal.preferences.PreferenceManager.<init>(PreferenceManager.java:70)
	at org.eclipse.jdt.ls.core.internal.preferences.StandardPreferenceManager.<init>(StandardPreferenceManager.java:44)
	at org.eclipse.jdt.ls.core.internal.JavaLanguageServerPlugin.start(JavaLanguageServerPlugin.java:173)
	at org.eclipse.osgi.internal.framework.BundleContextImpl$3.run(BundleContextImpl.java:843)
	at org.eclipse.osgi.internal.framework.BundleContextImpl$3.run(BundleContextImpl.java:1)
	at java.security.AccessController.doPrivileged(Native Method)
	at org.eclipse.osgi.internal.framework.BundleContextImpl.startActivator(BundleContextImpl.java:835)
	at org.eclipse.osgi.internal.framework.BundleContextImpl.start(BundleContextImpl.java:792)
	at org.eclipse.osgi.internal.framework.EquinoxBundle.startWorker0(EquinoxBundle.java:1015)
	at org.eclipse.osgi.internal.framework.EquinoxBundle$EquinoxModule.startWorker(EquinoxBundle.java:365)
	at org.eclipse.osgi.container.Module.doStart(Module.java:605)
	at org.eclipse.osgi.container.Module.start(Module.java:468)
	at org.eclipse.osgi.container.ModuleContainer$ContainerStartLevel$2.run(ModuleContainer.java:1845)
	at org.eclipse.osgi.internal.framework.EquinoxContainerAdaptor$1$1.execute(EquinoxContainerAdaptor.java:136)
	at org.eclipse.osgi.container.ModuleContainer$ContainerStartLevel.incStartLevel(ModuleContainer.java:1838)
	at org.eclipse.osgi.container.ModuleContainer$ContainerStartLevel.incStartLevel(ModuleContainer.java:1781)
	at org.eclipse.osgi.container.ModuleContainer$ContainerStartLevel.doContainerStartLevel(ModuleContainer.java:1743)
	at org.eclipse.osgi.container.ModuleContainer$ContainerStartLevel.dispatchEvent(ModuleContainer.java:1665)
	at org.eclipse.osgi.container.ModuleContainer$ContainerStartLevel.dispatchEvent(ModuleContainer.java:1)
	at org.eclipse.osgi.framework.eventmgr.EventManager.dispatchEvent(EventManager.java:234)
	at org.eclipse.osgi.framework.eventmgr.EventManager$EventThread.run(EventManager.java:345)

!ENTRY org.eclipse.jdt.ls.core 1 0 2022-04-05 09:32:03.038
!MESSAGE class org.eclipse.jdt.ls.core.internal.JavaLanguageServerPlugin is started

!ENTRY org.eclipse.jdt.ls.core 1 0 2022-04-05 09:32:03.094
!MESSAGE Main thread is waiting

!ENTRY org.eclipse.jdt.ls.core 1 0 2022-04-05 09:32:03.106
!MESSAGE >> initialize

!ENTRY org.eclipse.jdt.ls.core 1 0 2022-04-05 09:32:03.109
!MESSAGE Initializing Java Language Server 0.57.0.202006172108

!ENTRY org.eclipse.jdt.ls.core 1 0 2022-04-05 09:32:03.117
!MESSAGE Static Commands: []

!ENTRY org.eclipse.jdt.ls.core 1 0 2022-04-05 09:32:03.117
!MESSAGE Non-Static Commands: [java.edit.organizeImports, java.project.refreshDiagnostics, java.project.import, java.project.removeFromSourcePath, java.project.listSourcePaths, java.project.provideSemanticTokens, java.project.getAll, java.project.isTestFile, java.project.getClasspaths, java.project.getSemanticTokensLegend, java.project.getSettings, java.project.updateSourceAttachment, java.project.resolveSourceAttachment, java.project.addToSourcePath]

!ENTRY org.eclipse.jdt.ls.core 1 0 2022-04-05 09:32:03.127
!MESSAGE >> initialized

!ENTRY org.eclipse.jdt.ls.core 1 0 2022-04-05 09:32:03.469
!MESSAGE Importing Eclipse project(s)

!ENTRY org.eclipse.core.resources 4 77 2022-04-05 09:32:03.479
!MESSAGE Invalid project description.
!SUBENTRY 1 unknown 0 0 2022-04-05 09:32:03.479
!MESSAGE OK
!SUBENTRY 1 org.eclipse.core.resources 4 77 2022-04-05 09:32:03.479
!MESSAGE /home/usman/Documents/Github/University/Winter 2021/Comp 3220/3220-workspace/A7_105219637 overlaps the location of another project: 'A7_105219637 (2)'

!ENTRY org.eclipse.jdt.ls.core 4 0 2022-04-05 09:32:03.479
!MESSAGE Initialization failed 
!STACK 0
java.lang.RuntimeException: org.eclipse.core.internal.resources.ResourceException: Invalid project description.
	at org.eclipse.jdt.ls.core.internal.managers.EclipseProjectImporter.importDir(EclipseProjectImporter.java:102)
	at org.eclipse.jdt.ls.core.internal.managers.EclipseProjectImporter.lambda$1(EclipseProjectImporter.java:69)
	at java.util.ArrayList.forEach(ArrayList.java:1259)
	at org.eclipse.jdt.ls.core.internal.managers.EclipseProjectImporter.importToWorkspace(EclipseProjectImporter.java:69)
	at org.eclipse.jdt.ls.core.internal.managers.ProjectsManager.importProjects(ProjectsManager.java:108)
	at org.eclipse.jdt.ls.core.internal.managers.ProjectsManager.initializeProjects(ProjectsManager.java:98)
	at org.eclipse.jdt.ls.core.internal.handlers.InitHandler$1.runInWorkspace(InitHandler.java:195)
	at org.eclipse.core.internal.resources.InternalWorkspaceJob.run(InternalWorkspaceJob.java:42)
	at org.eclipse.core.internal.jobs.Worker.run(Worker.java:63)
Caused by: org.eclipse.core.internal.resources.ResourceException: Invalid project description.
	at org.eclipse.core.internal.resources.Project.checkDescription(Project.java:173)
	at org.eclipse.core.internal.resources.Project.assertCreateRequirements(Project.java:57)
	at org.eclipse.core.internal.resources.Project.create(Project.java:266)
	at org.eclipse.core.internal.resources.Project.create(Project.java:252)
	at org.eclipse.jdt.ls.core.internal.managers.EclipseProjectImporter.importDir(EclipseProjectImporter.java:98)
	... 8 more

!ENTRY org.eclipse.jdt.ls.core 1 0 2022-04-05 09:32:03.528
!MESSAGE >> initialization job finished

!ENTRY org.eclipse.jdt.ls.core 1 0 2022-04-05 09:32:03.533
!MESSAGE >> workspace/didChangeConfiguration

!ENTRY org.eclipse.jdt.ls.core 1 0 2022-04-05 09:32:03.535
!MESSAGE >> java/buildWorkspace (incremental)

!ENTRY org.eclipse.jdt.ls.core 1 0 2022-04-05 09:32:03.544
!MESSAGE >> New configuration: {java={enabled=true, jdt={ls={vmargs=-noverify -Xmx1G -XX:+UseG1GC -XX:+UseStringDeduplication}}, errors={incompleteClasspath={severity=warning}}, configuration={checkProjectSettingsExclusions=true, updateBuildConfiguration=interactive, runtimes=[]}, trace={server=off}, import={gradle={enabled=true, wrapper={enabled=true}, offline={enabled=false}}, maven={enabled=true}, exclusions=[**/node_modules/**, **/.metadata/**, **/archetype-resources/**, **/META-INF/maven/**]}, maven={updateSnapshots=false, downloadSources=false}, referencesCodeLens={enabled=false}, signatureHelp={enabled=false}, implementationsCodeLens={enabled=false}, format={enabled=true, comments={enabled=true}, onType={enabled=true, fixComment={enabled=true}}}, saveActions={organizeImports=false}, project={referencedLibraries=[lib/**/*.jar], resourceFilters=[node_modules, .git]}, autobuild={enabled=true}, maxConcurrentBuilds=1.0, completion={maxResults=0.0, enabled=true, overwrite=true, guessMethodArguments=false, favoriteStaticMembers=[org.junit.Assert.*, org.junit.Assume.*, org.junit.jupiter.api.Assertions.*, org.junit.jupiter.api.Assumptions.*, org.junit.jupiter.api.DynamicContainer.*, org.junit.jupiter.api.DynamicTest.*, org.mockito.Mockito.*, org.mockito.ArgumentMatchers.*, org.mockito.Answers.*], filteredTypes=[java.awt.*, com.sun.*], importOrder=[java, javax, com, org]}, progressReports={enabled=true}, foldingRange={enabled=true}, codeGeneration={hashCodeEquals={useJava7Objects=false, useInstanceof=false}, useBlocks=false, generateComments=false, toString={template=${object.className} [${member.name()}=${member.value}, ${otherMembers}], codeStyle=STRING_CONCATENATION, skipNullValues=false, listArrayContents=true, limitElements=0.0}}, selectionRange={enabled=true}, sources={organizeImports={starThreshold=99.0, staticStarThreshold=99.0}}, templates={fileHeader=[], typeComment=[]}, references={includeAccessors=true}}}

!ENTRY org.eclipse.jdt.ls.core 1 0 2022-04-05 09:32:03.546
!MESSAGE >> document/didOpen

!ENTRY org.eclipse.jdt.ls.core 4 0 2022-04-05 09:32:03.753
!MESSAGE Error occured while building workspace. Details: 
 message: The project was not built since its build path is incomplete. Cannot find the class file for java.lang.Object. Fix the build path then try building this project; code: 0; resource: /home/usman/Documents/Github/University/Winter 2021/Comp 3220/3220-workspace/A5_105219637;
 message: The type java.lang.Object cannot be resolved. It is indirectly referenced from required .class files; code: 16777540; resource: /home/usman/Documents/Github/University/Winter 2021/Comp 3220/3220-workspace/A5_105219637/src/A5/BaseSalariedCommissionEmployee.java; line: 1
 message: The import org.junit cannot be resolved; code: 268435846; resource: /home/usman/Documents/Github/University/Winter 2021/Comp 3220/3220-workspace/A5_105219637/A5Src/A5Test/CompanyEmployeePayrollTest.java; line: 2
 message: The import org.junit cannot be resolved; code: 268435846; resource: /home/usman/Documents/Github/University/Winter 2021/Comp 3220/3220-workspace/A5_105219637/A5Src/A5Test/CompanyEmployeePayrollTest.java; line: 3
 message: The import org.junit cannot be resolved; code: 268435846; resource: /home/usman/Documents/Github/University/Winter 2021/Comp 3220/3220-workspace/A5_105219637/A5Src/A5Test/CompanyEmployeePayrollTest.java; line: 11
 message: The import org.junit cannot be resolved; code: 268435846; resource: /home/usman/Documents/Github/University/Winter 2021/Comp 3220/3220-workspace/A5_105219637/A5Src/A5Test/CompanyEmployeePayrollTest.java; line: 13
 message: Test cannot be resolved to a type; code: 16777218; resource: /home/usman/Documents/Github/University/Winter 2021/Comp 3220/3220-workspace/A5_105219637/A5Src/A5Test/CompanyEmployeePayrollTest.java; line: 17
 message: The method assertEquals(String, String) is undefined for the type CompanyEmployeePayrollTest; code: 67108964; resource: /home/usman/Documents/Github/University/Winter 2021/Comp 3220/3220-workspace/A5_105219637/A5Src/A5Test/CompanyEmployeePayrollTest.java; line: 24
 message: The method assertEquals(String, String) is undefined for the type CompanyEmployeePayrollTest; code: 67108964; resource: /home/usman/Documents/Github/University/Winter 2021/Comp 3220/3220-workspace/A5_105219637/A5Src/A5Test/CompanyEmployeePayrollTest.java; line: 25
 message: The method assertEquals(String, String) is undefined for the type CompanyEmployeePayrollTest; code: 67108964; resource: /home/usman/Documents/Github/University/Winter 2021/Comp 3220/3220-workspace/A5_105219637/A5Src/A5Test/CompanyEmployeePayrollTest.java; line: 26
 message: The method assertEquals(double, double) is undefined for the type CompanyEmployeePayrollTest; code: 67108964; resource: /home/usman/Documents/Github/University/Winter 2021/Comp 3220/3220-workspace/A5_105219637/A5Src/A5Test/CompanyEmployeePayrollTest.java; line: 27
 message: The method assertEquals(double, double) is undefined for the type CompanyEmployeePayrollTest; code: 67108964; resource: /home/usman/Documents/Github/University/Winter 2021/Comp 3220/3220-workspace/A5_105219637/A5Src/A5Test/CompanyEmployeePayrollTest.java; line: 28
 message: Test cannot be resolved to a type; code: 16777218; resource: /home/usman/Documents/Github/University/Winter 2021/Comp 3220/3220-workspace/A5_105219637/A5Src/A5Test/CompanyEmployeePayrollTest.java; line: 31
 message: The method assertEquals(String, String) is undefined for the type CompanyEmployeePayrollTest; code: 67108964; resource: /home/usman/Documents/Github/University/Winter 2021/Comp 3220/3220-workspace/A5_105219637/A5Src/A5Test/CompanyEmployeePayrollTest.java; line: 40
 message: The method assertEquals(String, String) is undefined for the type CompanyEmployeePayrollTest; code: 67108964; resource: /home/usman/Documents/Github/University/Winter 2021/Comp 3220/3220-workspace/A5_105219637/A5Src/A5Test/CompanyEmployeePayrollTest.java; line: 41
 message: The method assertEquals(String, String) is undefined for the type CompanyEmployeePayrollTest; code: 67108964; resource: /home/usman/Documents/Github/University/Winter 2021/Comp 3220/3220-workspace/A5_105219637/A5Src/A5Test/CompanyEmployeePayrollTest.java; line: 42
 message: The method assertEquals(int, double) is undefined for the type CompanyEmployeePayrollTest; code: 67108964; resource: /home/usman/Documents/Github/University/Winter 2021/Comp 3220/3220-workspace/A5_105219637/A5Src/A5Test/CompanyEmployeePayrollTest.java; line: 43
 message: The method assertEquals(int, int) is undefined for the type CompanyEmployeePayrollTest; code: 67108964; resource: /home/usman/Documents/Github/University/Winter 2021/Comp 3220/3220-workspace/A5_105219637/A5Src/A5Test/CompanyEmployeePayrollTest.java; line: 44
 message: The method assertEquals(int, double) is undefined for the type CompanyEmployeePayrollTest; code: 67108964; resource: /home/usman/Documents/Github/University/Winter 2021/Comp 3220/3220-workspace/A5_105219637/A5Src/A5Test/CompanyEmployeePayrollTest.java; line: 45
 message: Test cannot be resolved to a type; code: 16777218; resource: /home/usman/Documents/Github/University/Winter 2021/Comp 3220/3220-workspace/A5_105219637/A5Src/A5Test/CompanyEmployeePayrollTest.java; line: 48
 message: The method assertEquals(String, String) is undefined for the type CompanyEmployeePayrollTest; code: 67108964; resource: /home/usman/Documents/Github/University/Winter 2021/Comp 3220/3220-workspace/A5_105219637/A5Src/A5Test/CompanyEmployeePayrollTest.java; line: 58
 message: The method assertEquals(String, String) is undefined for the type CompanyEmployeePayrollTest; code: 67108964; resource: /home/usman/Documents/Github/University/Winter 2021/Comp 3220/3220-workspace/A5_105219637/A5Src/A5Test/CompanyEmployeePayrollTest.java; line: 59
 message: The method assertEquals(String, String) is undefined for the type CompanyEmployeePayrollTest; code: 67108964; resource: /home/usman/Documents/Github/University/Winter 2021/Comp 3220/3220-workspace/A5_105219637/A5Src/A5Test/CompanyEmployeePayrollTest.java; line: 60
 message: The method assertEquals(int, double) is undefined for the type CompanyEmployeePayrollTest; code: 67108964; resource: /home/usman/Documents/Github/University/Winter 2021/Comp 3220/3220-workspace/A5_105219637/A5Src/A5Test/CompanyEmployeePayrollTest.java; line: 61
 message: The method assertEquals(double, double) is undefined for the type CompanyEmployeePayrollTest; code: 67108964; resource: /home/usman/Documents/Github/University/Winter 2021/Comp 3220/3220-workspace/A5_105219637/A5Src/A5Test/CompanyEmployeePayrollTest.java; line: 62
 message: The method assertEquals(int, double) is undefined for the type CompanyEmployeePayrollTest; code: 67108964; resource: /home/usman/Documents/Github/University/Winter 2021/Comp 3220/3220-workspace/A5_105219637/A5Src/A5Test/CompanyEmployeePayrollTest.java; line: 63
 message: The method assertEquals(int, double) is undefined for the type CompanyEmployeePayrollTest; code: 67108964; resource: /home/usman/Documents/Github/University/Winter 2021/Comp 3220/3220-workspace/A5_105219637/A5Src/A5Test/CompanyEmployeePayrollTest.java; line: 64
 message: Test cannot be resolved to a type; code: 16777218; resource: /home/usman/Documents/Github/University/Winter 2021/Comp 3220/3220-workspace/A5_105219637/A5Src/A5Test/CompanyEmployeePayrollTest.java; line: 66
 message: The method assertEquals(String, String) is undefined for the type CompanyEmployeePayrollTest; code: 67108964; resource: /home/usman/Documents/Github/University/Winter 2021/Comp 3220/3220-workspace/A5_105219637/A5Src/A5Test/CompanyEmployeePayrollTest.java; line: 72
 message: The method assertEquals(String, String) is undefined for the type CompanyEmployeePayrollTest; code: 67108964; resource: /home/usman/Documents/Github/University/Winter 2021/Comp 3220/3220-workspace/A5_105219637/A5Src/A5Test/CompanyEmployeePayrollTest.java; line: 73
 message: The method assertEquals(String, String) is undefined for the type CompanyEmployeePayrollTest; code: 67108964; resource: /home/usman/Documents/Github/University/Winter 2021/Comp 3220/3220-workspace/A5_105219637/A5Src/A5Test/CompanyEmployeePayrollTest.java; line: 74
 message: Test cannot be resolved to a type; code: 16777218; resource: /home/usman/Documents/Github/University/Winter 2021/Comp 3220/3220-workspace/A5_105219637/A5Src/A5Test/CompanyEmployeePayrollTest.java; line: 76
 message: The method assertEquals(String, String) is undefined for the type CompanyEmployeePayrollTest; code: 67108964; resource: /home/usman/Documents/Github/University/Winter 2021/Comp 3220/3220-workspace/A5_105219637/A5Src/A5Test/CompanyEmployeePayrollTest.java; line: 85
 message: The method assertEquals(String, String) is undefined for the type CompanyEmployeePayrollTest; code: 67108964; resource: /home/usman/Documents/Github/University/Winter 2021/Comp 3220/3220-workspace/A5_105219637/A5Src/A5Test/CompanyEmployeePayrollTest.java; line: 86
 message: The method assertEquals(String, String) is undefined for the type CompanyEmployeePayrollTest; code: 67108964; resource: /home/usman/Documents/Github/University/Winter 2021/Comp 3220/3220-workspace/A5_105219637/A5Src/A5Test/CompanyEmployeePayrollTest.java; line: 87
 message: The method assertEquals(double, double) is undefined for the type CompanyEmployeePayrollTest; code: 67108964; resource: /home/usman/Documents/Github/University/Winter 2021/Comp 3220/3220-workspace/A5_105219637/A5Src/A5Test/CompanyEmployeePayrollTest.java; line: 88
 message: The method assertEquals(int, double) is undefined for the type CompanyEmployeePayrollTest; code: 67108964; resource: /home/usman/Documents/Github/University/Winter 2021/Comp 3220/3220-workspace/A5_105219637/A5Src/A5Test/CompanyEmployeePayrollTest.java; line: 89
 message: The method assertEquals(int, double) is undefined for the type CompanyEmployeePayrollTest; code: 67108964; resource: /home/usman/Documents/Github/University/Winter 2021/Comp 3220/3220-workspace/A5_105219637/A5Src/A5Test/CompanyEmployeePayrollTest.java; line: 90
 message: Test cannot be resolved to a type; code: 16777218; resource: /home/usman/Documents/Github/University/Winter 2021/Comp 3220/3220-workspace/A5_105219637/A5Src/A5Test/CompanyEmployeePayrollTest.java; line: 94
 message: The method assertEquals(String, String) is undefined for the type CompanyEmployeePayrollTest; code: 67108964; resource: /home/usman/Documents/Github/University/Winter 2021/Comp 3220/3220-workspace/A5_105219637/A5Src/A5Test/CompanyEmployeePayrollTest.java; line: 103
 message: The method assertEquals(String, String) is undefined for the type CompanyEmployeePayrollTest; code: 67108964; resource: /home/usman/Documents/Github/University/Winter 2021/Comp 3220/3220-workspace/A5_105219637/A5Src/A5Test/CompanyEmployeePayrollTest.java; line: 104
 message: The method assertEquals(String, String) is undefined for the type CompanyEmployeePayrollTest; code: 67108964; resource: /home/usman/Documents/Github/University/Winter 2021/Comp 3220/3220-workspace/A5_105219637/A5Src/A5Test/CompanyEmployeePayrollTest.java; line: 105
 message: The method assertEquals(int, double) is undefined for the type CompanyEmployeePayrollTest; code: 67108964; resource: /home/usman/Documents/Github/University/Winter 2021/Comp 3220/3220-workspace/A5_105219637/A5Src/A5Test/CompanyEmployeePayrollTest.java; line: 106
 message: The method assertEquals(int, double) is undefined for the type CompanyEmployeePayrollTest; code: 67108964; resource: /home/usman/Documents/Github/University/Winter 2021/Comp 3220/3220-workspace/A5_105219637/A5Src/A5Test/CompanyEmployeePayrollTest.java; line: 107
 message: The method assertEquals(int, double) is undefined for the type CompanyEmployeePayrollTest; code: 67108964; resource: /home/usman/Documents/Github/University/Winter 2021/Comp 3220/3220-workspace/A5_105219637/A5Src/A5Test/CompanyEmployeePayrollTest.java; line: 108
 message: The project was not built since its build path is incomplete. Cannot find the class file for java.lang.Object. Fix the build path then try building this project; code: 0; resource: /home/usman/Documents/Github/University/Winter 2021/Comp 3220/3220-workspace/A7_105219637;
 message: The type java.lang.Object cannot be resolved. It is indirectly referenced from required .class files; code: 16777540; resource: /home/usman/Documents/Github/University/Winter 2021/Comp 3220/3220-workspace/A7_105219637/src/CompositePattern/Assembly.java; line: 1
 message: The project was not built since its build path is incomplete. Cannot find the class file for java.lang.Object. Fix the build path then try building this project; code: 0; resource: /home/usman/Documents/Github/University/Winter 2021/Comp 3220/3220-workspace/A8_105219637;
 message: The type java.lang.Object cannot be resolved. It is indirectly referenced from required .class files; code: 16777540; resource: /home/usman/Documents/Github/University/Winter 2021/Comp 3220/3220-workspace/A8_105219637/src/ObserverPattern/Channel.java; line: 1
 message: Project 'Comp2800W21' is missing required library: 'C:/Users/ufben/Desktop/jars4java3D/j3dexamples.jar'; code: 964; resource: /home/usman/Documents/Github/University/Winter 2021/Comp 2800/Comp2800W21;
 message: Project 'Comp2800W21' is missing required library: 'C:/Users/ufben/Desktop/jars4java3D/j3dutils.jar'; code: 964; resource: /home/usman/Documents/Github/University/Winter 2021/Comp 2800/Comp2800W21;
 message: Project 'Comp2800W21' is missing required library: 'C:/Users/ufben/Desktop/jars4java3D/jogamp-fat.jar'; code: 964; resource: /home/usman/Documents/Github/University/Winter 2021/Comp 2800/Comp2800W21;
 message: Project 'Comp2800W21' is missing required library: 'C:/Users/ufben/Desktop/jars4java3D/vecmath.jar'; code: 964; resource: /home/usman/Documents/Github/University/Winter 2021/Comp 2800/Comp2800W21;
 message: The project cannot be built until build path errors are resolved; code: 0; resource: /home/usman/Documents/Github/University/Winter 2021/Comp 2800/Comp2800W21;
 message: Project 'Comp2800W21' is missing required library: 'C:/Users/ufben/Desktop/jars4java3D/j3dcore.jar'; code: 964; resource: /home/usman/Documents/Github/University/Winter 2021/Comp 2800/Comp2800W21;
 message: Invalid classpath container: 'JUnit 5' in project 'SampleJUnit'; code: 962; resource: /home/usman/Documents/Github/University/Winter 2021/Comp 3220/Assignment5/SampleJUnit;
 message: The project cannot be built until build path errors are resolved; code: 0; resource: /home/usman/Documents/Github/University/Winter 2021/Comp 3220/Assignment5/SampleJUnit;
 message: The project was not built since its build path is incomplete. Cannot find the class file for java.lang.Object. Fix the build path then try building this project; code: 0; resource: /home/usman/Documents/Github/University/Winter 2021/Comp 3220/A6/TaxProcessing;
 message: The type java.lang.Object cannot be resolved. It is indirectly referenced from required .class files; code: 16777540; resource: /home/usman/Documents/Github/University/Winter 2021/Comp 3220/A6/TaxProcessing/src/AbstractFactory/CalculateTax.java; line: 1
 message: The project cannot be built until build path errors are resolved; code: 0; resource: /home/usman/Documents/Github/University/Winter 2021/Comp 3220/Assignment6/TaxProcessingBb;
 message: Project 'TaxProcessingBb' is missing required source folder: 'src'; code: 964; resource: /home/usman/Documents/Github/University/Winter 2021/Comp 3220/Assignment6/TaxProcessingBb;

!ENTRY org.eclipse.jdt.ls.core 1 0 2022-04-05 09:32:03.792
!MESSAGE Reconciled 0. Took 6 ms

!ENTRY org.eclipse.jdt.ls.core 1 0 2022-04-05 09:32:03.905
!MESSAGE begin problem for /A5.java

!ENTRY org.eclipse.jdt.ls.core 1 0 2022-04-05 09:32:03.905
!MESSAGE 1 problems reported for /A5.java

!ENTRY org.eclipse.jdt.ls.core 1 0 2022-04-05 09:32:03.908
!MESSAGE Validated 1. Took 112 ms

!ENTRY org.eclipse.jdt.ls.core 1 0 2022-04-05 09:32:03.928
!MESSAGE >> build jobs finished

!ENTRY org.eclipse.jdt.ls.core 1 0 2022-04-05 09:32:03.955
!MESSAGE >> registerFeature 'workspace/didChangeWatchedFiles'

!ENTRY org.eclipse.jdt.ls.core 1 0 2022-04-05 09:32:03.956
!MESSAGE >> registerFeature 'workspace/didChangeWatchedFiles'

!ENTRY org.eclipse.jdt.ls.core 1 0 2022-04-05 09:32:03.957
!MESSAGE >> watchers registered

!ENTRY org.eclipse.jdt.ls.core 1 0 2022-04-05 09:32:04.173
!MESSAGE >> registerFeature 'workspace/didChangeWatchedFiles'

!ENTRY org.eclipse.core.resources 4 2 2022-04-05 09:37:02.867
!MESSAGE Problems occurred when invoking code from plug-in: "org.eclipse.core.resources".
!STACK 0
java.lang.NullPointerException
	at org.eclipse.jdt.internal.compiler.util.HashtableOfObjectToInt.get(HashtableOfObjectToInt.java:75)
	at org.eclipse.jdt.internal.core.JavaModelManager$VariablesAndContainersSaveHelper.saveNewId(JavaModelManager.java:4581)
	at org.eclipse.jdt.internal.core.JavaModelManager$VariablesAndContainersSaveHelper.saveClasspathEntry(JavaModelManager.java:4535)
	at org.eclipse.jdt.internal.core.JavaModelManager$VariablesAndContainersSaveHelper.saveClasspathEntries(JavaModelManager.java:4530)
	at org.eclipse.jdt.internal.core.JavaModelManager$VariablesAndContainersSaveHelper.saveContainers(JavaModelManager.java:4572)
	at org.eclipse.jdt.internal.core.JavaModelManager$VariablesAndContainersSaveHelper.saveProjects(JavaModelManager.java:4636)
	at org.eclipse.jdt.internal.core.JavaModelManager$VariablesAndContainersSaveHelper.save(JavaModelManager.java:4477)
	at org.eclipse.jdt.internal.core.JavaModelManager.saveVariablesAndContainers(JavaModelManager.java:4448)
	at org.eclipse.jdt.internal.core.JavaModelManager.saving(JavaModelManager.java:4680)
	at org.eclipse.core.internal.resources.SaveManager.executeLifecycle(SaveManager.java:387)
	at org.eclipse.core.internal.resources.SaveManager$1.run(SaveManager.java:204)
	at org.eclipse.core.runtime.SafeRunner.run(SafeRunner.java:45)
	at org.eclipse.core.internal.resources.SaveManager.broadcastLifecycle(SaveManager.java:207)
	at org.eclipse.core.internal.resources.SaveManager.save(SaveManager.java:1164)
	at org.eclipse.core.internal.resources.SaveManager.save(SaveManager.java:1143)
	at org.eclipse.core.internal.resources.DelayedSnapshotJob.run(DelayedSnapshotJob.java:55)
	at org.eclipse.core.internal.jobs.Worker.run(Worker.java:63)

!ENTRY org.eclipse.core.resources 2 2 2022-04-05 09:37:02.876
!MESSAGE Save operation warnings.
!SUBENTRY 1 org.eclipse.core.resources 2 566 2022-04-05 09:37:02.876
!MESSAGE Problems occurred during save.
!STACK 0
java.lang.NullPointerException
	at org.eclipse.jdt.internal.compiler.util.HashtableOfObjectToInt.get(HashtableOfObjectToInt.java:75)
	at org.eclipse.jdt.internal.core.JavaModelManager$VariablesAndContainersSaveHelper.saveNewId(JavaModelManager.java:4581)
	at org.eclipse.jdt.internal.core.JavaModelManager$VariablesAndContainersSaveHelper.saveClasspathEntry(JavaModelManager.java:4535)
	at org.eclipse.jdt.internal.core.JavaModelManager$VariablesAndContainersSaveHelper.saveClasspathEntries(JavaModelManager.java:4530)
	at org.eclipse.jdt.internal.core.JavaModelManager$VariablesAndContainersSaveHelper.saveContainers(JavaModelManager.java:4572)
	at org.eclipse.jdt.internal.core.JavaModelManager$VariablesAndContainersSaveHelper.saveProjects(JavaModelManager.java:4636)
	at org.eclipse.jdt.internal.core.JavaModelManager$VariablesAndContainersSaveHelper.save(JavaModelManager.java:4477)
	at org.eclipse.jdt.internal.core.JavaModelManager.saveVariablesAndContainers(JavaModelManager.java:4448)
	at org.eclipse.jdt.internal.core.JavaModelManager.saving(JavaModelManager.java:4680)
	at org.eclipse.core.internal.resources.SaveManager.executeLifecycle(SaveManager.java:387)
	at org.eclipse.core.internal.resources.SaveManager$1.run(SaveManager.java:204)
	at org.eclipse.core.runtime.SafeRunner.run(SafeRunner.java:45)
	at org.eclipse.core.internal.resources.SaveManager.broadcastLifecycle(SaveManager.java:207)
	at org.eclipse.core.internal.resources.SaveManager.save(SaveManager.java:1164)
	at org.eclipse.core.internal.resources.SaveManager.save(SaveManager.java:1143)
	at org.eclipse.core.internal.resources.DelayedSnapshotJob.run(DelayedSnapshotJob.java:55)
	at org.eclipse.core.internal.jobs.Worker.run(Worker.java:63)

!ENTRY org.eclipse.jdt.ls.core 1 0 2022-04-05 09:46:32.816
!MESSAGE >> document/didClose

!ENTRY org.eclipse.jdt.ls.core 1 0 2022-04-05 09:46:32.822
!MESSAGE Clearing problems for /A5.java

!ENTRY org.eclipse.jdt.ls.core 1 0 2022-04-05 09:51:12.299
!MESSAGE >> document/didClose

!ENTRY org.eclipse.jdt.ls.core 1 0 2022-04-05 09:51:12.305
!MESSAGE Clearing problems for /A5Scanner.java
!SESSION 2022-04-05 09:51:21.686 -----------------------------------------------
eclipse.buildId=unknown
java.version=1.8.0_332
java.vendor=Oracle Corporation
BootLoader constants: OS=linux, ARCH=x86_64, WS=gtk, NL=en_US
Command-line arguments:  -data /home/usman/.config/coc/extensions/coc-java-data/jdt_ws_bdcf44d009f653134f2dc338892416de

!ENTRY org.eclipse.core.resources 2 10035 2022-04-05 09:51:22.091
!MESSAGE The workspace exited with unsaved changes in the previous session; refreshing workspace to recover changes.

!ENTRY org.eclipse.jdt.core 4 4 2022-04-05 09:51:22.219
!MESSAGE Unable to read variable and containers file
!STACK 0
java.io.EOFException
	at java.io.DataInputStream.readInt(DataInputStream.java:392)
	at org.eclipse.jdt.internal.core.JavaModelManager$VariablesAndContainersLoadHelper.loadInt(JavaModelManager.java:3960)
	at org.eclipse.jdt.internal.core.JavaModelManager$VariablesAndContainersLoadHelper.loadClasspathEntry(JavaModelManager.java:3888)
	at org.eclipse.jdt.internal.core.JavaModelManager$VariablesAndContainersLoadHelper.loadClasspathEntries(JavaModelManager.java:3882)
	at org.eclipse.jdt.internal.core.JavaModelManager$VariablesAndContainersLoadHelper.loadContainers(JavaModelManager.java:3937)
	at org.eclipse.jdt.internal.core.JavaModelManager$VariablesAndContainersLoadHelper.loadProjects(JavaModelManager.java:3994)
	at org.eclipse.jdt.internal.core.JavaModelManager$VariablesAndContainersLoadHelper.load(JavaModelManager.java:3828)
	at org.eclipse.jdt.internal.core.JavaModelManager.loadVariablesAndContainers(JavaModelManager.java:3660)
	at org.eclipse.jdt.internal.core.JavaModelManager.startup(JavaModelManager.java:5386)
	at org.eclipse.jdt.core.JavaCore.start(JavaCore.java:6412)
	at org.eclipse.osgi.internal.framework.BundleContextImpl$3.run(BundleContextImpl.java:843)
	at org.eclipse.osgi.internal.framework.BundleContextImpl$3.run(BundleContextImpl.java:1)
	at java.security.AccessController.doPrivileged(Native Method)
	at org.eclipse.osgi.internal.framework.BundleContextImpl.startActivator(BundleContextImpl.java:835)
	at org.eclipse.osgi.internal.framework.BundleContextImpl.start(BundleContextImpl.java:792)
	at org.eclipse.osgi.internal.framework.EquinoxBundle.startWorker0(EquinoxBundle.java:1015)
	at org.eclipse.osgi.internal.framework.EquinoxBundle$EquinoxModule.startWorker(EquinoxBundle.java:365)
	at org.eclipse.osgi.container.Module.doStart(Module.java:605)
	at org.eclipse.osgi.container.Module.start(Module.java:468)
	at org.eclipse.osgi.framework.util.SecureAction.start(SecureAction.java:493)
	at org.eclipse.osgi.internal.hooks.EclipseLazyStarter.postFindLocalClass(EclipseLazyStarter.java:117)
	at org.eclipse.osgi.internal.loader.classpath.ClasspathManager.findLocalClass(ClasspathManager.java:571)
	at org.eclipse.osgi.internal.loader.ModuleClassLoader.findLocalClass(ModuleClassLoader.java:346)
	at org.eclipse.osgi.internal.loader.BundleLoader.findLocalClass(BundleLoader.java:398)
	at org.eclipse.osgi.internal.loader.sources.SingleSourcePackage.loadClass(SingleSourcePackage.java:41)
	at org.eclipse.osgi.internal.loader.BundleLoader.findClass(BundleLoader.java:473)
	at org.eclipse.osgi.internal.loader.ModuleClassLoader.loadClass(ModuleClassLoader.java:171)
	at java.lang.ClassLoader.loadClass(ClassLoader.java:351)
	at org.eclipse.jdt.ls.core.internal.preferences.PreferenceManager.initialize(PreferenceManager.java:79)
	at org.eclipse.jdt.ls.core.internal.preferences.PreferenceManager.<init>(PreferenceManager.java:70)
	at org.eclipse.jdt.ls.core.internal.preferences.StandardPreferenceManager.<init>(StandardPreferenceManager.java:44)
	at org.eclipse.jdt.ls.core.internal.JavaLanguageServerPlugin.start(JavaLanguageServerPlugin.java:173)
	at org.eclipse.osgi.internal.framework.BundleContextImpl$3.run(BundleContextImpl.java:843)
	at org.eclipse.osgi.internal.framework.BundleContextImpl$3.run(BundleContextImpl.java:1)
	at java.security.AccessController.doPrivileged(Native Method)
	at org.eclipse.osgi.internal.framework.BundleContextImpl.startActivator(BundleContextImpl.java:835)
	at org.eclipse.osgi.internal.framework.BundleContextImpl.start(BundleContextImpl.java:792)
	at org.eclipse.osgi.internal.framework.EquinoxBundle.startWorker0(EquinoxBundle.java:1015)
	at org.eclipse.osgi.internal.framework.EquinoxBundle$EquinoxModule.startWorker(EquinoxBundle.java:365)
	at org.eclipse.osgi.container.Module.doStart(Module.java:605)
	at org.eclipse.osgi.container.Module.start(Module.java:468)
	at org.eclipse.osgi.container.ModuleContainer$ContainerStartLevel$2.run(ModuleContainer.java:1845)
	at org.eclipse.osgi.internal.framework.EquinoxContainerAdaptor$1$1.execute(EquinoxContainerAdaptor.java:136)
	at org.eclipse.osgi.container.ModuleContainer$ContainerStartLevel.incStartLevel(ModuleContainer.java:1838)
	at org.eclipse.osgi.container.ModuleContainer$ContainerStartLevel.incStartLevel(ModuleContainer.java:1781)
	at org.eclipse.osgi.container.ModuleContainer$ContainerStartLevel.doContainerStartLevel(ModuleContainer.java:1743)
	at org.eclipse.osgi.container.ModuleContainer$ContainerStartLevel.dispatchEvent(ModuleContainer.java:1665)
	at org.eclipse.osgi.container.ModuleContainer$ContainerStartLevel.dispatchEvent(ModuleContainer.java:1)
	at org.eclipse.osgi.framework.eventmgr.EventManager.dispatchEvent(EventManager.java:234)
	at org.eclipse.osgi.framework.eventmgr.EventManager$EventThread.run(EventManager.java:345)

!ENTRY org.eclipse.jdt.ls.core 1 0 2022-04-05 09:51:22.706
!MESSAGE class org.eclipse.jdt.ls.core.internal.JavaLanguageServerPlugin is started

!ENTRY org.eclipse.jdt.ls.core 1 0 2022-04-05 09:51:22.756
!MESSAGE Main thread is waiting

!ENTRY org.eclipse.jdt.ls.core 1 0 2022-04-05 09:51:22.768
!MESSAGE >> initialize

!ENTRY org.eclipse.jdt.ls.core 1 0 2022-04-05 09:51:22.771
!MESSAGE Initializing Java Language Server 0.57.0.202006172108

!ENTRY org.eclipse.jdt.ls.core 1 0 2022-04-05 09:51:22.779
!MESSAGE Static Commands: []

!ENTRY org.eclipse.jdt.ls.core 1 0 2022-04-05 09:51:22.779
!MESSAGE Non-Static Commands: [java.edit.organizeImports, java.project.refreshDiagnostics, java.project.import, java.project.removeFromSourcePath, java.project.listSourcePaths, java.project.provideSemanticTokens, java.project.getAll, java.project.isTestFile, java.project.getClasspaths, java.project.getSemanticTokensLegend, java.project.getSettings, java.project.updateSourceAttachment, java.project.resolveSourceAttachment, java.project.addToSourcePath]

!ENTRY org.eclipse.jdt.ls.core 1 0 2022-04-05 09:51:22.788
!MESSAGE >> initialized

!ENTRY org.eclipse.jdt.ls.core 1 0 2022-04-05 09:51:23.112
!MESSAGE Importing Eclipse project(s)

!ENTRY org.eclipse.core.resources 4 77 2022-04-05 09:51:23.122
!MESSAGE Invalid project description.
!SUBENTRY 1 unknown 0 0 2022-04-05 09:51:23.122
!MESSAGE OK
!SUBENTRY 1 org.eclipse.core.resources 4 77 2022-04-05 09:51:23.122
!MESSAGE /home/usman/Documents/Github/University/Winter 2021/Comp 3220/3220-workspace/A7_105219637 overlaps the location of another project: 'A7_105219637 (2)'

!ENTRY org.eclipse.jdt.ls.core 4 0 2022-04-05 09:51:23.122
!MESSAGE Initialization failed 
!STACK 0
java.lang.RuntimeException: org.eclipse.core.internal.resources.ResourceException: Invalid project description.
	at org.eclipse.jdt.ls.core.internal.managers.EclipseProjectImporter.importDir(EclipseProjectImporter.java:102)
	at org.eclipse.jdt.ls.core.internal.managers.EclipseProjectImporter.lambda$1(EclipseProjectImporter.java:69)
	at java.util.ArrayList.forEach(ArrayList.java:1259)
	at org.eclipse.jdt.ls.core.internal.managers.EclipseProjectImporter.importToWorkspace(EclipseProjectImporter.java:69)
	at org.eclipse.jdt.ls.core.internal.managers.ProjectsManager.importProjects(ProjectsManager.java:108)
	at org.eclipse.jdt.ls.core.internal.managers.ProjectsManager.initializeProjects(ProjectsManager.java:98)
	at org.eclipse.jdt.ls.core.internal.handlers.InitHandler$1.runInWorkspace(InitHandler.java:195)
	at org.eclipse.core.internal.resources.InternalWorkspaceJob.run(InternalWorkspaceJob.java:42)
	at org.eclipse.core.internal.jobs.Worker.run(Worker.java:63)
Caused by: org.eclipse.core.internal.resources.ResourceException: Invalid project description.
	at org.eclipse.core.internal.resources.Project.checkDescription(Project.java:173)
	at org.eclipse.core.internal.resources.Project.assertCreateRequirements(Project.java:57)
	at org.eclipse.core.internal.resources.Project.create(Project.java:266)
	at org.eclipse.core.internal.resources.Project.create(Project.java:252)
	at org.eclipse.jdt.ls.core.internal.managers.EclipseProjectImporter.importDir(EclipseProjectImporter.java:98)
	... 8 more

!ENTRY org.eclipse.jdt.ls.core 1 0 2022-04-05 09:51:23.189
!MESSAGE >> initialization job finished

!ENTRY org.eclipse.jdt.ls.core 1 0 2022-04-05 09:51:23.193
!MESSAGE >> workspace/didChangeConfiguration

!ENTRY org.eclipse.jdt.ls.core 1 0 2022-04-05 09:51:23.195
!MESSAGE >> java/buildWorkspace (incremental)

!ENTRY org.eclipse.jdt.ls.core 1 0 2022-04-05 09:51:23.203
!MESSAGE >> New configuration: {java={enabled=true, jdt={ls={vmargs=-noverify -Xmx1G -XX:+UseG1GC -XX:+UseStringDeduplication}}, errors={incompleteClasspath={severity=warning}}, configuration={checkProjectSettingsExclusions=true, updateBuildConfiguration=interactive, runtimes=[]}, trace={server=off}, import={gradle={enabled=true, wrapper={enabled=true}, offline={enabled=false}}, maven={enabled=true}, exclusions=[**/node_modules/**, **/.metadata/**, **/archetype-resources/**, **/META-INF/maven/**]}, maven={updateSnapshots=false, downloadSources=false}, referencesCodeLens={enabled=false}, signatureHelp={enabled=false}, implementationsCodeLens={enabled=false}, format={enabled=true, comments={enabled=true}, onType={enabled=true, fixComment={enabled=true}}}, saveActions={organizeImports=false}, project={referencedLibraries=[lib/**/*.jar], resourceFilters=[node_modules, .git]}, autobuild={enabled=true}, maxConcurrentBuilds=1.0, completion={maxResults=0.0, enabled=true, overwrite=true, guessMethodArguments=false, favoriteStaticMembers=[org.junit.Assert.*, org.junit.Assume.*, org.junit.jupiter.api.Assertions.*, org.junit.jupiter.api.Assumptions.*, org.junit.jupiter.api.DynamicContainer.*, org.junit.jupiter.api.DynamicTest.*, org.mockito.Mockito.*, org.mockito.ArgumentMatchers.*, org.mockito.Answers.*], filteredTypes=[java.awt.*, com.sun.*], importOrder=[java, javax, com, org]}, progressReports={enabled=true}, foldingRange={enabled=true}, codeGeneration={hashCodeEquals={useJava7Objects=false, useInstanceof=false}, useBlocks=false, generateComments=false, toString={template=${object.className} [${member.name()}=${member.value}, ${otherMembers}], codeStyle=STRING_CONCATENATION, skipNullValues=false, listArrayContents=true, limitElements=0.0}}, selectionRange={enabled=true}, sources={organizeImports={starThreshold=99.0, staticStarThreshold=99.0}}, templates={fileHeader=[], typeComment=[]}, references={includeAccessors=true}}}

!ENTRY org.eclipse.jdt.ls.core 1 0 2022-04-05 09:51:23.205
!MESSAGE >> document/didOpen

!ENTRY org.eclipse.jdt.ls.core 4 0 2022-04-05 09:51:23.431
!MESSAGE Error occured while building workspace. Details: 
 message: The project was not built since its build path is incomplete. Cannot find the class file for java.lang.Object. Fix the build path then try building this project; code: 0; resource: /home/usman/Documents/Github/University/Winter 2021/Comp 3220/3220-workspace/A5_105219637;
 message: The type java.lang.Object cannot be resolved. It is indirectly referenced from required .class files; code: 16777540; resource: /home/usman/Documents/Github/University/Winter 2021/Comp 3220/3220-workspace/A5_105219637/src/A5/BaseSalariedCommissionEmployee.java; line: 1
 message: The import org.junit cannot be resolved; code: 268435846; resource: /home/usman/Documents/Github/University/Winter 2021/Comp 3220/3220-workspace/A5_105219637/A5Src/A5Test/CompanyEmployeePayrollTest.java; line: 2
 message: The import org.junit cannot be resolved; code: 268435846; resource: /home/usman/Documents/Github/University/Winter 2021/Comp 3220/3220-workspace/A5_105219637/A5Src/A5Test/CompanyEmployeePayrollTest.java; line: 3
 message: The import org.junit cannot be resolved; code: 268435846; resource: /home/usman/Documents/Github/University/Winter 2021/Comp 3220/3220-workspace/A5_105219637/A5Src/A5Test/CompanyEmployeePayrollTest.java; line: 11
 message: The import org.junit cannot be resolved; code: 268435846; resource: /home/usman/Documents/Github/University/Winter 2021/Comp 3220/3220-workspace/A5_105219637/A5Src/A5Test/CompanyEmployeePayrollTest.java; line: 13
 message: Test cannot be resolved to a type; code: 16777218; resource: /home/usman/Documents/Github/University/Winter 2021/Comp 3220/3220-workspace/A5_105219637/A5Src/A5Test/CompanyEmployeePayrollTest.java; line: 17
 message: The method assertEquals(String, String) is undefined for the type CompanyEmployeePayrollTest; code: 67108964; resource: /home/usman/Documents/Github/University/Winter 2021/Comp 3220/3220-workspace/A5_105219637/A5Src/A5Test/CompanyEmployeePayrollTest.java; line: 24
 message: The method assertEquals(String, String) is undefined for the type CompanyEmployeePayrollTest; code: 67108964; resource: /home/usman/Documents/Github/University/Winter 2021/Comp 3220/3220-workspace/A5_105219637/A5Src/A5Test/CompanyEmployeePayrollTest.java; line: 25
 message: The method assertEquals(String, String) is undefined for the type CompanyEmployeePayrollTest; code: 67108964; resource: /home/usman/Documents/Github/University/Winter 2021/Comp 3220/3220-workspace/A5_105219637/A5Src/A5Test/CompanyEmployeePayrollTest.java; line: 26
 message: The method assertEquals(double, double) is undefined for the type CompanyEmployeePayrollTest; code: 67108964; resource: /home/usman/Documents/Github/University/Winter 2021/Comp 3220/3220-workspace/A5_105219637/A5Src/A5Test/CompanyEmployeePayrollTest.java; line: 27
 message: The method assertEquals(double, double) is undefined for the type CompanyEmployeePayrollTest; code: 67108964; resource: /home/usman/Documents/Github/University/Winter 2021/Comp 3220/3220-workspace/A5_105219637/A5Src/A5Test/CompanyEmployeePayrollTest.java; line: 28
 message: Test cannot be resolved to a type; code: 16777218; resource: /home/usman/Documents/Github/University/Winter 2021/Comp 3220/3220-workspace/A5_105219637/A5Src/A5Test/CompanyEmployeePayrollTest.java; line: 31
 message: The method assertEquals(String, String) is undefined for the type CompanyEmployeePayrollTest; code: 67108964; resource: /home/usman/Documents/Github/University/Winter 2021/Comp 3220/3220-workspace/A5_105219637/A5Src/A5Test/CompanyEmployeePayrollTest.java; line: 40
 message: The method assertEquals(String, String) is undefined for the type CompanyEmployeePayrollTest; code: 67108964; resource: /home/usman/Documents/Github/University/Winter 2021/Comp 3220/3220-workspace/A5_105219637/A5Src/A5Test/CompanyEmployeePayrollTest.java; line: 41
 message: The method assertEquals(String, String) is undefined for the type CompanyEmployeePayrollTest; code: 67108964; resource: /home/usman/Documents/Github/University/Winter 2021/Comp 3220/3220-workspace/A5_105219637/A5Src/A5Test/CompanyEmployeePayrollTest.java; line: 42
 message: The method assertEquals(int, double) is undefined for the type CompanyEmployeePayrollTest; code: 67108964; resource: /home/usman/Documents/Github/University/Winter 2021/Comp 3220/3220-workspace/A5_105219637/A5Src/A5Test/CompanyEmployeePayrollTest.java; line: 43
 message: The method assertEquals(int, int) is undefined for the type CompanyEmployeePayrollTest; code: 67108964; resource: /home/usman/Documents/Github/University/Winter 2021/Comp 3220/3220-workspace/A5_105219637/A5Src/A5Test/CompanyEmployeePayrollTest.java; line: 44
 message: The method assertEquals(int, double) is undefined for the type CompanyEmployeePayrollTest; code: 67108964; resource: /home/usman/Documents/Github/University/Winter 2021/Comp 3220/3220-workspace/A5_105219637/A5Src/A5Test/CompanyEmployeePayrollTest.java; line: 45
 message: Test cannot be resolved to a type; code: 16777218; resource: /home/usman/Documents/Github/University/Winter 2021/Comp 3220/3220-workspace/A5_105219637/A5Src/A5Test/CompanyEmployeePayrollTest.java; line: 48
 message: The method assertEquals(String, String) is undefined for the type CompanyEmployeePayrollTest; code: 67108964; resource: /home/usman/Documents/Github/University/Winter 2021/Comp 3220/3220-workspace/A5_105219637/A5Src/A5Test/CompanyEmployeePayrollTest.java; line: 58
 message: The method assertEquals(String, String) is undefined for the type CompanyEmployeePayrollTest; code: 67108964; resource: /home/usman/Documents/Github/University/Winter 2021/Comp 3220/3220-workspace/A5_105219637/A5Src/A5Test/CompanyEmployeePayrollTest.java; line: 59
 message: The method assertEquals(String, String) is undefined for the type CompanyEmployeePayrollTest; code: 67108964; resource: /home/usman/Documents/Github/University/Winter 2021/Comp 3220/3220-workspace/A5_105219637/A5Src/A5Test/CompanyEmployeePayrollTest.java; line: 60
 message: The method assertEquals(int, double) is undefined for the type CompanyEmployeePayrollTest; code: 67108964; resource: /home/usman/Documents/Github/University/Winter 2021/Comp 3220/3220-workspace/A5_105219637/A5Src/A5Test/CompanyEmployeePayrollTest.java; line: 61
 message: The method assertEquals(double, double) is undefined for the type CompanyEmployeePayrollTest; code: 67108964; resource: /home/usman/Documents/Github/University/Winter 2021/Comp 3220/3220-workspace/A5_105219637/A5Src/A5Test/CompanyEmployeePayrollTest.java; line: 62
 message: The method assertEquals(int, double) is undefined for the type CompanyEmployeePayrollTest; code: 67108964; resource: /home/usman/Documents/Github/University/Winter 2021/Comp 3220/3220-workspace/A5_105219637/A5Src/A5Test/CompanyEmployeePayrollTest.java; line: 63
 message: The method assertEquals(int, double) is undefined for the type CompanyEmployeePayrollTest; code: 67108964; resource: /home/usman/Documents/Github/University/Winter 2021/Comp 3220/3220-workspace/A5_105219637/A5Src/A5Test/CompanyEmployeePayrollTest.java; line: 64
 message: Test cannot be resolved to a type; code: 16777218; resource: /home/usman/Documents/Github/University/Winter 2021/Comp 3220/3220-workspace/A5_105219637/A5Src/A5Test/CompanyEmployeePayrollTest.java; line: 66
 message: The method assertEquals(String, String) is undefined for the type CompanyEmployeePayrollTest; code: 67108964; resource: /home/usman/Documents/Github/University/Winter 2021/Comp 3220/3220-workspace/A5_105219637/A5Src/A5Test/CompanyEmployeePayrollTest.java; line: 72
 message: The method assertEquals(String, String) is undefined for the type CompanyEmployeePayrollTest; code: 67108964; resource: /home/usman/Documents/Github/University/Winter 2021/Comp 3220/3220-workspace/A5_105219637/A5Src/A5Test/CompanyEmployeePayrollTest.java; line: 73
 message: The method assertEquals(String, String) is undefined for the type CompanyEmployeePayrollTest; code: 67108964; resource: /home/usman/Documents/Github/University/Winter 2021/Comp 3220/3220-workspace/A5_105219637/A5Src/A5Test/CompanyEmployeePayrollTest.java; line: 74
 message: Test cannot be resolved to a type; code: 16777218; resource: /home/usman/Documents/Github/University/Winter 2021/Comp 3220/3220-workspace/A5_105219637/A5Src/A5Test/CompanyEmployeePayrollTest.java; line: 76
 message: The method assertEquals(String, String) is undefined for the type CompanyEmployeePayrollTest; code: 67108964; resource: /home/usman/Documents/Github/University/Winter 2021/Comp 3220/3220-workspace/A5_105219637/A5Src/A5Test/CompanyEmployeePayrollTest.java; line: 85
 message: The method assertEquals(String, String) is undefined for the type CompanyEmployeePayrollTest; code: 67108964; resource: /home/usman/Documents/Github/University/Winter 2021/Comp 3220/3220-workspace/A5_105219637/A5Src/A5Test/CompanyEmployeePayrollTest.java; line: 86
 message: The method assertEquals(String, String) is undefined for the type CompanyEmployeePayrollTest; code: 67108964; resource: /home/usman/Documents/Github/University/Winter 2021/Comp 3220/3220-workspace/A5_105219637/A5Src/A5Test/CompanyEmployeePayrollTest.java; line: 87
 message: The method assertEquals(double, double) is undefined for the type CompanyEmployeePayrollTest; code: 67108964; resource: /home/usman/Documents/Github/University/Winter 2021/Comp 3220/3220-workspace/A5_105219637/A5Src/A5Test/CompanyEmployeePayrollTest.java; line: 88
 message: The method assertEquals(int, double) is undefined for the type CompanyEmployeePayrollTest; code: 67108964; resource: /home/usman/Documents/Github/University/Winter 2021/Comp 3220/3220-workspace/A5_105219637/A5Src/A5Test/CompanyEmployeePayrollTest.java; line: 89
 message: The method assertEquals(int, double) is undefined for the type CompanyEmployeePayrollTest; code: 67108964; resource: /home/usman/Documents/Github/University/Winter 2021/Comp 3220/3220-workspace/A5_105219637/A5Src/A5Test/CompanyEmployeePayrollTest.java; line: 90
 message: Test cannot be resolved to a type; code: 16777218; resource: /home/usman/Documents/Github/University/Winter 2021/Comp 3220/3220-workspace/A5_105219637/A5Src/A5Test/CompanyEmployeePayrollTest.java; line: 94
 message: The method assertEquals(String, String) is undefined for the type CompanyEmployeePayrollTest; code: 67108964; resource: /home/usman/Documents/Github/University/Winter 2021/Comp 3220/3220-workspace/A5_105219637/A5Src/A5Test/CompanyEmployeePayrollTest.java; line: 103
 message: The method assertEquals(String, String) is undefined for the type CompanyEmployeePayrollTest; code: 67108964; resource: /home/usman/Documents/Github/University/Winter 2021/Comp 3220/3220-workspace/A5_105219637/A5Src/A5Test/CompanyEmployeePayrollTest.java; line: 104
 message: The method assertEquals(String, String) is undefined for the type CompanyEmployeePayrollTest; code: 67108964; resource: /home/usman/Documents/Github/University/Winter 2021/Comp 3220/3220-workspace/A5_105219637/A5Src/A5Test/CompanyEmployeePayrollTest.java; line: 105
 message: The method assertEquals(int, double) is undefined for the type CompanyEmployeePayrollTest; code: 67108964; resource: /home/usman/Documents/Github/University/Winter 2021/Comp 3220/3220-workspace/A5_105219637/A5Src/A5Test/CompanyEmployeePayrollTest.java; line: 106
 message: The method assertEquals(int, double) is undefined for the type CompanyEmployeePayrollTest; code: 67108964; resource: /home/usman/Documents/Github/University/Winter 2021/Comp 3220/3220-workspace/A5_105219637/A5Src/A5Test/CompanyEmployeePayrollTest.java; line: 107
 message: The method assertEquals(int, double) is undefined for the type CompanyEmployeePayrollTest; code: 67108964; resource: /home/usman/Documents/Github/University/Winter 2021/Comp 3220/3220-workspace/A5_105219637/A5Src/A5Test/CompanyEmployeePayrollTest.java; line: 108
 message: The project was not built since its build path is incomplete. Cannot find the class file for java.lang.Object. Fix the build path then try building this project; code: 0; resource: /home/usman/Documents/Github/University/Winter 2021/Comp 3220/3220-workspace/A7_105219637;
 message: The type java.lang.Object cannot be resolved. It is indirectly referenced from required .class files; code: 16777540; resource: /home/usman/Documents/Github/University/Winter 2021/Comp 3220/3220-workspace/A7_105219637/src/CompositePattern/Assembly.java; line: 1
 message: The project was not built since its build path is incomplete. Cannot find the class file for java.lang.Object. Fix the build path then try building this project; code: 0; resource: /home/usman/Documents/Github/University/Winter 2021/Comp 3220/3220-workspace/A8_105219637;
 message: The type java.lang.Object cannot be resolved. It is indirectly referenced from required .class files; code: 16777540; resource: /home/usman/Documents/Github/University/Winter 2021/Comp 3220/3220-workspace/A8_105219637/src/ObserverPattern/Channel.java; line: 1
 message: Project 'Comp2800W21' is missing required library: 'C:/Users/ufben/Desktop/jars4java3D/jogamp-fat.jar'; code: 964; resource: /home/usman/Documents/Github/University/Winter 2021/Comp 2800/Comp2800W21;
 message: Project 'Comp2800W21' is missing required library: 'C:/Users/ufben/Desktop/jars4java3D/vecmath.jar'; code: 964; resource: /home/usman/Documents/Github/University/Winter 2021/Comp 2800/Comp2800W21;
 message: The project cannot be built until build path errors are resolved; code: 0; resource: /home/usman/Documents/Github/University/Winter 2021/Comp 2800/Comp2800W21;
 message: Project 'Comp2800W21' is missing required library: 'C:/Users/ufben/Desktop/jars4java3D/j3dcore.jar'; code: 964; resource: /home/usman/Documents/Github/University/Winter 2021/Comp 2800/Comp2800W21;
 message: Project 'Comp2800W21' is missing required library: 'C:/Users/ufben/Desktop/jars4java3D/j3dexamples.jar'; code: 964; resource: /home/usman/Documents/Github/University/Winter 2021/Comp 2800/Comp2800W21;
 message: Project 'Comp2800W21' is missing required library: 'C:/Users/ufben/Desktop/jars4java3D/j3dutils.jar'; code: 964; resource: /home/usman/Documents/Github/University/Winter 2021/Comp 2800/Comp2800W21;
 message: Invalid classpath container: 'JUnit 5' in project 'SampleJUnit'; code: 962; resource: /home/usman/Documents/Github/University/Winter 2021/Comp 3220/Assignment5/SampleJUnit;
 message: The project cannot be built until build path errors are resolved; code: 0; resource: /home/usman/Documents/Github/University/Winter 2021/Comp 3220/Assignment5/SampleJUnit;
 message: The project was not built since its build path is incomplete. Cannot find the class file for java.lang.Object. Fix the build path then try building this project; code: 0; resource: /home/usman/Documents/Github/University/Winter 2021/Comp 3220/A6/TaxProcessing;
 message: The type java.lang.Object cannot be resolved. It is indirectly referenced from required .class files; code: 16777540; resource: /home/usman/Documents/Github/University/Winter 2021/Comp 3220/A6/TaxProcessing/src/AbstractFactory/CalculateTax.java; line: 1
 message: The project cannot be built until build path errors are resolved; code: 0; resource: /home/usman/Documents/Github/University/Winter 2021/Comp 3220/Assignment6/TaxProcessingBb;
 message: Project 'TaxProcessingBb' is missing required source folder: 'src'; code: 964; resource: /home/usman/Documents/Github/University/Winter 2021/Comp 3220/Assignment6/TaxProcessingBb;

!ENTRY org.eclipse.jdt.ls.core 1 0 2022-04-05 09:51:23.460
!MESSAGE Reconciled 0. Took 3 ms

!ENTRY org.eclipse.jdt.ls.core 1 0 2022-04-05 09:51:23.594
!MESSAGE begin problem for /A5.java

!ENTRY org.eclipse.jdt.ls.core 1 0 2022-04-05 09:51:23.594
!MESSAGE 1 problems reported for /A5.java

!ENTRY org.eclipse.jdt.ls.core 1 0 2022-04-05 09:51:23.596
!MESSAGE Validated 1. Took 129 ms

!ENTRY org.eclipse.jdt.ls.core 1 0 2022-04-05 09:51:23.608
!MESSAGE >> build jobs finished

!ENTRY org.eclipse.jdt.ls.core 1 0 2022-04-05 09:51:23.628
!MESSAGE >> registerFeature 'workspace/didChangeWatchedFiles'

!ENTRY org.eclipse.jdt.ls.core 1 0 2022-04-05 09:51:23.630
!MESSAGE >> registerFeature 'workspace/didChangeWatchedFiles'

!ENTRY org.eclipse.jdt.ls.core 1 0 2022-04-05 09:51:23.631
!MESSAGE >> watchers registered

!ENTRY org.eclipse.jdt.ls.core 1 0 2022-04-05 09:51:23.806
!MESSAGE >> registerFeature 'workspace/didChangeWatchedFiles'

!ENTRY org.eclipse.jdt.ls.core 1 0 2022-04-05 09:51:32.084
!MESSAGE >> document/didClose

!ENTRY org.eclipse.jdt.ls.core 1 0 2022-04-05 09:51:32.090
!MESSAGE Clearing problems for /A5.java
!SESSION 2022-04-05 09:51:33.924 -----------------------------------------------
eclipse.buildId=unknown
java.version=1.8.0_332
java.vendor=Oracle Corporation
BootLoader constants: OS=linux, ARCH=x86_64, WS=gtk, NL=en_US
Command-line arguments:  -data /home/usman/.config/coc/extensions/coc-java-data/jdt_ws_bdcf44d009f653134f2dc338892416de

!ENTRY org.eclipse.core.resources 2 10035 2022-04-05 09:51:34.315
!MESSAGE The workspace exited with unsaved changes in the previous session; refreshing workspace to recover changes.

!ENTRY org.eclipse.jdt.core 4 4 2022-04-05 09:51:34.436
!MESSAGE Unable to read variable and containers file
!STACK 0
java.io.EOFException
	at java.io.DataInputStream.readInt(DataInputStream.java:392)
	at org.eclipse.jdt.internal.core.JavaModelManager$VariablesAndContainersLoadHelper.loadInt(JavaModelManager.java:3960)
	at org.eclipse.jdt.internal.core.JavaModelManager$VariablesAndContainersLoadHelper.loadClasspathEntry(JavaModelManager.java:3888)
	at org.eclipse.jdt.internal.core.JavaModelManager$VariablesAndContainersLoadHelper.loadClasspathEntries(JavaModelManager.java:3882)
	at org.eclipse.jdt.internal.core.JavaModelManager$VariablesAndContainersLoadHelper.loadContainers(JavaModelManager.java:3937)
	at org.eclipse.jdt.internal.core.JavaModelManager$VariablesAndContainersLoadHelper.loadProjects(JavaModelManager.java:3994)
	at org.eclipse.jdt.internal.core.JavaModelManager$VariablesAndContainersLoadHelper.load(JavaModelManager.java:3828)
	at org.eclipse.jdt.internal.core.JavaModelManager.loadVariablesAndContainers(JavaModelManager.java:3660)
	at org.eclipse.jdt.internal.core.JavaModelManager.startup(JavaModelManager.java:5386)
	at org.eclipse.jdt.core.JavaCore.start(JavaCore.java:6412)
	at org.eclipse.osgi.internal.framework.BundleContextImpl$3.run(BundleContextImpl.java:843)
	at org.eclipse.osgi.internal.framework.BundleContextImpl$3.run(BundleContextImpl.java:1)
	at java.security.AccessController.doPrivileged(Native Method)
	at org.eclipse.osgi.internal.framework.BundleContextImpl.startActivator(BundleContextImpl.java:835)
	at org.eclipse.osgi.internal.framework.BundleContextImpl.start(BundleContextImpl.java:792)
	at org.eclipse.osgi.internal.framework.EquinoxBundle.startWorker0(EquinoxBundle.java:1015)
	at org.eclipse.osgi.internal.framework.EquinoxBundle$EquinoxModule.startWorker(EquinoxBundle.java:365)
	at org.eclipse.osgi.container.Module.doStart(Module.java:605)
	at org.eclipse.osgi.container.Module.start(Module.java:468)
	at org.eclipse.osgi.framework.util.SecureAction.start(SecureAction.java:493)
	at org.eclipse.osgi.internal.hooks.EclipseLazyStarter.postFindLocalClass(EclipseLazyStarter.java:117)
	at org.eclipse.osgi.internal.loader.classpath.ClasspathManager.findLocalClass(ClasspathManager.java:571)
	at org.eclipse.osgi.internal.loader.ModuleClassLoader.findLocalClass(ModuleClassLoader.java:346)
	at org.eclipse.osgi.internal.loader.BundleLoader.findLocalClass(BundleLoader.java:398)
	at org.eclipse.osgi.internal.loader.sources.SingleSourcePackage.loadClass(SingleSourcePackage.java:41)
	at org.eclipse.osgi.internal.loader.BundleLoader.findClass(BundleLoader.java:473)
	at org.eclipse.osgi.internal.loader.ModuleClassLoader.loadClass(ModuleClassLoader.java:171)
	at java.lang.ClassLoader.loadClass(ClassLoader.java:351)
	at org.eclipse.jdt.ls.core.internal.preferences.PreferenceManager.initialize(PreferenceManager.java:79)
	at org.eclipse.jdt.ls.core.internal.preferences.PreferenceManager.<init>(PreferenceManager.java:70)
	at org.eclipse.jdt.ls.core.internal.preferences.StandardPreferenceManager.<init>(StandardPreferenceManager.java:44)
	at org.eclipse.jdt.ls.core.internal.JavaLanguageServerPlugin.start(JavaLanguageServerPlugin.java:173)
	at org.eclipse.osgi.internal.framework.BundleContextImpl$3.run(BundleContextImpl.java:843)
	at org.eclipse.osgi.internal.framework.BundleContextImpl$3.run(BundleContextImpl.java:1)
	at java.security.AccessController.doPrivileged(Native Method)
	at org.eclipse.osgi.internal.framework.BundleContextImpl.startActivator(BundleContextImpl.java:835)
	at org.eclipse.osgi.internal.framework.BundleContextImpl.start(BundleContextImpl.java:792)
	at org.eclipse.osgi.internal.framework.EquinoxBundle.startWorker0(EquinoxBundle.java:1015)
	at org.eclipse.osgi.internal.framework.EquinoxBundle$EquinoxModule.startWorker(EquinoxBundle.java:365)
	at org.eclipse.osgi.container.Module.doStart(Module.java:605)
	at org.eclipse.osgi.container.Module.start(Module.java:468)
	at org.eclipse.osgi.container.ModuleContainer$ContainerStartLevel$2.run(ModuleContainer.java:1845)
	at org.eclipse.osgi.internal.framework.EquinoxContainerAdaptor$1$1.execute(EquinoxContainerAdaptor.java:136)
	at org.eclipse.osgi.container.ModuleContainer$ContainerStartLevel.incStartLevel(ModuleContainer.java:1838)
	at org.eclipse.osgi.container.ModuleContainer$ContainerStartLevel.incStartLevel(ModuleContainer.java:1781)
	at org.eclipse.osgi.container.ModuleContainer$ContainerStartLevel.doContainerStartLevel(ModuleContainer.java:1743)
	at org.eclipse.osgi.container.ModuleContainer$ContainerStartLevel.dispatchEvent(ModuleContainer.java:1665)
	at org.eclipse.osgi.container.ModuleContainer$ContainerStartLevel.dispatchEvent(ModuleContainer.java:1)
	at org.eclipse.osgi.framework.eventmgr.EventManager.dispatchEvent(EventManager.java:234)
	at org.eclipse.osgi.framework.eventmgr.EventManager$EventThread.run(EventManager.java:345)

!ENTRY org.eclipse.jdt.ls.core 1 0 2022-04-05 09:51:34.933
!MESSAGE class org.eclipse.jdt.ls.core.internal.JavaLanguageServerPlugin is started

!ENTRY org.eclipse.jdt.ls.core 1 0 2022-04-05 09:51:34.984
!MESSAGE Main thread is waiting

!ENTRY org.eclipse.jdt.ls.core 1 0 2022-04-05 09:51:34.997
!MESSAGE >> initialize

!ENTRY org.eclipse.jdt.ls.core 1 0 2022-04-05 09:51:35.001
!MESSAGE Initializing Java Language Server 0.57.0.202006172108

!ENTRY org.eclipse.jdt.ls.core 1 0 2022-04-05 09:51:35.008
!MESSAGE Static Commands: []

!ENTRY org.eclipse.jdt.ls.core 1 0 2022-04-05 09:51:35.008
!MESSAGE Non-Static Commands: [java.edit.organizeImports, java.project.refreshDiagnostics, java.project.import, java.project.removeFromSourcePath, java.project.listSourcePaths, java.project.provideSemanticTokens, java.project.getAll, java.project.isTestFile, java.project.getClasspaths, java.project.getSemanticTokensLegend, java.project.getSettings, java.project.updateSourceAttachment, java.project.resolveSourceAttachment, java.project.addToSourcePath]

!ENTRY org.eclipse.jdt.ls.core 1 0 2022-04-05 09:51:35.017
!MESSAGE >> initialized

!ENTRY org.eclipse.jdt.ls.core 1 0 2022-04-05 09:51:35.386
!MESSAGE Importing Eclipse project(s)

!ENTRY org.eclipse.core.resources 4 77 2022-04-05 09:51:35.400
!MESSAGE Invalid project description.
!SUBENTRY 1 unknown 0 0 2022-04-05 09:51:35.400
!MESSAGE OK
!SUBENTRY 1 org.eclipse.core.resources 4 77 2022-04-05 09:51:35.400
!MESSAGE /home/usman/Documents/Github/University/Winter 2021/Comp 3220/3220-workspace/A7_105219637 overlaps the location of another project: 'A7_105219637 (2)'

!ENTRY org.eclipse.jdt.ls.core 4 0 2022-04-05 09:51:35.401
!MESSAGE Initialization failed 
!STACK 0
java.lang.RuntimeException: org.eclipse.core.internal.resources.ResourceException: Invalid project description.
	at org.eclipse.jdt.ls.core.internal.managers.EclipseProjectImporter.importDir(EclipseProjectImporter.java:102)
	at org.eclipse.jdt.ls.core.internal.managers.EclipseProjectImporter.lambda$1(EclipseProjectImporter.java:69)
	at java.util.ArrayList.forEach(ArrayList.java:1259)
	at org.eclipse.jdt.ls.core.internal.managers.EclipseProjectImporter.importToWorkspace(EclipseProjectImporter.java:69)
	at org.eclipse.jdt.ls.core.internal.managers.ProjectsManager.importProjects(ProjectsManager.java:108)
	at org.eclipse.jdt.ls.core.internal.managers.ProjectsManager.initializeProjects(ProjectsManager.java:98)
	at org.eclipse.jdt.ls.core.internal.handlers.InitHandler$1.runInWorkspace(InitHandler.java:195)
	at org.eclipse.core.internal.resources.InternalWorkspaceJob.run(InternalWorkspaceJob.java:42)
	at org.eclipse.core.internal.jobs.Worker.run(Worker.java:63)
Caused by: org.eclipse.core.internal.resources.ResourceException: Invalid project description.
	at org.eclipse.core.internal.resources.Project.checkDescription(Project.java:173)
	at org.eclipse.core.internal.resources.Project.assertCreateRequirements(Project.java:57)
	at org.eclipse.core.internal.resources.Project.create(Project.java:266)
	at org.eclipse.core.internal.resources.Project.create(Project.java:252)
	at org.eclipse.jdt.ls.core.internal.managers.EclipseProjectImporter.importDir(EclipseProjectImporter.java:98)
	... 8 more

!ENTRY org.eclipse.jdt.ls.core 1 0 2022-04-05 09:51:35.418
!MESSAGE >> initialization job finished

!ENTRY org.eclipse.jdt.ls.core 1 0 2022-04-05 09:51:35.421
!MESSAGE >> workspace/didChangeConfiguration

!ENTRY org.eclipse.jdt.ls.core 1 0 2022-04-05 09:51:35.423
!MESSAGE >> java/buildWorkspace (incremental)

!ENTRY org.eclipse.jdt.ls.core 1 0 2022-04-05 09:51:35.431
!MESSAGE >> New configuration: {java={enabled=true, jdt={ls={vmargs=-noverify -Xmx1G -XX:+UseG1GC -XX:+UseStringDeduplication}}, errors={incompleteClasspath={severity=warning}}, configuration={checkProjectSettingsExclusions=true, updateBuildConfiguration=interactive, runtimes=[]}, trace={server=off}, import={gradle={enabled=true, wrapper={enabled=true}, offline={enabled=false}}, maven={enabled=true}, exclusions=[**/node_modules/**, **/.metadata/**, **/archetype-resources/**, **/META-INF/maven/**]}, maven={updateSnapshots=false, downloadSources=false}, referencesCodeLens={enabled=false}, signatureHelp={enabled=false}, implementationsCodeLens={enabled=false}, format={enabled=true, comments={enabled=true}, onType={enabled=true, fixComment={enabled=true}}}, saveActions={organizeImports=false}, project={referencedLibraries=[lib/**/*.jar], resourceFilters=[node_modules, .git]}, autobuild={enabled=true}, maxConcurrentBuilds=1.0, completion={maxResults=0.0, enabled=true, overwrite=true, guessMethodArguments=false, favoriteStaticMembers=[org.junit.Assert.*, org.junit.Assume.*, org.junit.jupiter.api.Assertions.*, org.junit.jupiter.api.Assumptions.*, org.junit.jupiter.api.DynamicContainer.*, org.junit.jupiter.api.DynamicTest.*, org.mockito.Mockito.*, org.mockito.ArgumentMatchers.*, org.mockito.Answers.*], filteredTypes=[java.awt.*, com.sun.*], importOrder=[java, javax, com, org]}, progressReports={enabled=true}, foldingRange={enabled=true}, codeGeneration={hashCodeEquals={useJava7Objects=false, useInstanceof=false}, useBlocks=false, generateComments=false, toString={template=${object.className} [${member.name()}=${member.value}, ${otherMembers}], codeStyle=STRING_CONCATENATION, skipNullValues=false, listArrayContents=true, limitElements=0.0}}, selectionRange={enabled=true}, sources={organizeImports={starThreshold=99.0, staticStarThreshold=99.0}}, templates={fileHeader=[], typeComment=[]}, references={includeAccessors=true}}}

!ENTRY org.eclipse.jdt.ls.core 1 0 2022-04-05 09:51:35.432
!MESSAGE >> document/didOpen

!ENTRY org.eclipse.jdt.ls.core 4 0 2022-04-05 09:51:35.665
!MESSAGE Error occured while building workspace. Details: 
 message: The project was not built since its build path is incomplete. Cannot find the class file for java.lang.Object. Fix the build path then try building this project; code: 0; resource: /home/usman/Documents/Github/University/Winter 2021/Comp 3220/3220-workspace/A5_105219637;
 message: The type java.lang.Object cannot be resolved. It is indirectly referenced from required .class files; code: 16777540; resource: /home/usman/Documents/Github/University/Winter 2021/Comp 3220/3220-workspace/A5_105219637/src/A5/BaseSalariedCommissionEmployee.java; line: 1
 message: The import org.junit cannot be resolved; code: 268435846; resource: /home/usman/Documents/Github/University/Winter 2021/Comp 3220/3220-workspace/A5_105219637/A5Src/A5Test/CompanyEmployeePayrollTest.java; line: 2
 message: The import org.junit cannot be resolved; code: 268435846; resource: /home/usman/Documents/Github/University/Winter 2021/Comp 3220/3220-workspace/A5_105219637/A5Src/A5Test/CompanyEmployeePayrollTest.java; line: 3
 message: The import org.junit cannot be resolved; code: 268435846; resource: /home/usman/Documents/Github/University/Winter 2021/Comp 3220/3220-workspace/A5_105219637/A5Src/A5Test/CompanyEmployeePayrollTest.java; line: 11
 message: The import org.junit cannot be resolved; code: 268435846; resource: /home/usman/Documents/Github/University/Winter 2021/Comp 3220/3220-workspace/A5_105219637/A5Src/A5Test/CompanyEmployeePayrollTest.java; line: 13
 message: Test cannot be resolved to a type; code: 16777218; resource: /home/usman/Documents/Github/University/Winter 2021/Comp 3220/3220-workspace/A5_105219637/A5Src/A5Test/CompanyEmployeePayrollTest.java; line: 17
 message: The method assertEquals(String, String) is undefined for the type CompanyEmployeePayrollTest; code: 67108964; resource: /home/usman/Documents/Github/University/Winter 2021/Comp 3220/3220-workspace/A5_105219637/A5Src/A5Test/CompanyEmployeePayrollTest.java; line: 24
 message: The method assertEquals(String, String) is undefined for the type CompanyEmployeePayrollTest; code: 67108964; resource: /home/usman/Documents/Github/University/Winter 2021/Comp 3220/3220-workspace/A5_105219637/A5Src/A5Test/CompanyEmployeePayrollTest.java; line: 25
 message: The method assertEquals(String, String) is undefined for the type CompanyEmployeePayrollTest; code: 67108964; resource: /home/usman/Documents/Github/University/Winter 2021/Comp 3220/3220-workspace/A5_105219637/A5Src/A5Test/CompanyEmployeePayrollTest.java; line: 26
 message: The method assertEquals(double, double) is undefined for the type CompanyEmployeePayrollTest; code: 67108964; resource: /home/usman/Documents/Github/University/Winter 2021/Comp 3220/3220-workspace/A5_105219637/A5Src/A5Test/CompanyEmployeePayrollTest.java; line: 27
 message: The method assertEquals(double, double) is undefined for the type CompanyEmployeePayrollTest; code: 67108964; resource: /home/usman/Documents/Github/University/Winter 2021/Comp 3220/3220-workspace/A5_105219637/A5Src/A5Test/CompanyEmployeePayrollTest.java; line: 28
 message: Test cannot be resolved to a type; code: 16777218; resource: /home/usman/Documents/Github/University/Winter 2021/Comp 3220/3220-workspace/A5_105219637/A5Src/A5Test/CompanyEmployeePayrollTest.java; line: 31
 message: The method assertEquals(String, String) is undefined for the type CompanyEmployeePayrollTest; code: 67108964; resource: /home/usman/Documents/Github/University/Winter 2021/Comp 3220/3220-workspace/A5_105219637/A5Src/A5Test/CompanyEmployeePayrollTest.java; line: 40
 message: The method assertEquals(String, String) is undefined for the type CompanyEmployeePayrollTest; code: 67108964; resource: /home/usman/Documents/Github/University/Winter 2021/Comp 3220/3220-workspace/A5_105219637/A5Src/A5Test/CompanyEmployeePayrollTest.java; line: 41
 message: The method assertEquals(String, String) is undefined for the type CompanyEmployeePayrollTest; code: 67108964; resource: /home/usman/Documents/Github/University/Winter 2021/Comp 3220/3220-workspace/A5_105219637/A5Src/A5Test/CompanyEmployeePayrollTest.java; line: 42
 message: The method assertEquals(int, double) is undefined for the type CompanyEmployeePayrollTest; code: 67108964; resource: /home/usman/Documents/Github/University/Winter 2021/Comp 3220/3220-workspace/A5_105219637/A5Src/A5Test/CompanyEmployeePayrollTest.java; line: 43
 message: The method assertEquals(int, int) is undefined for the type CompanyEmployeePayrollTest; code: 67108964; resource: /home/usman/Documents/Github/University/Winter 2021/Comp 3220/3220-workspace/A5_105219637/A5Src/A5Test/CompanyEmployeePayrollTest.java; line: 44
 message: The method assertEquals(int, double) is undefined for the type CompanyEmployeePayrollTest; code: 67108964; resource: /home/usman/Documents/Github/University/Winter 2021/Comp 3220/3220-workspace/A5_105219637/A5Src/A5Test/CompanyEmployeePayrollTest.java; line: 45
 message: Test cannot be resolved to a type; code: 16777218; resource: /home/usman/Documents/Github/University/Winter 2021/Comp 3220/3220-workspace/A5_105219637/A5Src/A5Test/CompanyEmployeePayrollTest.java; line: 48
 message: The method assertEquals(String, String) is undefined for the type CompanyEmployeePayrollTest; code: 67108964; resource: /home/usman/Documents/Github/University/Winter 2021/Comp 3220/3220-workspace/A5_105219637/A5Src/A5Test/CompanyEmployeePayrollTest.java; line: 58
 message: The method assertEquals(String, String) is undefined for the type CompanyEmployeePayrollTest; code: 67108964; resource: /home/usman/Documents/Github/University/Winter 2021/Comp 3220/3220-workspace/A5_105219637/A5Src/A5Test/CompanyEmployeePayrollTest.java; line: 59
 message: The method assertEquals(String, String) is undefined for the type CompanyEmployeePayrollTest; code: 67108964; resource: /home/usman/Documents/Github/University/Winter 2021/Comp 3220/3220-workspace/A5_105219637/A5Src/A5Test/CompanyEmployeePayrollTest.java; line: 60
 message: The method assertEquals(int, double) is undefined for the type CompanyEmployeePayrollTest; code: 67108964; resource: /home/usman/Documents/Github/University/Winter 2021/Comp 3220/3220-workspace/A5_105219637/A5Src/A5Test/CompanyEmployeePayrollTest.java; line: 61
 message: The method assertEquals(double, double) is undefined for the type CompanyEmployeePayrollTest; code: 67108964; resource: /home/usman/Documents/Github/University/Winter 2021/Comp 3220/3220-workspace/A5_105219637/A5Src/A5Test/CompanyEmployeePayrollTest.java; line: 62
 message: The method assertEquals(int, double) is undefined for the type CompanyEmployeePayrollTest; code: 67108964; resource: /home/usman/Documents/Github/University/Winter 2021/Comp 3220/3220-workspace/A5_105219637/A5Src/A5Test/CompanyEmployeePayrollTest.java; line: 63
 message: The method assertEquals(int, double) is undefined for the type CompanyEmployeePayrollTest; code: 67108964; resource: /home/usman/Documents/Github/University/Winter 2021/Comp 3220/3220-workspace/A5_105219637/A5Src/A5Test/CompanyEmployeePayrollTest.java; line: 64
 message: Test cannot be resolved to a type; code: 16777218; resource: /home/usman/Documents/Github/University/Winter 2021/Comp 3220/3220-workspace/A5_105219637/A5Src/A5Test/CompanyEmployeePayrollTest.java; line: 66
 message: The method assertEquals(String, String) is undefined for the type CompanyEmployeePayrollTest; code: 67108964; resource: /home/usman/Documents/Github/University/Winter 2021/Comp 3220/3220-workspace/A5_105219637/A5Src/A5Test/CompanyEmployeePayrollTest.java; line: 72
 message: The method assertEquals(String, String) is undefined for the type CompanyEmployeePayrollTest; code: 67108964; resource: /home/usman/Documents/Github/University/Winter 2021/Comp 3220/3220-workspace/A5_105219637/A5Src/A5Test/CompanyEmployeePayrollTest.java; line: 73
 message: The method assertEquals(String, String) is undefined for the type CompanyEmployeePayrollTest; code: 67108964; resource: /home/usman/Documents/Github/University/Winter 2021/Comp 3220/3220-workspace/A5_105219637/A5Src/A5Test/CompanyEmployeePayrollTest.java; line: 74
 message: Test cannot be resolved to a type; code: 16777218; resource: /home/usman/Documents/Github/University/Winter 2021/Comp 3220/3220-workspace/A5_105219637/A5Src/A5Test/CompanyEmployeePayrollTest.java; line: 76
 message: The method assertEquals(String, String) is undefined for the type CompanyEmployeePayrollTest; code: 67108964; resource: /home/usman/Documents/Github/University/Winter 2021/Comp 3220/3220-workspace/A5_105219637/A5Src/A5Test/CompanyEmployeePayrollTest.java; line: 85
 message: The method assertEquals(String, String) is undefined for the type CompanyEmployeePayrollTest; code: 67108964; resource: /home/usman/Documents/Github/University/Winter 2021/Comp 3220/3220-workspace/A5_105219637/A5Src/A5Test/CompanyEmployeePayrollTest.java; line: 86
 message: The method assertEquals(String, String) is undefined for the type CompanyEmployeePayrollTest; code: 67108964; resource: /home/usman/Documents/Github/University/Winter 2021/Comp 3220/3220-workspace/A5_105219637/A5Src/A5Test/CompanyEmployeePayrollTest.java; line: 87
 message: The method assertEquals(double, double) is undefined for the type CompanyEmployeePayrollTest; code: 67108964; resource: /home/usman/Documents/Github/University/Winter 2021/Comp 3220/3220-workspace/A5_105219637/A5Src/A5Test/CompanyEmployeePayrollTest.java; line: 88
 message: The method assertEquals(int, double) is undefined for the type CompanyEmployeePayrollTest; code: 67108964; resource: /home/usman/Documents/Github/University/Winter 2021/Comp 3220/3220-workspace/A5_105219637/A5Src/A5Test/CompanyEmployeePayrollTest.java; line: 89
 message: The method assertEquals(int, double) is undefined for the type CompanyEmployeePayrollTest; code: 67108964; resource: /home/usman/Documents/Github/University/Winter 2021/Comp 3220/3220-workspace/A5_105219637/A5Src/A5Test/CompanyEmployeePayrollTest.java; line: 90
 message: Test cannot be resolved to a type; code: 16777218; resource: /home/usman/Documents/Github/University/Winter 2021/Comp 3220/3220-workspace/A5_105219637/A5Src/A5Test/CompanyEmployeePayrollTest.java; line: 94
 message: The method assertEquals(String, String) is undefined for the type CompanyEmployeePayrollTest; code: 67108964; resource: /home/usman/Documents/Github/University/Winter 2021/Comp 3220/3220-workspace/A5_105219637/A5Src/A5Test/CompanyEmployeePayrollTest.java; line: 103
 message: The method assertEquals(String, String) is undefined for the type CompanyEmployeePayrollTest; code: 67108964; resource: /home/usman/Documents/Github/University/Winter 2021/Comp 3220/3220-workspace/A5_105219637/A5Src/A5Test/CompanyEmployeePayrollTest.java; line: 104
 message: The method assertEquals(String, String) is undefined for the type CompanyEmployeePayrollTest; code: 67108964; resource: /home/usman/Documents/Github/University/Winter 2021/Comp 3220/3220-workspace/A5_105219637/A5Src/A5Test/CompanyEmployeePayrollTest.java; line: 105
 message: The method assertEquals(int, double) is undefined for the type CompanyEmployeePayrollTest; code: 67108964; resource: /home/usman/Documents/Github/University/Winter 2021/Comp 3220/3220-workspace/A5_105219637/A5Src/A5Test/CompanyEmployeePayrollTest.java; line: 106
 message: The method assertEquals(int, double) is undefined for the type CompanyEmployeePayrollTest; code: 67108964; resource: /home/usman/Documents/Github/University/Winter 2021/Comp 3220/3220-workspace/A5_105219637/A5Src/A5Test/CompanyEmployeePayrollTest.java; line: 107
 message: The method assertEquals(int, double) is undefined for the type CompanyEmployeePayrollTest; code: 67108964; resource: /home/usman/Documents/Github/University/Winter 2021/Comp 3220/3220-workspace/A5_105219637/A5Src/A5Test/CompanyEmployeePayrollTest.java; line: 108
 message: The project was not built since its build path is incomplete. Cannot find the class file for java.lang.Object. Fix the build path then try building this project; code: 0; resource: /home/usman/Documents/Github/University/Winter 2021/Comp 3220/3220-workspace/A7_105219637;
 message: The type java.lang.Object cannot be resolved. It is indirectly referenced from required .class files; code: 16777540; resource: /home/usman/Documents/Github/University/Winter 2021/Comp 3220/3220-workspace/A7_105219637/src/CompositePattern/Assembly.java; line: 1
 message: The project was not built since its build path is incomplete. Cannot find the class file for java.lang.Object. Fix the build path then try building this project; code: 0; resource: /home/usman/Documents/Github/University/Winter 2021/Comp 3220/3220-workspace/A8_105219637;
 message: The type java.lang.Object cannot be resolved. It is indirectly referenced from required .class files; code: 16777540; resource: /home/usman/Documents/Github/University/Winter 2021/Comp 3220/3220-workspace/A8_105219637/src/ObserverPattern/Channel.java; line: 1
 message: Project 'Comp2800W21' is missing required library: 'C:/Users/ufben/Desktop/jars4java3D/jogamp-fat.jar'; code: 964; resource: /home/usman/Documents/Github/University/Winter 2021/Comp 2800/Comp2800W21;
 message: Project 'Comp2800W21' is missing required library: 'C:/Users/ufben/Desktop/jars4java3D/vecmath.jar'; code: 964; resource: /home/usman/Documents/Github/University/Winter 2021/Comp 2800/Comp2800W21;
 message: The project cannot be built until build path errors are resolved; code: 0; resource: /home/usman/Documents/Github/University/Winter 2021/Comp 2800/Comp2800W21;
 message: Project 'Comp2800W21' is missing required library: 'C:/Users/ufben/Desktop/jars4java3D/j3dcore.jar'; code: 964; resource: /home/usman/Documents/Github/University/Winter 2021/Comp 2800/Comp2800W21;
 message: Project 'Comp2800W21' is missing required library: 'C:/Users/ufben/Desktop/jars4java3D/j3dexamples.jar'; code: 964; resource: /home/usman/Documents/Github/University/Winter 2021/Comp 2800/Comp2800W21;
 message: Project 'Comp2800W21' is missing required library: 'C:/Users/ufben/Desktop/jars4java3D/j3dutils.jar'; code: 964; resource: /home/usman/Documents/Github/University/Winter 2021/Comp 2800/Comp2800W21;
 message: Invalid classpath container: 'JUnit 5' in project 'SampleJUnit'; code: 962; resource: /home/usman/Documents/Github/University/Winter 2021/Comp 3220/Assignment5/SampleJUnit;
 message: The project cannot be built until build path errors are resolved; code: 0; resource: /home/usman/Documents/Github/University/Winter 2021/Comp 3220/Assignment5/SampleJUnit;
 message: The project was not built since its build path is incomplete. Cannot find the class file for java.lang.Object. Fix the build path then try building this project; code: 0; resource: /home/usman/Documents/Github/University/Winter 2021/Comp 3220/A6/TaxProcessing;
 message: The type java.lang.Object cannot be resolved. It is indirectly referenced from required .class files; code: 16777540; resource: /home/usman/Documents/Github/University/Winter 2021/Comp 3220/A6/TaxProcessing/src/AbstractFactory/CalculateTax.java; line: 1
 message: The project cannot be built until build path errors are resolved; code: 0; resource: /home/usman/Documents/Github/University/Winter 2021/Comp 3220/Assignment6/TaxProcessingBb;
 message: Project 'TaxProcessingBb' is missing required source folder: 'src'; code: 964; resource: /home/usman/Documents/Github/University/Winter 2021/Comp 3220/Assignment6/TaxProcessingBb;

!ENTRY org.eclipse.jdt.ls.core 1 0 2022-04-05 09:51:35.699
!MESSAGE Reconciled 0. Took 4 ms

!ENTRY org.eclipse.jdt.ls.core 1 0 2022-04-05 09:51:35.812
!MESSAGE begin problem for /A5.java

!ENTRY org.eclipse.jdt.ls.core 1 0 2022-04-05 09:51:35.812
!MESSAGE 1 problems reported for /A5.java

!ENTRY org.eclipse.jdt.ls.core 1 0 2022-04-05 09:51:35.814
!MESSAGE Validated 1. Took 109 ms

!ENTRY org.eclipse.jdt.ls.core 1 0 2022-04-05 09:51:35.826
!MESSAGE >> build jobs finished

!ENTRY org.eclipse.jdt.ls.core 1 0 2022-04-05 09:51:35.848
!MESSAGE >> registerFeature 'workspace/didChangeWatchedFiles'

!ENTRY org.eclipse.jdt.ls.core 1 0 2022-04-05 09:51:35.849
!MESSAGE >> registerFeature 'workspace/didChangeWatchedFiles'

!ENTRY org.eclipse.jdt.ls.core 1 0 2022-04-05 09:51:35.850
!MESSAGE >> watchers registered

!ENTRY org.eclipse.jdt.ls.core 1 0 2022-04-05 09:51:36.048
!MESSAGE >> registerFeature 'workspace/didChangeWatchedFiles'

!ENTRY org.eclipse.jdt.ls.core 1 0 2022-04-05 09:53:09.329
!MESSAGE >> document/didClose

!ENTRY org.eclipse.jdt.ls.core 1 0 2022-04-05 09:53:09.334
!MESSAGE Clearing problems for /A5.java
!SESSION 2022-04-05 19:01:47.657 -----------------------------------------------
eclipse.buildId=unknown
java.version=1.8.0_332
java.vendor=Oracle Corporation
BootLoader constants: OS=linux, ARCH=x86_64, WS=gtk, NL=en_US
Command-line arguments:  -data /home/usman/.config/coc/extensions/coc-java-data/jdt_ws_bdcf44d009f653134f2dc338892416de

!ENTRY org.eclipse.core.resources 2 10035 2022-04-05 19:01:48.060
!MESSAGE The workspace exited with unsaved changes in the previous session; refreshing workspace to recover changes.

!ENTRY org.eclipse.jdt.core 4 4 2022-04-05 19:01:48.178
!MESSAGE Unable to read variable and containers file
!STACK 0
java.io.EOFException
	at java.io.DataInputStream.readInt(DataInputStream.java:392)
	at org.eclipse.jdt.internal.core.JavaModelManager$VariablesAndContainersLoadHelper.loadInt(JavaModelManager.java:3960)
	at org.eclipse.jdt.internal.core.JavaModelManager$VariablesAndContainersLoadHelper.loadClasspathEntry(JavaModelManager.java:3888)
	at org.eclipse.jdt.internal.core.JavaModelManager$VariablesAndContainersLoadHelper.loadClasspathEntries(JavaModelManager.java:3882)
	at org.eclipse.jdt.internal.core.JavaModelManager$VariablesAndContainersLoadHelper.loadContainers(JavaModelManager.java:3937)
	at org.eclipse.jdt.internal.core.JavaModelManager$VariablesAndContainersLoadHelper.loadProjects(JavaModelManager.java:3994)
	at org.eclipse.jdt.internal.core.JavaModelManager$VariablesAndContainersLoadHelper.load(JavaModelManager.java:3828)
	at org.eclipse.jdt.internal.core.JavaModelManager.loadVariablesAndContainers(JavaModelManager.java:3660)
	at org.eclipse.jdt.internal.core.JavaModelManager.startup(JavaModelManager.java:5386)
	at org.eclipse.jdt.core.JavaCore.start(JavaCore.java:6412)
	at org.eclipse.osgi.internal.framework.BundleContextImpl$3.run(BundleContextImpl.java:843)
	at org.eclipse.osgi.internal.framework.BundleContextImpl$3.run(BundleContextImpl.java:1)
	at java.security.AccessController.doPrivileged(Native Method)
	at org.eclipse.osgi.internal.framework.BundleContextImpl.startActivator(BundleContextImpl.java:835)
	at org.eclipse.osgi.internal.framework.BundleContextImpl.start(BundleContextImpl.java:792)
	at org.eclipse.osgi.internal.framework.EquinoxBundle.startWorker0(EquinoxBundle.java:1015)
	at org.eclipse.osgi.internal.framework.EquinoxBundle$EquinoxModule.startWorker(EquinoxBundle.java:365)
	at org.eclipse.osgi.container.Module.doStart(Module.java:605)
	at org.eclipse.osgi.container.Module.start(Module.java:468)
	at org.eclipse.osgi.framework.util.SecureAction.start(SecureAction.java:493)
	at org.eclipse.osgi.internal.hooks.EclipseLazyStarter.postFindLocalClass(EclipseLazyStarter.java:117)
	at org.eclipse.osgi.internal.loader.classpath.ClasspathManager.findLocalClass(ClasspathManager.java:571)
	at org.eclipse.osgi.internal.loader.ModuleClassLoader.findLocalClass(ModuleClassLoader.java:346)
	at org.eclipse.osgi.internal.loader.BundleLoader.findLocalClass(BundleLoader.java:398)
	at org.eclipse.osgi.internal.loader.sources.SingleSourcePackage.loadClass(SingleSourcePackage.java:41)
	at org.eclipse.osgi.internal.loader.BundleLoader.findClass(BundleLoader.java:473)
	at org.eclipse.osgi.internal.loader.ModuleClassLoader.loadClass(ModuleClassLoader.java:171)
	at java.lang.ClassLoader.loadClass(ClassLoader.java:351)
	at org.eclipse.jdt.ls.core.internal.preferences.PreferenceManager.initialize(PreferenceManager.java:79)
	at org.eclipse.jdt.ls.core.internal.preferences.PreferenceManager.<init>(PreferenceManager.java:70)
	at org.eclipse.jdt.ls.core.internal.preferences.StandardPreferenceManager.<init>(StandardPreferenceManager.java:44)
	at org.eclipse.jdt.ls.core.internal.JavaLanguageServerPlugin.start(JavaLanguageServerPlugin.java:173)
	at org.eclipse.osgi.internal.framework.BundleContextImpl$3.run(BundleContextImpl.java:843)
	at org.eclipse.osgi.internal.framework.BundleContextImpl$3.run(BundleContextImpl.java:1)
	at java.security.AccessController.doPrivileged(Native Method)
	at org.eclipse.osgi.internal.framework.BundleContextImpl.startActivator(BundleContextImpl.java:835)
	at org.eclipse.osgi.internal.framework.BundleContextImpl.start(BundleContextImpl.java:792)
	at org.eclipse.osgi.internal.framework.EquinoxBundle.startWorker0(EquinoxBundle.java:1015)
	at org.eclipse.osgi.internal.framework.EquinoxBundle$EquinoxModule.startWorker(EquinoxBundle.java:365)
	at org.eclipse.osgi.container.Module.doStart(Module.java:605)
	at org.eclipse.osgi.container.Module.start(Module.java:468)
	at org.eclipse.osgi.container.ModuleContainer$ContainerStartLevel$2.run(ModuleContainer.java:1845)
	at org.eclipse.osgi.internal.framework.EquinoxContainerAdaptor$1$1.execute(EquinoxContainerAdaptor.java:136)
	at org.eclipse.osgi.container.ModuleContainer$ContainerStartLevel.incStartLevel(ModuleContainer.java:1838)
	at org.eclipse.osgi.container.ModuleContainer$ContainerStartLevel.incStartLevel(ModuleContainer.java:1781)
	at org.eclipse.osgi.container.ModuleContainer$ContainerStartLevel.doContainerStartLevel(ModuleContainer.java:1743)
	at org.eclipse.osgi.container.ModuleContainer$ContainerStartLevel.dispatchEvent(ModuleContainer.java:1665)
	at org.eclipse.osgi.container.ModuleContainer$ContainerStartLevel.dispatchEvent(ModuleContainer.java:1)
	at org.eclipse.osgi.framework.eventmgr.EventManager.dispatchEvent(EventManager.java:234)
	at org.eclipse.osgi.framework.eventmgr.EventManager$EventThread.run(EventManager.java:345)

!ENTRY org.eclipse.jdt.ls.core 1 0 2022-04-05 19:01:48.680
!MESSAGE class org.eclipse.jdt.ls.core.internal.JavaLanguageServerPlugin is started

!ENTRY org.eclipse.jdt.ls.core 1 0 2022-04-05 19:01:48.727
!MESSAGE Main thread is waiting

!ENTRY org.eclipse.jdt.ls.core 1 0 2022-04-05 19:01:48.741
!MESSAGE >> initialize

!ENTRY org.eclipse.jdt.ls.core 1 0 2022-04-05 19:01:48.744
!MESSAGE Initializing Java Language Server 0.57.0.202006172108

!ENTRY org.eclipse.jdt.ls.core 1 0 2022-04-05 19:01:48.752
!MESSAGE Static Commands: []

!ENTRY org.eclipse.jdt.ls.core 1 0 2022-04-05 19:01:48.752
!MESSAGE Non-Static Commands: [java.edit.organizeImports, java.project.refreshDiagnostics, java.project.import, java.project.removeFromSourcePath, java.project.listSourcePaths, java.project.provideSemanticTokens, java.project.getAll, java.project.isTestFile, java.project.getClasspaths, java.project.getSemanticTokensLegend, java.project.getSettings, java.project.updateSourceAttachment, java.project.resolveSourceAttachment, java.project.addToSourcePath]

!ENTRY org.eclipse.jdt.ls.core 1 0 2022-04-05 19:01:48.761
!MESSAGE >> initialized

!ENTRY org.eclipse.jdt.ls.core 1 0 2022-04-05 19:01:49.113
!MESSAGE Importing Eclipse project(s)

!ENTRY org.eclipse.core.resources 4 77 2022-04-05 19:01:49.123
!MESSAGE Invalid project description.
!SUBENTRY 1 unknown 0 0 2022-04-05 19:01:49.123
!MESSAGE OK
!SUBENTRY 1 org.eclipse.core.resources 4 77 2022-04-05 19:01:49.123
!MESSAGE /home/usman/Documents/Github/University/Winter 2021/Comp 3220/3220-workspace/A7_105219637 overlaps the location of another project: 'A7_105219637 (2)'

!ENTRY org.eclipse.jdt.ls.core 4 0 2022-04-05 19:01:49.124
!MESSAGE Initialization failed 
!STACK 0
java.lang.RuntimeException: org.eclipse.core.internal.resources.ResourceException: Invalid project description.
	at org.eclipse.jdt.ls.core.internal.managers.EclipseProjectImporter.importDir(EclipseProjectImporter.java:102)
	at org.eclipse.jdt.ls.core.internal.managers.EclipseProjectImporter.lambda$1(EclipseProjectImporter.java:69)
	at java.util.ArrayList.forEach(ArrayList.java:1259)
	at org.eclipse.jdt.ls.core.internal.managers.EclipseProjectImporter.importToWorkspace(EclipseProjectImporter.java:69)
	at org.eclipse.jdt.ls.core.internal.managers.ProjectsManager.importProjects(ProjectsManager.java:108)
	at org.eclipse.jdt.ls.core.internal.managers.ProjectsManager.initializeProjects(ProjectsManager.java:98)
	at org.eclipse.jdt.ls.core.internal.handlers.InitHandler$1.runInWorkspace(InitHandler.java:195)
	at org.eclipse.core.internal.resources.InternalWorkspaceJob.run(InternalWorkspaceJob.java:42)
	at org.eclipse.core.internal.jobs.Worker.run(Worker.java:63)
Caused by: org.eclipse.core.internal.resources.ResourceException: Invalid project description.
	at org.eclipse.core.internal.resources.Project.checkDescription(Project.java:173)
	at org.eclipse.core.internal.resources.Project.assertCreateRequirements(Project.java:57)
	at org.eclipse.core.internal.resources.Project.create(Project.java:266)
	at org.eclipse.core.internal.resources.Project.create(Project.java:252)
	at org.eclipse.jdt.ls.core.internal.managers.EclipseProjectImporter.importDir(EclipseProjectImporter.java:98)
	... 8 more

!ENTRY org.eclipse.jdt.ls.core 1 0 2022-04-05 19:01:49.162
!MESSAGE >> initialization job finished

!ENTRY org.eclipse.jdt.ls.core 1 0 2022-04-05 19:01:49.166
!MESSAGE >> workspace/didChangeConfiguration

!ENTRY org.eclipse.jdt.ls.core 1 0 2022-04-05 19:01:49.167
!MESSAGE >> java/buildWorkspace (incremental)

!ENTRY org.eclipse.jdt.ls.core 1 0 2022-04-05 19:01:49.176
!MESSAGE >> New configuration: {java={enabled=true, jdt={ls={vmargs=-noverify -Xmx1G -XX:+UseG1GC -XX:+UseStringDeduplication}}, errors={incompleteClasspath={severity=warning}}, configuration={checkProjectSettingsExclusions=true, updateBuildConfiguration=interactive, runtimes=[]}, trace={server=off}, import={gradle={enabled=true, wrapper={enabled=true}, offline={enabled=false}}, maven={enabled=true}, exclusions=[**/node_modules/**, **/.metadata/**, **/archetype-resources/**, **/META-INF/maven/**]}, maven={updateSnapshots=false, downloadSources=false}, referencesCodeLens={enabled=false}, signatureHelp={enabled=false}, implementationsCodeLens={enabled=false}, format={enabled=true, comments={enabled=true}, onType={enabled=true, fixComment={enabled=true}}}, saveActions={organizeImports=false}, project={referencedLibraries=[lib/**/*.jar], resourceFilters=[node_modules, .git]}, autobuild={enabled=true}, maxConcurrentBuilds=1.0, completion={maxResults=0.0, enabled=true, overwrite=true, guessMethodArguments=false, favoriteStaticMembers=[org.junit.Assert.*, org.junit.Assume.*, org.junit.jupiter.api.Assertions.*, org.junit.jupiter.api.Assumptions.*, org.junit.jupiter.api.DynamicContainer.*, org.junit.jupiter.api.DynamicTest.*, org.mockito.Mockito.*, org.mockito.ArgumentMatchers.*, org.mockito.Answers.*], filteredTypes=[java.awt.*, com.sun.*], importOrder=[java, javax, com, org]}, progressReports={enabled=true}, foldingRange={enabled=true}, codeGeneration={hashCodeEquals={useJava7Objects=false, useInstanceof=false}, useBlocks=false, generateComments=false, toString={template=${object.className} [${member.name()}=${member.value}, ${otherMembers}], codeStyle=STRING_CONCATENATION, skipNullValues=false, listArrayContents=true, limitElements=0.0}}, selectionRange={enabled=true}, sources={organizeImports={starThreshold=99.0, staticStarThreshold=99.0}}, templates={fileHeader=[], typeComment=[]}, references={includeAccessors=true}}}

!ENTRY org.eclipse.jdt.ls.core 1 0 2022-04-05 19:01:49.177
!MESSAGE >> document/didOpen

!ENTRY org.eclipse.jdt.ls.core 4 0 2022-04-05 19:01:49.544
!MESSAGE Error occured while building workspace. Details: 
 message: The project was not built since its build path is incomplete. Cannot find the class file for java.lang.Object. Fix the build path then try building this project; code: 0; resource: /home/usman/Documents/Github/University/Winter 2021/Comp 3220/3220-workspace/A5_105219637;
 message: The type java.lang.Object cannot be resolved. It is indirectly referenced from required .class files; code: 16777540; resource: /home/usman/Documents/Github/University/Winter 2021/Comp 3220/3220-workspace/A5_105219637/src/A5/BaseSalariedCommissionEmployee.java; line: 1
 message: The import org.junit cannot be resolved; code: 268435846; resource: /home/usman/Documents/Github/University/Winter 2021/Comp 3220/3220-workspace/A5_105219637/A5Src/A5Test/CompanyEmployeePayrollTest.java; line: 2
 message: The import org.junit cannot be resolved; code: 268435846; resource: /home/usman/Documents/Github/University/Winter 2021/Comp 3220/3220-workspace/A5_105219637/A5Src/A5Test/CompanyEmployeePayrollTest.java; line: 3
 message: The import org.junit cannot be resolved; code: 268435846; resource: /home/usman/Documents/Github/University/Winter 2021/Comp 3220/3220-workspace/A5_105219637/A5Src/A5Test/CompanyEmployeePayrollTest.java; line: 11
 message: The import org.junit cannot be resolved; code: 268435846; resource: /home/usman/Documents/Github/University/Winter 2021/Comp 3220/3220-workspace/A5_105219637/A5Src/A5Test/CompanyEmployeePayrollTest.java; line: 13
 message: Test cannot be resolved to a type; code: 16777218; resource: /home/usman/Documents/Github/University/Winter 2021/Comp 3220/3220-workspace/A5_105219637/A5Src/A5Test/CompanyEmployeePayrollTest.java; line: 17
 message: The method assertEquals(String, String) is undefined for the type CompanyEmployeePayrollTest; code: 67108964; resource: /home/usman/Documents/Github/University/Winter 2021/Comp 3220/3220-workspace/A5_105219637/A5Src/A5Test/CompanyEmployeePayrollTest.java; line: 24
 message: The method assertEquals(String, String) is undefined for the type CompanyEmployeePayrollTest; code: 67108964; resource: /home/usman/Documents/Github/University/Winter 2021/Comp 3220/3220-workspace/A5_105219637/A5Src/A5Test/CompanyEmployeePayrollTest.java; line: 25
 message: The method assertEquals(String, String) is undefined for the type CompanyEmployeePayrollTest; code: 67108964; resource: /home/usman/Documents/Github/University/Winter 2021/Comp 3220/3220-workspace/A5_105219637/A5Src/A5Test/CompanyEmployeePayrollTest.java; line: 26
 message: The method assertEquals(double, double) is undefined for the type CompanyEmployeePayrollTest; code: 67108964; resource: /home/usman/Documents/Github/University/Winter 2021/Comp 3220/3220-workspace/A5_105219637/A5Src/A5Test/CompanyEmployeePayrollTest.java; line: 27
 message: The method assertEquals(double, double) is undefined for the type CompanyEmployeePayrollTest; code: 67108964; resource: /home/usman/Documents/Github/University/Winter 2021/Comp 3220/3220-workspace/A5_105219637/A5Src/A5Test/CompanyEmployeePayrollTest.java; line: 28
 message: Test cannot be resolved to a type; code: 16777218; resource: /home/usman/Documents/Github/University/Winter 2021/Comp 3220/3220-workspace/A5_105219637/A5Src/A5Test/CompanyEmployeePayrollTest.java; line: 31
 message: The method assertEquals(String, String) is undefined for the type CompanyEmployeePayrollTest; code: 67108964; resource: /home/usman/Documents/Github/University/Winter 2021/Comp 3220/3220-workspace/A5_105219637/A5Src/A5Test/CompanyEmployeePayrollTest.java; line: 40
 message: The method assertEquals(String, String) is undefined for the type CompanyEmployeePayrollTest; code: 67108964; resource: /home/usman/Documents/Github/University/Winter 2021/Comp 3220/3220-workspace/A5_105219637/A5Src/A5Test/CompanyEmployeePayrollTest.java; line: 41
 message: The method assertEquals(String, String) is undefined for the type CompanyEmployeePayrollTest; code: 67108964; resource: /home/usman/Documents/Github/University/Winter 2021/Comp 3220/3220-workspace/A5_105219637/A5Src/A5Test/CompanyEmployeePayrollTest.java; line: 42
 message: The method assertEquals(int, double) is undefined for the type CompanyEmployeePayrollTest; code: 67108964; resource: /home/usman/Documents/Github/University/Winter 2021/Comp 3220/3220-workspace/A5_105219637/A5Src/A5Test/CompanyEmployeePayrollTest.java; line: 43
 message: The method assertEquals(int, int) is undefined for the type CompanyEmployeePayrollTest; code: 67108964; resource: /home/usman/Documents/Github/University/Winter 2021/Comp 3220/3220-workspace/A5_105219637/A5Src/A5Test/CompanyEmployeePayrollTest.java; line: 44
 message: The method assertEquals(int, double) is undefined for the type CompanyEmployeePayrollTest; code: 67108964; resource: /home/usman/Documents/Github/University/Winter 2021/Comp 3220/3220-workspace/A5_105219637/A5Src/A5Test/CompanyEmployeePayrollTest.java; line: 45
 message: Test cannot be resolved to a type; code: 16777218; resource: /home/usman/Documents/Github/University/Winter 2021/Comp 3220/3220-workspace/A5_105219637/A5Src/A5Test/CompanyEmployeePayrollTest.java; line: 48
 message: The method assertEquals(String, String) is undefined for the type CompanyEmployeePayrollTest; code: 67108964; resource: /home/usman/Documents/Github/University/Winter 2021/Comp 3220/3220-workspace/A5_105219637/A5Src/A5Test/CompanyEmployeePayrollTest.java; line: 58
 message: The method assertEquals(String, String) is undefined for the type CompanyEmployeePayrollTest; code: 67108964; resource: /home/usman/Documents/Github/University/Winter 2021/Comp 3220/3220-workspace/A5_105219637/A5Src/A5Test/CompanyEmployeePayrollTest.java; line: 59
 message: The method assertEquals(String, String) is undefined for the type CompanyEmployeePayrollTest; code: 67108964; resource: /home/usman/Documents/Github/University/Winter 2021/Comp 3220/3220-workspace/A5_105219637/A5Src/A5Test/CompanyEmployeePayrollTest.java; line: 60
 message: The method assertEquals(int, double) is undefined for the type CompanyEmployeePayrollTest; code: 67108964; resource: /home/usman/Documents/Github/University/Winter 2021/Comp 3220/3220-workspace/A5_105219637/A5Src/A5Test/CompanyEmployeePayrollTest.java; line: 61
 message: The method assertEquals(double, double) is undefined for the type CompanyEmployeePayrollTest; code: 67108964; resource: /home/usman/Documents/Github/University/Winter 2021/Comp 3220/3220-workspace/A5_105219637/A5Src/A5Test/CompanyEmployeePayrollTest.java; line: 62
 message: The method assertEquals(int, double) is undefined for the type CompanyEmployeePayrollTest; code: 67108964; resource: /home/usman/Documents/Github/University/Winter 2021/Comp 3220/3220-workspace/A5_105219637/A5Src/A5Test/CompanyEmployeePayrollTest.java; line: 63
 message: The method assertEquals(int, double) is undefined for the type CompanyEmployeePayrollTest; code: 67108964; resource: /home/usman/Documents/Github/University/Winter 2021/Comp 3220/3220-workspace/A5_105219637/A5Src/A5Test/CompanyEmployeePayrollTest.java; line: 64
 message: Test cannot be resolved to a type; code: 16777218; resource: /home/usman/Documents/Github/University/Winter 2021/Comp 3220/3220-workspace/A5_105219637/A5Src/A5Test/CompanyEmployeePayrollTest.java; line: 66
 message: The method assertEquals(String, String) is undefined for the type CompanyEmployeePayrollTest; code: 67108964; resource: /home/usman/Documents/Github/University/Winter 2021/Comp 3220/3220-workspace/A5_105219637/A5Src/A5Test/CompanyEmployeePayrollTest.java; line: 72
 message: The method assertEquals(String, String) is undefined for the type CompanyEmployeePayrollTest; code: 67108964; resource: /home/usman/Documents/Github/University/Winter 2021/Comp 3220/3220-workspace/A5_105219637/A5Src/A5Test/CompanyEmployeePayrollTest.java; line: 73
 message: The method assertEquals(String, String) is undefined for the type CompanyEmployeePayrollTest; code: 67108964; resource: /home/usman/Documents/Github/University/Winter 2021/Comp 3220/3220-workspace/A5_105219637/A5Src/A5Test/CompanyEmployeePayrollTest.java; line: 74
 message: Test cannot be resolved to a type; code: 16777218; resource: /home/usman/Documents/Github/University/Winter 2021/Comp 3220/3220-workspace/A5_105219637/A5Src/A5Test/CompanyEmployeePayrollTest.java; line: 76
 message: The method assertEquals(String, String) is undefined for the type CompanyEmployeePayrollTest; code: 67108964; resource: /home/usman/Documents/Github/University/Winter 2021/Comp 3220/3220-workspace/A5_105219637/A5Src/A5Test/CompanyEmployeePayrollTest.java; line: 85
 message: The method assertEquals(String, String) is undefined for the type CompanyEmployeePayrollTest; code: 67108964; resource: /home/usman/Documents/Github/University/Winter 2021/Comp 3220/3220-workspace/A5_105219637/A5Src/A5Test/CompanyEmployeePayrollTest.java; line: 86
 message: The method assertEquals(String, String) is undefined for the type CompanyEmployeePayrollTest; code: 67108964; resource: /home/usman/Documents/Github/University/Winter 2021/Comp 3220/3220-workspace/A5_105219637/A5Src/A5Test/CompanyEmployeePayrollTest.java; line: 87
 message: The method assertEquals(double, double) is undefined for the type CompanyEmployeePayrollTest; code: 67108964; resource: /home/usman/Documents/Github/University/Winter 2021/Comp 3220/3220-workspace/A5_105219637/A5Src/A5Test/CompanyEmployeePayrollTest.java; line: 88
 message: The method assertEquals(int, double) is undefined for the type CompanyEmployeePayrollTest; code: 67108964; resource: /home/usman/Documents/Github/University/Winter 2021/Comp 3220/3220-workspace/A5_105219637/A5Src/A5Test/CompanyEmployeePayrollTest.java; line: 89
 message: The method assertEquals(int, double) is undefined for the type CompanyEmployeePayrollTest; code: 67108964; resource: /home/usman/Documents/Github/University/Winter 2021/Comp 3220/3220-workspace/A5_105219637/A5Src/A5Test/CompanyEmployeePayrollTest.java; line: 90
 message: Test cannot be resolved to a type; code: 16777218; resource: /home/usman/Documents/Github/University/Winter 2021/Comp 3220/3220-workspace/A5_105219637/A5Src/A5Test/CompanyEmployeePayrollTest.java; line: 94
 message: The method assertEquals(String, String) is undefined for the type CompanyEmployeePayrollTest; code: 67108964; resource: /home/usman/Documents/Github/University/Winter 2021/Comp 3220/3220-workspace/A5_105219637/A5Src/A5Test/CompanyEmployeePayrollTest.java; line: 103
 message: The method assertEquals(String, String) is undefined for the type CompanyEmployeePayrollTest; code: 67108964; resource: /home/usman/Documents/Github/University/Winter 2021/Comp 3220/3220-workspace/A5_105219637/A5Src/A5Test/CompanyEmployeePayrollTest.java; line: 104
 message: The method assertEquals(String, String) is undefined for the type CompanyEmployeePayrollTest; code: 67108964; resource: /home/usman/Documents/Github/University/Winter 2021/Comp 3220/3220-workspace/A5_105219637/A5Src/A5Test/CompanyEmployeePayrollTest.java; line: 105
 message: The method assertEquals(int, double) is undefined for the type CompanyEmployeePayrollTest; code: 67108964; resource: /home/usman/Documents/Github/University/Winter 2021/Comp 3220/3220-workspace/A5_105219637/A5Src/A5Test/CompanyEmployeePayrollTest.java; line: 106
 message: The method assertEquals(int, double) is undefined for the type CompanyEmployeePayrollTest; code: 67108964; resource: /home/usman/Documents/Github/University/Winter 2021/Comp 3220/3220-workspace/A5_105219637/A5Src/A5Test/CompanyEmployeePayrollTest.java; line: 107
 message: The method assertEquals(int, double) is undefined for the type CompanyEmployeePayrollTest; code: 67108964; resource: /home/usman/Documents/Github/University/Winter 2021/Comp 3220/3220-workspace/A5_105219637/A5Src/A5Test/CompanyEmployeePayrollTest.java; line: 108
 message: The project was not built since its build path is incomplete. Cannot find the class file for java.lang.Object. Fix the build path then try building this project; code: 0; resource: /home/usman/Documents/Github/University/Winter 2021/Comp 3220/3220-workspace/A7_105219637;
 message: The type java.lang.Object cannot be resolved. It is indirectly referenced from required .class files; code: 16777540; resource: /home/usman/Documents/Github/University/Winter 2021/Comp 3220/3220-workspace/A7_105219637/src/CompositePattern/Assembly.java; line: 1
 message: The project was not built since its build path is incomplete. Cannot find the class file for java.lang.Object. Fix the build path then try building this project; code: 0; resource: /home/usman/Documents/Github/University/Winter 2021/Comp 3220/3220-workspace/A8_105219637;
 message: The type java.lang.Object cannot be resolved. It is indirectly referenced from required .class files; code: 16777540; resource: /home/usman/Documents/Github/University/Winter 2021/Comp 3220/3220-workspace/A8_105219637/src/ObserverPattern/Channel.java; line: 1
 message: Project 'Comp2800W21' is missing required library: 'C:/Users/ufben/Desktop/jars4java3D/jogamp-fat.jar'; code: 964; resource: /home/usman/Documents/Github/University/Winter 2021/Comp 2800/Comp2800W21;
 message: Project 'Comp2800W21' is missing required library: 'C:/Users/ufben/Desktop/jars4java3D/vecmath.jar'; code: 964; resource: /home/usman/Documents/Github/University/Winter 2021/Comp 2800/Comp2800W21;
 message: The project cannot be built until build path errors are resolved; code: 0; resource: /home/usman/Documents/Github/University/Winter 2021/Comp 2800/Comp2800W21;
 message: Project 'Comp2800W21' is missing required library: 'C:/Users/ufben/Desktop/jars4java3D/j3dcore.jar'; code: 964; resource: /home/usman/Documents/Github/University/Winter 2021/Comp 2800/Comp2800W21;
 message: Project 'Comp2800W21' is missing required library: 'C:/Users/ufben/Desktop/jars4java3D/j3dexamples.jar'; code: 964; resource: /home/usman/Documents/Github/University/Winter 2021/Comp 2800/Comp2800W21;
 message: Project 'Comp2800W21' is missing required library: 'C:/Users/ufben/Desktop/jars4java3D/j3dutils.jar'; code: 964; resource: /home/usman/Documents/Github/University/Winter 2021/Comp 2800/Comp2800W21;
 message: Invalid classpath container: 'JUnit 5' in project 'SampleJUnit'; code: 962; resource: /home/usman/Documents/Github/University/Winter 2021/Comp 3220/Assignment5/SampleJUnit;
 message: The project cannot be built until build path errors are resolved; code: 0; resource: /home/usman/Documents/Github/University/Winter 2021/Comp 3220/Assignment5/SampleJUnit;
 message: The project was not built since its build path is incomplete. Cannot find the class file for java.lang.Object. Fix the build path then try building this project; code: 0; resource: /home/usman/Documents/Github/University/Winter 2021/Comp 3220/A6/TaxProcessing;
 message: The type java.lang.Object cannot be resolved. It is indirectly referenced from required .class files; code: 16777540; resource: /home/usman/Documents/Github/University/Winter 2021/Comp 3220/A6/TaxProcessing/src/AbstractFactory/CalculateTax.java; line: 1
 message: The project cannot be built until build path errors are resolved; code: 0; resource: /home/usman/Documents/Github/University/Winter 2021/Comp 3220/Assignment6/TaxProcessingBb;
 message: Project 'TaxProcessingBb' is missing required source folder: 'src'; code: 964; resource: /home/usman/Documents/Github/University/Winter 2021/Comp 3220/Assignment6/TaxProcessingBb;

!ENTRY org.eclipse.jdt.ls.core 1 0 2022-04-05 19:01:49.555
!MESSAGE Reconciled 0. Took 4 ms

!ENTRY org.eclipse.jdt.ls.core 1 0 2022-04-05 19:01:49.723
!MESSAGE begin problem for /A5.java

!ENTRY org.eclipse.jdt.ls.core 1 0 2022-04-05 19:01:49.723
!MESSAGE 1 problems reported for /A5.java

!ENTRY org.eclipse.jdt.ls.core 1 0 2022-04-05 19:01:49.725
!MESSAGE Validated 1. Took 144 ms

!ENTRY org.eclipse.jdt.ls.core 1 0 2022-04-05 19:01:49.743
!MESSAGE >> build jobs finished

!ENTRY org.eclipse.jdt.ls.core 1 0 2022-04-05 19:01:49.763
!MESSAGE >> registerFeature 'workspace/didChangeWatchedFiles'

!ENTRY org.eclipse.jdt.ls.core 1 0 2022-04-05 19:01:49.765
!MESSAGE >> registerFeature 'workspace/didChangeWatchedFiles'

!ENTRY org.eclipse.jdt.ls.core 1 0 2022-04-05 19:01:49.766
!MESSAGE >> watchers registered

!ENTRY org.eclipse.jdt.ls.core 1 0 2022-04-05 19:01:49.826
!MESSAGE >> registerFeature 'workspace/didChangeWatchedFiles'

!ENTRY org.eclipse.jdt.ls.core 1 0 2022-04-05 19:02:09.639
!MESSAGE >> document/didClose

!ENTRY org.eclipse.jdt.ls.core 1 0 2022-04-05 19:02:09.640
!MESSAGE Clearing problems for /A5.java
!SESSION 2022-04-05 19:02:19.147 -----------------------------------------------
eclipse.buildId=unknown
java.version=1.8.0_332
java.vendor=Oracle Corporation
BootLoader constants: OS=linux, ARCH=x86_64, WS=gtk, NL=en_US
Command-line arguments:  -data /home/usman/.config/coc/extensions/coc-java-data/jdt_ws_bdcf44d009f653134f2dc338892416de

!ENTRY org.eclipse.core.resources 2 10035 2022-04-05 19:02:19.559
!MESSAGE The workspace exited with unsaved changes in the previous session; refreshing workspace to recover changes.

!ENTRY org.eclipse.jdt.core 4 4 2022-04-05 19:02:19.681
!MESSAGE Unable to read variable and containers file
!STACK 0
java.io.EOFException
	at java.io.DataInputStream.readInt(DataInputStream.java:392)
	at org.eclipse.jdt.internal.core.JavaModelManager$VariablesAndContainersLoadHelper.loadInt(JavaModelManager.java:3960)
	at org.eclipse.jdt.internal.core.JavaModelManager$VariablesAndContainersLoadHelper.loadClasspathEntry(JavaModelManager.java:3888)
	at org.eclipse.jdt.internal.core.JavaModelManager$VariablesAndContainersLoadHelper.loadClasspathEntries(JavaModelManager.java:3882)
	at org.eclipse.jdt.internal.core.JavaModelManager$VariablesAndContainersLoadHelper.loadContainers(JavaModelManager.java:3937)
	at org.eclipse.jdt.internal.core.JavaModelManager$VariablesAndContainersLoadHelper.loadProjects(JavaModelManager.java:3994)
	at org.eclipse.jdt.internal.core.JavaModelManager$VariablesAndContainersLoadHelper.load(JavaModelManager.java:3828)
	at org.eclipse.jdt.internal.core.JavaModelManager.loadVariablesAndContainers(JavaModelManager.java:3660)
	at org.eclipse.jdt.internal.core.JavaModelManager.startup(JavaModelManager.java:5386)
	at org.eclipse.jdt.core.JavaCore.start(JavaCore.java:6412)
	at org.eclipse.osgi.internal.framework.BundleContextImpl$3.run(BundleContextImpl.java:843)
	at org.eclipse.osgi.internal.framework.BundleContextImpl$3.run(BundleContextImpl.java:1)
	at java.security.AccessController.doPrivileged(Native Method)
	at org.eclipse.osgi.internal.framework.BundleContextImpl.startActivator(BundleContextImpl.java:835)
	at org.eclipse.osgi.internal.framework.BundleContextImpl.start(BundleContextImpl.java:792)
	at org.eclipse.osgi.internal.framework.EquinoxBundle.startWorker0(EquinoxBundle.java:1015)
	at org.eclipse.osgi.internal.framework.EquinoxBundle$EquinoxModule.startWorker(EquinoxBundle.java:365)
	at org.eclipse.osgi.container.Module.doStart(Module.java:605)
	at org.eclipse.osgi.container.Module.start(Module.java:468)
	at org.eclipse.osgi.framework.util.SecureAction.start(SecureAction.java:493)
	at org.eclipse.osgi.internal.hooks.EclipseLazyStarter.postFindLocalClass(EclipseLazyStarter.java:117)
	at org.eclipse.osgi.internal.loader.classpath.ClasspathManager.findLocalClass(ClasspathManager.java:571)
	at org.eclipse.osgi.internal.loader.ModuleClassLoader.findLocalClass(ModuleClassLoader.java:346)
	at org.eclipse.osgi.internal.loader.BundleLoader.findLocalClass(BundleLoader.java:398)
	at org.eclipse.osgi.internal.loader.sources.SingleSourcePackage.loadClass(SingleSourcePackage.java:41)
	at org.eclipse.osgi.internal.loader.BundleLoader.findClass(BundleLoader.java:473)
	at org.eclipse.osgi.internal.loader.ModuleClassLoader.loadClass(ModuleClassLoader.java:171)
	at java.lang.ClassLoader.loadClass(ClassLoader.java:351)
	at org.eclipse.jdt.ls.core.internal.preferences.PreferenceManager.initialize(PreferenceManager.java:79)
	at org.eclipse.jdt.ls.core.internal.preferences.PreferenceManager.<init>(PreferenceManager.java:70)
	at org.eclipse.jdt.ls.core.internal.preferences.StandardPreferenceManager.<init>(StandardPreferenceManager.java:44)
	at org.eclipse.jdt.ls.core.internal.JavaLanguageServerPlugin.start(JavaLanguageServerPlugin.java:173)
	at org.eclipse.osgi.internal.framework.BundleContextImpl$3.run(BundleContextImpl.java:843)
	at org.eclipse.osgi.internal.framework.BundleContextImpl$3.run(BundleContextImpl.java:1)
	at java.security.AccessController.doPrivileged(Native Method)
	at org.eclipse.osgi.internal.framework.BundleContextImpl.startActivator(BundleContextImpl.java:835)
	at org.eclipse.osgi.internal.framework.BundleContextImpl.start(BundleContextImpl.java:792)
	at org.eclipse.osgi.internal.framework.EquinoxBundle.startWorker0(EquinoxBundle.java:1015)
	at org.eclipse.osgi.internal.framework.EquinoxBundle$EquinoxModule.startWorker(EquinoxBundle.java:365)
	at org.eclipse.osgi.container.Module.doStart(Module.java:605)
	at org.eclipse.osgi.container.Module.start(Module.java:468)
	at org.eclipse.osgi.container.ModuleContainer$ContainerStartLevel$2.run(ModuleContainer.java:1845)
	at org.eclipse.osgi.internal.framework.EquinoxContainerAdaptor$1$1.execute(EquinoxContainerAdaptor.java:136)
	at org.eclipse.osgi.container.ModuleContainer$ContainerStartLevel.incStartLevel(ModuleContainer.java:1838)
	at org.eclipse.osgi.container.ModuleContainer$ContainerStartLevel.incStartLevel(ModuleContainer.java:1781)
	at org.eclipse.osgi.container.ModuleContainer$ContainerStartLevel.doContainerStartLevel(ModuleContainer.java:1743)
	at org.eclipse.osgi.container.ModuleContainer$ContainerStartLevel.dispatchEvent(ModuleContainer.java:1665)
	at org.eclipse.osgi.container.ModuleContainer$ContainerStartLevel.dispatchEvent(ModuleContainer.java:1)
	at org.eclipse.osgi.framework.eventmgr.EventManager.dispatchEvent(EventManager.java:234)
	at org.eclipse.osgi.framework.eventmgr.EventManager$EventThread.run(EventManager.java:345)

!ENTRY org.eclipse.jdt.ls.core 1 0 2022-04-05 19:02:20.188
!MESSAGE class org.eclipse.jdt.ls.core.internal.JavaLanguageServerPlugin is started

!ENTRY org.eclipse.jdt.ls.core 1 0 2022-04-05 19:02:20.240
!MESSAGE Main thread is waiting

!ENTRY org.eclipse.jdt.ls.core 1 0 2022-04-05 19:02:20.252
!MESSAGE >> initialize

!ENTRY org.eclipse.jdt.ls.core 1 0 2022-04-05 19:02:20.255
!MESSAGE Initializing Java Language Server 0.57.0.202006172108

!ENTRY org.eclipse.jdt.ls.core 1 0 2022-04-05 19:02:20.262
!MESSAGE Static Commands: []

!ENTRY org.eclipse.jdt.ls.core 1 0 2022-04-05 19:02:20.263
!MESSAGE Non-Static Commands: [java.edit.organizeImports, java.project.refreshDiagnostics, java.project.import, java.project.removeFromSourcePath, java.project.listSourcePaths, java.project.provideSemanticTokens, java.project.getAll, java.project.isTestFile, java.project.getClasspaths, java.project.getSemanticTokensLegend, java.project.getSettings, java.project.updateSourceAttachment, java.project.resolveSourceAttachment, java.project.addToSourcePath]

!ENTRY org.eclipse.jdt.ls.core 1 0 2022-04-05 19:02:20.271
!MESSAGE >> initialized

!ENTRY org.eclipse.jdt.ls.core 1 0 2022-04-05 19:02:20.587
!MESSAGE Importing Eclipse project(s)

!ENTRY org.eclipse.core.resources 4 77 2022-04-05 19:02:20.596
!MESSAGE Invalid project description.
!SUBENTRY 1 unknown 0 0 2022-04-05 19:02:20.596
!MESSAGE OK
!SUBENTRY 1 org.eclipse.core.resources 4 77 2022-04-05 19:02:20.596
!MESSAGE /home/usman/Documents/Github/University/Winter 2021/Comp 3220/3220-workspace/A7_105219637 overlaps the location of another project: 'A7_105219637 (2)'

!ENTRY org.eclipse.jdt.ls.core 4 0 2022-04-05 19:02:20.597
!MESSAGE Initialization failed 
!STACK 0
java.lang.RuntimeException: org.eclipse.core.internal.resources.ResourceException: Invalid project description.
	at org.eclipse.jdt.ls.core.internal.managers.EclipseProjectImporter.importDir(EclipseProjectImporter.java:102)
	at org.eclipse.jdt.ls.core.internal.managers.EclipseProjectImporter.lambda$1(EclipseProjectImporter.java:69)
	at java.util.ArrayList.forEach(ArrayList.java:1259)
	at org.eclipse.jdt.ls.core.internal.managers.EclipseProjectImporter.importToWorkspace(EclipseProjectImporter.java:69)
	at org.eclipse.jdt.ls.core.internal.managers.ProjectsManager.importProjects(ProjectsManager.java:108)
	at org.eclipse.jdt.ls.core.internal.managers.ProjectsManager.initializeProjects(ProjectsManager.java:98)
	at org.eclipse.jdt.ls.core.internal.handlers.InitHandler$1.runInWorkspace(InitHandler.java:195)
	at org.eclipse.core.internal.resources.InternalWorkspaceJob.run(InternalWorkspaceJob.java:42)
	at org.eclipse.core.internal.jobs.Worker.run(Worker.java:63)
Caused by: org.eclipse.core.internal.resources.ResourceException: Invalid project description.
	at org.eclipse.core.internal.resources.Project.checkDescription(Project.java:173)
	at org.eclipse.core.internal.resources.Project.assertCreateRequirements(Project.java:57)
	at org.eclipse.core.internal.resources.Project.create(Project.java:266)
	at org.eclipse.core.internal.resources.Project.create(Project.java:252)
	at org.eclipse.jdt.ls.core.internal.managers.EclipseProjectImporter.importDir(EclipseProjectImporter.java:98)
	... 8 more

!ENTRY org.eclipse.jdt.ls.core 1 0 2022-04-05 19:02:20.672
!MESSAGE >> initialization job finished

!ENTRY org.eclipse.jdt.ls.core 1 0 2022-04-05 19:02:20.676
!MESSAGE >> workspace/didChangeConfiguration

!ENTRY org.eclipse.jdt.ls.core 1 0 2022-04-05 19:02:20.677
!MESSAGE >> java/buildWorkspace (incremental)

!ENTRY org.eclipse.jdt.ls.core 1 0 2022-04-05 19:02:20.686
!MESSAGE >> New configuration: {java={enabled=true, jdt={ls={vmargs=-noverify -Xmx1G -XX:+UseG1GC -XX:+UseStringDeduplication}}, errors={incompleteClasspath={severity=warning}}, configuration={checkProjectSettingsExclusions=true, updateBuildConfiguration=interactive, runtimes=[]}, trace={server=off}, import={gradle={enabled=true, wrapper={enabled=true}, offline={enabled=false}}, maven={enabled=true}, exclusions=[**/node_modules/**, **/.metadata/**, **/archetype-resources/**, **/META-INF/maven/**]}, maven={updateSnapshots=false, downloadSources=false}, referencesCodeLens={enabled=false}, signatureHelp={enabled=false}, implementationsCodeLens={enabled=false}, format={enabled=true, comments={enabled=true}, onType={enabled=true, fixComment={enabled=true}}}, saveActions={organizeImports=false}, project={referencedLibraries=[lib/**/*.jar], resourceFilters=[node_modules, .git]}, autobuild={enabled=true}, maxConcurrentBuilds=1.0, completion={maxResults=0.0, enabled=true, overwrite=true, guessMethodArguments=false, favoriteStaticMembers=[org.junit.Assert.*, org.junit.Assume.*, org.junit.jupiter.api.Assertions.*, org.junit.jupiter.api.Assumptions.*, org.junit.jupiter.api.DynamicContainer.*, org.junit.jupiter.api.DynamicTest.*, org.mockito.Mockito.*, org.mockito.ArgumentMatchers.*, org.mockito.Answers.*], filteredTypes=[java.awt.*, com.sun.*], importOrder=[java, javax, com, org]}, progressReports={enabled=true}, foldingRange={enabled=true}, codeGeneration={hashCodeEquals={useJava7Objects=false, useInstanceof=false}, useBlocks=false, generateComments=false, toString={template=${object.className} [${member.name()}=${member.value}, ${otherMembers}], codeStyle=STRING_CONCATENATION, skipNullValues=false, listArrayContents=true, limitElements=0.0}}, selectionRange={enabled=true}, sources={organizeImports={starThreshold=99.0, staticStarThreshold=99.0}}, templates={fileHeader=[], typeComment=[]}, references={includeAccessors=true}}}

!ENTRY org.eclipse.jdt.ls.core 1 0 2022-04-05 19:02:20.687
!MESSAGE >> document/didOpen

!ENTRY org.eclipse.jdt.ls.core 4 0 2022-04-05 19:02:20.914
!MESSAGE Error occured while building workspace. Details: 
 message: The project was not built since its build path is incomplete. Cannot find the class file for java.lang.Object. Fix the build path then try building this project; code: 0; resource: /home/usman/Documents/Github/University/Winter 2021/Comp 3220/3220-workspace/A5_105219637;
 message: The type java.lang.Object cannot be resolved. It is indirectly referenced from required .class files; code: 16777540; resource: /home/usman/Documents/Github/University/Winter 2021/Comp 3220/3220-workspace/A5_105219637/src/A5/BaseSalariedCommissionEmployee.java; line: 1
 message: The import org.junit cannot be resolved; code: 268435846; resource: /home/usman/Documents/Github/University/Winter 2021/Comp 3220/3220-workspace/A5_105219637/A5Src/A5Test/CompanyEmployeePayrollTest.java; line: 2
 message: The import org.junit cannot be resolved; code: 268435846; resource: /home/usman/Documents/Github/University/Winter 2021/Comp 3220/3220-workspace/A5_105219637/A5Src/A5Test/CompanyEmployeePayrollTest.java; line: 3
 message: The import org.junit cannot be resolved; code: 268435846; resource: /home/usman/Documents/Github/University/Winter 2021/Comp 3220/3220-workspace/A5_105219637/A5Src/A5Test/CompanyEmployeePayrollTest.java; line: 11
 message: The import org.junit cannot be resolved; code: 268435846; resource: /home/usman/Documents/Github/University/Winter 2021/Comp 3220/3220-workspace/A5_105219637/A5Src/A5Test/CompanyEmployeePayrollTest.java; line: 13
 message: Test cannot be resolved to a type; code: 16777218; resource: /home/usman/Documents/Github/University/Winter 2021/Comp 3220/3220-workspace/A5_105219637/A5Src/A5Test/CompanyEmployeePayrollTest.java; line: 17
 message: The method assertEquals(String, String) is undefined for the type CompanyEmployeePayrollTest; code: 67108964; resource: /home/usman/Documents/Github/University/Winter 2021/Comp 3220/3220-workspace/A5_105219637/A5Src/A5Test/CompanyEmployeePayrollTest.java; line: 24
 message: The method assertEquals(String, String) is undefined for the type CompanyEmployeePayrollTest; code: 67108964; resource: /home/usman/Documents/Github/University/Winter 2021/Comp 3220/3220-workspace/A5_105219637/A5Src/A5Test/CompanyEmployeePayrollTest.java; line: 25
 message: The method assertEquals(String, String) is undefined for the type CompanyEmployeePayrollTest; code: 67108964; resource: /home/usman/Documents/Github/University/Winter 2021/Comp 3220/3220-workspace/A5_105219637/A5Src/A5Test/CompanyEmployeePayrollTest.java; line: 26
 message: The method assertEquals(double, double) is undefined for the type CompanyEmployeePayrollTest; code: 67108964; resource: /home/usman/Documents/Github/University/Winter 2021/Comp 3220/3220-workspace/A5_105219637/A5Src/A5Test/CompanyEmployeePayrollTest.java; line: 27
 message: The method assertEquals(double, double) is undefined for the type CompanyEmployeePayrollTest; code: 67108964; resource: /home/usman/Documents/Github/University/Winter 2021/Comp 3220/3220-workspace/A5_105219637/A5Src/A5Test/CompanyEmployeePayrollTest.java; line: 28
 message: Test cannot be resolved to a type; code: 16777218; resource: /home/usman/Documents/Github/University/Winter 2021/Comp 3220/3220-workspace/A5_105219637/A5Src/A5Test/CompanyEmployeePayrollTest.java; line: 31
 message: The method assertEquals(String, String) is undefined for the type CompanyEmployeePayrollTest; code: 67108964; resource: /home/usman/Documents/Github/University/Winter 2021/Comp 3220/3220-workspace/A5_105219637/A5Src/A5Test/CompanyEmployeePayrollTest.java; line: 40
 message: The method assertEquals(String, String) is undefined for the type CompanyEmployeePayrollTest; code: 67108964; resource: /home/usman/Documents/Github/University/Winter 2021/Comp 3220/3220-workspace/A5_105219637/A5Src/A5Test/CompanyEmployeePayrollTest.java; line: 41
 message: The method assertEquals(String, String) is undefined for the type CompanyEmployeePayrollTest; code: 67108964; resource: /home/usman/Documents/Github/University/Winter 2021/Comp 3220/3220-workspace/A5_105219637/A5Src/A5Test/CompanyEmployeePayrollTest.java; line: 42
 message: The method assertEquals(int, double) is undefined for the type CompanyEmployeePayrollTest; code: 67108964; resource: /home/usman/Documents/Github/University/Winter 2021/Comp 3220/3220-workspace/A5_105219637/A5Src/A5Test/CompanyEmployeePayrollTest.java; line: 43
 message: The method assertEquals(int, int) is undefined for the type CompanyEmployeePayrollTest; code: 67108964; resource: /home/usman/Documents/Github/University/Winter 2021/Comp 3220/3220-workspace/A5_105219637/A5Src/A5Test/CompanyEmployeePayrollTest.java; line: 44
 message: The method assertEquals(int, double) is undefined for the type CompanyEmployeePayrollTest; code: 67108964; resource: /home/usman/Documents/Github/University/Winter 2021/Comp 3220/3220-workspace/A5_105219637/A5Src/A5Test/CompanyEmployeePayrollTest.java; line: 45
 message: Test cannot be resolved to a type; code: 16777218; resource: /home/usman/Documents/Github/University/Winter 2021/Comp 3220/3220-workspace/A5_105219637/A5Src/A5Test/CompanyEmployeePayrollTest.java; line: 48
 message: The method assertEquals(String, String) is undefined for the type CompanyEmployeePayrollTest; code: 67108964; resource: /home/usman/Documents/Github/University/Winter 2021/Comp 3220/3220-workspace/A5_105219637/A5Src/A5Test/CompanyEmployeePayrollTest.java; line: 58
 message: The method assertEquals(String, String) is undefined for the type CompanyEmployeePayrollTest; code: 67108964; resource: /home/usman/Documents/Github/University/Winter 2021/Comp 3220/3220-workspace/A5_105219637/A5Src/A5Test/CompanyEmployeePayrollTest.java; line: 59
 message: The method assertEquals(String, String) is undefined for the type CompanyEmployeePayrollTest; code: 67108964; resource: /home/usman/Documents/Github/University/Winter 2021/Comp 3220/3220-workspace/A5_105219637/A5Src/A5Test/CompanyEmployeePayrollTest.java; line: 60
 message: The method assertEquals(int, double) is undefined for the type CompanyEmployeePayrollTest; code: 67108964; resource: /home/usman/Documents/Github/University/Winter 2021/Comp 3220/3220-workspace/A5_105219637/A5Src/A5Test/CompanyEmployeePayrollTest.java; line: 61
 message: The method assertEquals(double, double) is undefined for the type CompanyEmployeePayrollTest; code: 67108964; resource: /home/usman/Documents/Github/University/Winter 2021/Comp 3220/3220-workspace/A5_105219637/A5Src/A5Test/CompanyEmployeePayrollTest.java; line: 62
 message: The method assertEquals(int, double) is undefined for the type CompanyEmployeePayrollTest; code: 67108964; resource: /home/usman/Documents/Github/University/Winter 2021/Comp 3220/3220-workspace/A5_105219637/A5Src/A5Test/CompanyEmployeePayrollTest.java; line: 63
 message: The method assertEquals(int, double) is undefined for the type CompanyEmployeePayrollTest; code: 67108964; resource: /home/usman/Documents/Github/University/Winter 2021/Comp 3220/3220-workspace/A5_105219637/A5Src/A5Test/CompanyEmployeePayrollTest.java; line: 64
 message: Test cannot be resolved to a type; code: 16777218; resource: /home/usman/Documents/Github/University/Winter 2021/Comp 3220/3220-workspace/A5_105219637/A5Src/A5Test/CompanyEmployeePayrollTest.java; line: 66
 message: The method assertEquals(String, String) is undefined for the type CompanyEmployeePayrollTest; code: 67108964; resource: /home/usman/Documents/Github/University/Winter 2021/Comp 3220/3220-workspace/A5_105219637/A5Src/A5Test/CompanyEmployeePayrollTest.java; line: 72
 message: The method assertEquals(String, String) is undefined for the type CompanyEmployeePayrollTest; code: 67108964; resource: /home/usman/Documents/Github/University/Winter 2021/Comp 3220/3220-workspace/A5_105219637/A5Src/A5Test/CompanyEmployeePayrollTest.java; line: 73
 message: The method assertEquals(String, String) is undefined for the type CompanyEmployeePayrollTest; code: 67108964; resource: /home/usman/Documents/Github/University/Winter 2021/Comp 3220/3220-workspace/A5_105219637/A5Src/A5Test/CompanyEmployeePayrollTest.java; line: 74
 message: Test cannot be resolved to a type; code: 16777218; resource: /home/usman/Documents/Github/University/Winter 2021/Comp 3220/3220-workspace/A5_105219637/A5Src/A5Test/CompanyEmployeePayrollTest.java; line: 76
 message: The method assertEquals(String, String) is undefined for the type CompanyEmployeePayrollTest; code: 67108964; resource: /home/usman/Documents/Github/University/Winter 2021/Comp 3220/3220-workspace/A5_105219637/A5Src/A5Test/CompanyEmployeePayrollTest.java; line: 85
 message: The method assertEquals(String, String) is undefined for the type CompanyEmployeePayrollTest; code: 67108964; resource: /home/usman/Documents/Github/University/Winter 2021/Comp 3220/3220-workspace/A5_105219637/A5Src/A5Test/CompanyEmployeePayrollTest.java; line: 86
 message: The method assertEquals(String, String) is undefined for the type CompanyEmployeePayrollTest; code: 67108964; resource: /home/usman/Documents/Github/University/Winter 2021/Comp 3220/3220-workspace/A5_105219637/A5Src/A5Test/CompanyEmployeePayrollTest.java; line: 87
 message: The method assertEquals(double, double) is undefined for the type CompanyEmployeePayrollTest; code: 67108964; resource: /home/usman/Documents/Github/University/Winter 2021/Comp 3220/3220-workspace/A5_105219637/A5Src/A5Test/CompanyEmployeePayrollTest.java; line: 88
 message: The method assertEquals(int, double) is undefined for the type CompanyEmployeePayrollTest; code: 67108964; resource: /home/usman/Documents/Github/University/Winter 2021/Comp 3220/3220-workspace/A5_105219637/A5Src/A5Test/CompanyEmployeePayrollTest.java; line: 89
 message: The method assertEquals(int, double) is undefined for the type CompanyEmployeePayrollTest; code: 67108964; resource: /home/usman/Documents/Github/University/Winter 2021/Comp 3220/3220-workspace/A5_105219637/A5Src/A5Test/CompanyEmployeePayrollTest.java; line: 90
 message: Test cannot be resolved to a type; code: 16777218; resource: /home/usman/Documents/Github/University/Winter 2021/Comp 3220/3220-workspace/A5_105219637/A5Src/A5Test/CompanyEmployeePayrollTest.java; line: 94
 message: The method assertEquals(String, String) is undefined for the type CompanyEmployeePayrollTest; code: 67108964; resource: /home/usman/Documents/Github/University/Winter 2021/Comp 3220/3220-workspace/A5_105219637/A5Src/A5Test/CompanyEmployeePayrollTest.java; line: 103
 message: The method assertEquals(String, String) is undefined for the type CompanyEmployeePayrollTest; code: 67108964; resource: /home/usman/Documents/Github/University/Winter 2021/Comp 3220/3220-workspace/A5_105219637/A5Src/A5Test/CompanyEmployeePayrollTest.java; line: 104
 message: The method assertEquals(String, String) is undefined for the type CompanyEmployeePayrollTest; code: 67108964; resource: /home/usman/Documents/Github/University/Winter 2021/Comp 3220/3220-workspace/A5_105219637/A5Src/A5Test/CompanyEmployeePayrollTest.java; line: 105
 message: The method assertEquals(int, double) is undefined for the type CompanyEmployeePayrollTest; code: 67108964; resource: /home/usman/Documents/Github/University/Winter 2021/Comp 3220/3220-workspace/A5_105219637/A5Src/A5Test/CompanyEmployeePayrollTest.java; line: 106
 message: The method assertEquals(int, double) is undefined for the type CompanyEmployeePayrollTest; code: 67108964; resource: /home/usman/Documents/Github/University/Winter 2021/Comp 3220/3220-workspace/A5_105219637/A5Src/A5Test/CompanyEmployeePayrollTest.java; line: 107
 message: The method assertEquals(int, double) is undefined for the type CompanyEmployeePayrollTest; code: 67108964; resource: /home/usman/Documents/Github/University/Winter 2021/Comp 3220/3220-workspace/A5_105219637/A5Src/A5Test/CompanyEmployeePayrollTest.java; line: 108
 message: The project was not built since its build path is incomplete. Cannot find the class file for java.lang.Object. Fix the build path then try building this project; code: 0; resource: /home/usman/Documents/Github/University/Winter 2021/Comp 3220/3220-workspace/A7_105219637;
 message: The type java.lang.Object cannot be resolved. It is indirectly referenced from required .class files; code: 16777540; resource: /home/usman/Documents/Github/University/Winter 2021/Comp 3220/3220-workspace/A7_105219637/src/CompositePattern/Assembly.java; line: 1
 message: The project was not built since its build path is incomplete. Cannot find the class file for java.lang.Object. Fix the build path then try building this project; code: 0; resource: /home/usman/Documents/Github/University/Winter 2021/Comp 3220/3220-workspace/A8_105219637;
 message: The type java.lang.Object cannot be resolved. It is indirectly referenced from required .class files; code: 16777540; resource: /home/usman/Documents/Github/University/Winter 2021/Comp 3220/3220-workspace/A8_105219637/src/ObserverPattern/Channel.java; line: 1
 message: Project 'Comp2800W21' is missing required library: 'C:/Users/ufben/Desktop/jars4java3D/jogamp-fat.jar'; code: 964; resource: /home/usman/Documents/Github/University/Winter 2021/Comp 2800/Comp2800W21;
 message: Project 'Comp2800W21' is missing required library: 'C:/Users/ufben/Desktop/jars4java3D/vecmath.jar'; code: 964; resource: /home/usman/Documents/Github/University/Winter 2021/Comp 2800/Comp2800W21;
 message: The project cannot be built until build path errors are resolved; code: 0; resource: /home/usman/Documents/Github/University/Winter 2021/Comp 2800/Comp2800W21;
 message: Project 'Comp2800W21' is missing required library: 'C:/Users/ufben/Desktop/jars4java3D/j3dcore.jar'; code: 964; resource: /home/usman/Documents/Github/University/Winter 2021/Comp 2800/Comp2800W21;
 message: Project 'Comp2800W21' is missing required library: 'C:/Users/ufben/Desktop/jars4java3D/j3dexamples.jar'; code: 964; resource: /home/usman/Documents/Github/University/Winter 2021/Comp 2800/Comp2800W21;
 message: Project 'Comp2800W21' is missing required library: 'C:/Users/ufben/Desktop/jars4java3D/j3dutils.jar'; code: 964; resource: /home/usman/Documents/Github/University/Winter 2021/Comp 2800/Comp2800W21;
 message: Invalid classpath container: 'JUnit 5' in project 'SampleJUnit'; code: 962; resource: /home/usman/Documents/Github/University/Winter 2021/Comp 3220/Assignment5/SampleJUnit;
 message: The project cannot be built until build path errors are resolved; code: 0; resource: /home/usman/Documents/Github/University/Winter 2021/Comp 3220/Assignment5/SampleJUnit;
 message: The project was not built since its build path is incomplete. Cannot find the class file for java.lang.Object. Fix the build path then try building this project; code: 0; resource: /home/usman/Documents/Github/University/Winter 2021/Comp 3220/A6/TaxProcessing;
 message: The type java.lang.Object cannot be resolved. It is indirectly referenced from required .class files; code: 16777540; resource: /home/usman/Documents/Github/University/Winter 2021/Comp 3220/A6/TaxProcessing/src/AbstractFactory/CalculateTax.java; line: 1
 message: The project cannot be built until build path errors are resolved; code: 0; resource: /home/usman/Documents/Github/University/Winter 2021/Comp 3220/Assignment6/TaxProcessingBb;
 message: Project 'TaxProcessingBb' is missing required source folder: 'src'; code: 964; resource: /home/usman/Documents/Github/University/Winter 2021/Comp 3220/Assignment6/TaxProcessingBb;

!ENTRY org.eclipse.jdt.ls.core 1 0 2022-04-05 19:02:20.915
!MESSAGE Reconciled 0. Took 3 ms

!ENTRY org.eclipse.jdt.ls.core 1 0 2022-04-05 19:02:21.081
!MESSAGE begin problem for /A5.java

!ENTRY org.eclipse.jdt.ls.core 1 0 2022-04-05 19:02:21.081
!MESSAGE 1 problems reported for /A5.java

!ENTRY org.eclipse.jdt.ls.core 1 0 2022-04-05 19:02:21.084
!MESSAGE Validated 1. Took 123 ms

!ENTRY org.eclipse.jdt.ls.core 1 0 2022-04-05 19:02:21.102
!MESSAGE >> build jobs finished

!ENTRY org.eclipse.jdt.ls.core 1 0 2022-04-05 19:02:21.125
!MESSAGE >> registerFeature 'workspace/didChangeWatchedFiles'

!ENTRY org.eclipse.jdt.ls.core 1 0 2022-04-05 19:02:21.126
!MESSAGE >> registerFeature 'workspace/didChangeWatchedFiles'

!ENTRY org.eclipse.jdt.ls.core 1 0 2022-04-05 19:02:21.127
!MESSAGE >> watchers registered

!ENTRY org.eclipse.jdt.ls.core 1 0 2022-04-05 19:02:21.338
!MESSAGE >> registerFeature 'workspace/didChangeWatchedFiles'

!ENTRY org.eclipse.core.resources 4 2 2022-04-05 19:07:19.995
!MESSAGE Problems occurred when invoking code from plug-in: "org.eclipse.core.resources".
!STACK 0
java.lang.NullPointerException
	at org.eclipse.jdt.internal.compiler.util.HashtableOfObjectToInt.get(HashtableOfObjectToInt.java:75)
	at org.eclipse.jdt.internal.core.JavaModelManager$VariablesAndContainersSaveHelper.saveNewId(JavaModelManager.java:4581)
	at org.eclipse.jdt.internal.core.JavaModelManager$VariablesAndContainersSaveHelper.saveClasspathEntry(JavaModelManager.java:4535)
	at org.eclipse.jdt.internal.core.JavaModelManager$VariablesAndContainersSaveHelper.saveClasspathEntries(JavaModelManager.java:4530)
	at org.eclipse.jdt.internal.core.JavaModelManager$VariablesAndContainersSaveHelper.saveContainers(JavaModelManager.java:4572)
	at org.eclipse.jdt.internal.core.JavaModelManager$VariablesAndContainersSaveHelper.saveProjects(JavaModelManager.java:4636)
	at org.eclipse.jdt.internal.core.JavaModelManager$VariablesAndContainersSaveHelper.save(JavaModelManager.java:4477)
	at org.eclipse.jdt.internal.core.JavaModelManager.saveVariablesAndContainers(JavaModelManager.java:4448)
	at org.eclipse.jdt.internal.core.JavaModelManager.saving(JavaModelManager.java:4680)
	at org.eclipse.core.internal.resources.SaveManager.executeLifecycle(SaveManager.java:387)
	at org.eclipse.core.internal.resources.SaveManager$1.run(SaveManager.java:204)
	at org.eclipse.core.runtime.SafeRunner.run(SafeRunner.java:45)
	at org.eclipse.core.internal.resources.SaveManager.broadcastLifecycle(SaveManager.java:207)
	at org.eclipse.core.internal.resources.SaveManager.save(SaveManager.java:1164)
	at org.eclipse.core.internal.resources.SaveManager.save(SaveManager.java:1143)
	at org.eclipse.core.internal.resources.DelayedSnapshotJob.run(DelayedSnapshotJob.java:55)
	at org.eclipse.core.internal.jobs.Worker.run(Worker.java:63)

!ENTRY org.eclipse.core.resources 2 2 2022-04-05 19:07:20.005
!MESSAGE Save operation warnings.
!SUBENTRY 1 org.eclipse.core.resources 2 566 2022-04-05 19:07:20.005
!MESSAGE Problems occurred during save.
!STACK 0
java.lang.NullPointerException
	at org.eclipse.jdt.internal.compiler.util.HashtableOfObjectToInt.get(HashtableOfObjectToInt.java:75)
	at org.eclipse.jdt.internal.core.JavaModelManager$VariablesAndContainersSaveHelper.saveNewId(JavaModelManager.java:4581)
	at org.eclipse.jdt.internal.core.JavaModelManager$VariablesAndContainersSaveHelper.saveClasspathEntry(JavaModelManager.java:4535)
	at org.eclipse.jdt.internal.core.JavaModelManager$VariablesAndContainersSaveHelper.saveClasspathEntries(JavaModelManager.java:4530)
	at org.eclipse.jdt.internal.core.JavaModelManager$VariablesAndContainersSaveHelper.saveContainers(JavaModelManager.java:4572)
	at org.eclipse.jdt.internal.core.JavaModelManager$VariablesAndContainersSaveHelper.saveProjects(JavaModelManager.java:4636)
	at org.eclipse.jdt.internal.core.JavaModelManager$VariablesAndContainersSaveHelper.save(JavaModelManager.java:4477)
	at org.eclipse.jdt.internal.core.JavaModelManager.saveVariablesAndContainers(JavaModelManager.java:4448)
	at org.eclipse.jdt.internal.core.JavaModelManager.saving(JavaModelManager.java:4680)
	at org.eclipse.core.internal.resources.SaveManager.executeLifecycle(SaveManager.java:387)
	at org.eclipse.core.internal.resources.SaveManager$1.run(SaveManager.java:204)
	at org.eclipse.core.runtime.SafeRunner.run(SafeRunner.java:45)
	at org.eclipse.core.internal.resources.SaveManager.broadcastLifecycle(SaveManager.java:207)
	at org.eclipse.core.internal.resources.SaveManager.save(SaveManager.java:1164)
	at org.eclipse.core.internal.resources.SaveManager.save(SaveManager.java:1143)
	at org.eclipse.core.internal.resources.DelayedSnapshotJob.run(DelayedSnapshotJob.java:55)
	at org.eclipse.core.internal.jobs.Worker.run(Worker.java:63)
